
> @protofire/dia-cardano-oracle-cli@0.1.0 cli
> tsx src/index.ts update --intent ./state/preview_run_20260516-090057/intents/btc-usd.signed.json --protocol-state ./state/preview_run_20260516-090057/config-bootstrap.json --client-state ./state/preview_run_20260516-090057/clients/client-a.json --state ./state/preview_run_20260516-090057/clients/client-a/pairs/btc-usd.json

[1G[0K[update] Loading signed intent from /home/manuelpadilla/sources/reposUbuntu/PROTOFIRE/DIA/dia-cardano-oracle/offchain/cli/state/preview_run_20260516-090057/intents/btc-usd.signed.json
[update] Loading client and protocol state
[update] Connecting to Preview and selecting the configured wallet
[update] Building Preview oracle update transaction
[update] Tx resources: fee=0.797793 ADA (797793 lovelace), cpu=700398558, mem=1928536
[update] Output[0] | addr=addr_test1wrq0...lrcktv | lovelace=5.000000 ADA (5000000) | assets=c0f62932ab92...c2a497=1 | datum=inline(95B)
[update] Output[1] | addr=addr_test1wrn8...5wsl3w | lovelace=35.000000 ADA (35000000) | assets=e6764dc87450...545f41=1 | datum=inline(19B)
[update] Output[2] | addr=addr_test1qpgp...quxj3j | lovelace=2998.610529 ADA (2998610529)
[update] Unsigned transaction ready: 23912c205d099490c1400656eca0df2ae63a96f5d472e6793ea96de3bd0d9639
[update] Submitted transaction hash: 23912c205d099490c1400656eca0df2ae63a96f5d472e6793ea96de3bd0d9639
[update] Confirmed by Blockfrost: oracle update transaction 23912c205d099490c1400656eca0df2ae63a96f5d472e6793ea96de3bd0d9639.
[cli] Wrote JSON output to /home/manuelpadilla/sources/reposUbuntu/PROTOFIRE/DIA/dia-cardano-oracle/offchain/cli/state/preview_run_20260516-090057/clients/client-a/pairs/btc-usd.json
{
  "wallet": {
    "source": "seed",
    "address": "addr_test1qpgpsm75w7l9u6au7shqzsaulrtxz2gp6xw9zhun70es6tt4t3wsjavx26kmh586erf8xxhqc2y7urq5az32sjv56nyqquxj3j"
  },
  "pair": {
    "tokenName": "8a3859b168b77160150b13c200392328254c3758f082050fd7ec5c340ac2a497",
    "pairId": "4254432f555344",
    "pairUnit": "c0f62932ab92ebe5d1b01d539e597b9067ebf34aeab391de0a58cf888a3859b168b77160150b13c200392328254c3758f082050fd7ec5c340ac2a497",
    "pairValidatorAddress": "addr_test1wrq0v2fj4wfwhew3kqw488je0wgx06lnft4t8yw7pfvvlzqlrcktv"
  },
  "pairState": {
    "pairId": "4254432f555344",
    "price": "6000000000000",
    "timestamp": "1778923420",
    "nonce": "1778923420000",
    "intentHash": "90bae77d4bab93e2e42bd08975d57d8e50ceed61e59c12ff3b8fde74a5a7b3f5",
    "signer": "2b1c7eff297766569966b630a6862947a8e5285a",
    "minUtxoLovelace": "5000000",
    "intent": {
      "intentType": "OracleUpdate",
      "version": "1.0",
      "chainId": "100640",
      "nonce": "1778923420000",
      "expiry": "1778927020",
      "symbol": "BTC/USD",
      "price": "6000000000000",
      "timestamp": "1778923420",
      "source": "DIA Oracle",
      "signature": "065b23116859ba35e23bf50f021cef3e1bb755233258ff85bf9ede9cc1990c5969c655f8c3a5d940631164c8b00e805572368b60432c6acbaa277eade861520f1c",
      "signer": "0x2b1c7eff297766569966b630a6862947a8e5285a"
    }
  },
  "datum": {
    "pairCbor": "d8799f474254432f5553441b00000574fbde60001a6a08379c1b0000019e30193960582090bae77d4bab93e2e42bd08975d57d8e50ceed61e59c12ff3b8fde74a5a7b3f5542b1c7eff297766569966b630a6862947a8e5285a1a004c4b40ff"
  },
  "transactions": [
    {
      "step": "preview:update",
      "submittedTxHash": "23912c205d099490c1400656eca0df2ae63a96f5d472e6793ea96de3bd0d9639",
      "confirmed": true
    }
  ]
}
[1G[0K⠙[1G[0K