
> @protofire/dia-cardano-oracle-cli@0.1.0 cli
> tsx src/index.ts update --intent ./state/preview_run_20260516-090057/intents/eth-usd.signed.json --protocol-state ./state/preview_run_20260516-090057/config-bootstrap.json --client-state ./state/preview_run_20260516-090057/clients/client-a.json --state ./state/preview_run_20260516-090057/clients/client-a/pairs/eth-usd.json

[1G[0K[update] Loading signed intent from /home/manuelpadilla/sources/reposUbuntu/PROTOFIRE/DIA/dia-cardano-oracle/offchain/cli/state/preview_run_20260516-090057/intents/eth-usd.signed.json
[update] Loading client and protocol state
[update] Connecting to Preview and selecting the configured wallet
[update] Building Preview oracle update transaction
[update] Tx resources: fee=0.797793 ADA (797793 lovelace), cpu=700398558, mem=1928536
[update] Output[0] | addr=addr_test1wrq0...lrcktv | lovelace=5.000000 ADA (5000000) | assets=c0f62932ab92...3849f4=1 | datum=inline(95B)
[update] Output[1] | addr=addr_test1wrn8...5wsl3w | lovelace=35.000000 ADA (35000000) | assets=e6764dc87450...545f41=1 | datum=inline(19B)
[update] Output[2] | addr=addr_test1qpgp...quxj3j | lovelace=2992.812736 ADA (2992812736)
[update] Unsigned transaction ready: 7c260bb19bac3788957bcf190e953cbfdb1da19deb005ce6f57d1c5193dbdaa6
[update] Submitted transaction hash: 7c260bb19bac3788957bcf190e953cbfdb1da19deb005ce6f57d1c5193dbdaa6
[update] Confirmed by Blockfrost: oracle update transaction 7c260bb19bac3788957bcf190e953cbfdb1da19deb005ce6f57d1c5193dbdaa6.
[cli] Wrote JSON output to /home/manuelpadilla/sources/reposUbuntu/PROTOFIRE/DIA/dia-cardano-oracle/offchain/cli/state/preview_run_20260516-090057/clients/client-a/pairs/eth-usd.json
{
  "wallet": {
    "source": "seed",
    "address": "addr_test1qpgpsm75w7l9u6au7shqzsaulrtxz2gp6xw9zhun70es6tt4t3wsjavx26kmh586erf8xxhqc2y7urq5az32sjv56nyqquxj3j"
  },
  "pair": {
    "tokenName": "3d7739c2406edbe3bb594b8f762cf67a2c889a162f2234dc17841f61d33849f4",
    "pairId": "4554482f555344",
    "pairUnit": "c0f62932ab92ebe5d1b01d539e597b9067ebf34aeab391de0a58cf883d7739c2406edbe3bb594b8f762cf67a2c889a162f2234dc17841f61d33849f4",
    "pairValidatorAddress": "addr_test1wrq0v2fj4wfwhew3kqw488je0wgx06lnft4t8yw7pfvvlzqlrcktv"
  },
  "pairState": {
    "pairId": "4554482f555344",
    "price": "250000000000",
    "timestamp": "1778923551",
    "nonce": "1778923551000",
    "intentHash": "524244d5b621f5f333545e259f22527b1875fcdfb00c3ad6975c1f8470e29b86",
    "signer": "2b1c7eff297766569966b630a6862947a8e5285a",
    "minUtxoLovelace": "5000000",
    "intent": {
      "intentType": "OracleUpdate",
      "version": "1.0",
      "chainId": "100640",
      "nonce": "1778923551000",
      "expiry": "1778927151",
      "symbol": "ETH/USD",
      "price": "250000000000",
      "timestamp": "1778923551",
      "source": "DIA Oracle",
      "signature": "a958fef1dcd3e9bd48596ac92f8417b3a15a73b1c4aa51050b8b6883986bd374027220535042d8281d6a7248c8d8a1120454f029917780165c80bbb8959596501b",
      "signer": "0x2b1c7eff297766569966b630a6862947a8e5285a"
    }
  },
  "datum": {
    "pairCbor": "d8799f474554482f5553441b0000003a352944001a6a08381f1b0000019e301b39185820524244d5b621f5f333545e259f22527b1875fcdfb00c3ad6975c1f8470e29b86542b1c7eff297766569966b630a6862947a8e5285a1a004c4b40ff"
  },
  "transactions": [
    {
      "step": "preview:update",
      "submittedTxHash": "7c260bb19bac3788957bcf190e953cbfdb1da19deb005ce6f57d1c5193dbdaa6",
      "confirmed": true
    }
  ]
}
[1G[0K⠙[1G[0K