[run] intent:create-and-sign --state ./state/preview_run_20260516-090057/config-bootstrap.json --intent-type OracleUpdate --symbol ETH/USD --price 250000000000 --source "DIA Oracle" --out ./state/preview_run_20260516-090057/intents/eth-usd.signed.json

> @protofire/dia-cardano-oracle-cli@0.1.0 cli
> tsx src/index.ts intent:create-and-sign --state ./state/preview_run_20260516-090057/config-bootstrap.json --intent-type OracleUpdate --symbol ETH/USD --price 250000000000 --source DIA Oracle --out ./state/preview_run_20260516-090057/intents/eth-usd.signed.json

[1G[0K[cli] Wrote JSON output to /home/manuelpadilla/sources/reposUbuntu/PROTOFIRE/DIA/dia-cardano-oracle/offchain/cli/state/preview_run_20260516-090057/intents/eth-usd.signed.json
{
  "intent": {
    "intentType": "OracleUpdate",
    "version": "1.0",
    "chainId": "100640",
    "nonce": "1778923551000",
    "expiry": "1778927151",
    "symbol": "ETH/USD",
    "price": "250000000000",
    "timestamp": "1778923551",
    "source": "DIA Oracle",
    "signature": "0xa958fef1dcd3e9bd48596ac92f8417b3a15a73b1c4aa51050b8b6883986bd374027220535042d8281d6a7248c8d8a1120454f029917780165c80bbb8959596501b",
    "signer": "0x2b1c7eff297766569966b630a6862947a8e5285a"
  },
  "witness": {
    "signerPublicKey": "02d78ade9f8a9c064c8c588dba903df0cc0118596b9ec65f665dea1b448519f531",
    "signerAddress": "0x2b1c7eff297766569966b630a6862947a8e5285a",
    "intentHash": "524244d5b621f5f333545e259f22527b1875fcdfb00c3ad6975c1f8470e29b86",
    "compactSignature": "a958fef1dcd3e9bd48596ac92f8417b3a15a73b1c4aa51050b8b6883986bd374027220535042d8281d6a7248c8d8a1120454f029917780165c80bbb895959650"
  }
}
[1G[0K⠙[1G[0K