
> @protofire/dia-cardano-oracle-cli@0.1.0 cli
> tsx src/index.ts update --intent ./state/preview_run_20260516-090057/intents/usdt-usd.signed.json --protocol-state ./state/preview_run_20260516-090057/config-bootstrap.json --client-state ./state/preview_run_20260516-090057/clients/client-a.json --state ./state/preview_run_20260516-090057/clients/client-a/pairs/usdt-usd.json

[1G[0K[update] Loading signed intent from /home/manuelpadilla/sources/reposUbuntu/PROTOFIRE/DIA/dia-cardano-oracle/offchain/cli/state/preview_run_20260516-090057/intents/usdt-usd.signed.json
[update] Loading client and protocol state
[update] Connecting to Preview and selecting the configured wallet
[update] Building Preview oracle update transaction
[update] Tx resources: fee=0.797529 ADA (797529 lovelace), cpu=700398558, mem=1928536
[update] Output[0] | addr=addr_test1wrq0...lrcktv | lovelace=5.000000 ADA (5000000) | assets=c0f62932ab92...29d315=1 | datum=inline(92B)
[update] Output[1] | addr=addr_test1wrn8...5wsl3w | lovelace=35.000000 ADA (35000000) | assets=e6764dc87450...545f41=1 | datum=inline(19B)
[update] Output[2] | addr=addr_test1qpgp...quxj3j | lovelace=2981.217766 ADA (2981217766)
[update] Unsigned transaction ready: 4f05d6add5737a241261b70bbc2cf7f6104383e9840fbb17cf55ec069309c61f
[update] Submitted transaction hash: 4f05d6add5737a241261b70bbc2cf7f6104383e9840fbb17cf55ec069309c61f
[update] Confirmed by Blockfrost: oracle update transaction 4f05d6add5737a241261b70bbc2cf7f6104383e9840fbb17cf55ec069309c61f.
[cli] Wrote JSON output to /home/manuelpadilla/sources/reposUbuntu/PROTOFIRE/DIA/dia-cardano-oracle/offchain/cli/state/preview_run_20260516-090057/clients/client-a/pairs/usdt-usd.json
{
  "wallet": {
    "source": "seed",
    "address": "addr_test1qpgpsm75w7l9u6au7shqzsaulrtxz2gp6xw9zhun70es6tt4t3wsjavx26kmh586erf8xxhqc2y7urq5az32sjv56nyqquxj3j"
  },
  "pair": {
    "tokenName": "5ec9fa6a8337c83985882517e4865a68763912f37490cffe992a26abfd29d315",
    "pairId": "555344542f555344",
    "pairUnit": "c0f62932ab92ebe5d1b01d539e597b9067ebf34aeab391de0a58cf885ec9fa6a8337c83985882517e4865a68763912f37490cffe992a26abfd29d315",
    "pairValidatorAddress": "addr_test1wrq0v2fj4wfwhew3kqw488je0wgx06lnft4t8yw7pfvvlzqlrcktv"
  },
  "pairState": {
    "pairId": "555344542f555344",
    "price": "100001234",
    "timestamp": "1778923885",
    "nonce": "1778923885000",
    "intentHash": "7bb10517abc4020b7da20d7b5b6776a4de8d17c1295ddac44cf241c6af2b9be5",
    "signer": "2b1c7eff297766569966b630a6862947a8e5285a",
    "minUtxoLovelace": "5000000",
    "intent": {
      "intentType": "OracleUpdate",
      "version": "1.0",
      "chainId": "100640",
      "nonce": "1778923885000",
      "expiry": "1778927485",
      "symbol": "USDT/USD",
      "price": "100001234",
      "timestamp": "1778923885",
      "source": "DIA Oracle",
      "signature": "c8b728a306eee6a86f778d20bf291d82200aac803a28d9435ab1f68cd97cc39d488d070b49bbd1ca42756a02479aa83c866dd63f245d85279b80d4aca798ea9c1b",
      "signer": "0x2b1c7eff297766569966b630a6862947a8e5285a"
    }
  },
  "datum": {
    "pairCbor": "d8799f48555344542f5553441a05f5e5d21a6a08396d1b0000019e302051c858207bb10517abc4020b7da20d7b5b6776a4de8d17c1295ddac44cf241c6af2b9be5542b1c7eff297766569966b630a6862947a8e5285a1a004c4b40ff"
  },
  "transactions": [
    {
      "step": "preview:update",
      "submittedTxHash": "4f05d6add5737a241261b70bbc2cf7f6104383e9840fbb17cf55ec069309c61f",
      "confirmed": true
    }
  ]
}
[1G[0K⠙[1G[0K