
> @protofire/dia-cardano-oracle-cli@0.1.0 cli
> tsx src/index.ts update --intent ./state/preview_run_20260516-090057/intents/dai-usd.signed.json --protocol-state ./state/preview_run_20260516-090057/config-bootstrap.json --client-state ./state/preview_run_20260516-090057/clients/client-a.json --state ./state/preview_run_20260516-090057/clients/client-a/pairs/dai-usd.json

[1G[0K[update] Loading signed intent from /home/manuelpadilla/sources/reposUbuntu/PROTOFIRE/DIA/dia-cardano-oracle/offchain/cli/state/preview_run_20260516-090057/intents/dai-usd.signed.json
[update] Loading client and protocol state
[update] Connecting to Preview and selecting the configured wallet
[update] Building Preview oracle update transaction
[update] Tx resources: fee=0.797441 ADA (797441 lovelace), cpu=700398558, mem=1928536
[update] Output[0] | addr=addr_test1wrq0...lrcktv | lovelace=5.000000 ADA (5000000) | assets=c0f62932ab92...ff2852=1 | datum=inline(91B)
[update] Output[1] | addr=addr_test1wrn8...5wsl3w | lovelace=35.000000 ADA (35000000) | assets=e6764dc87450...545f41=1 | datum=inline(19B)
[update] Output[2] | addr=addr_test1qpgp...quxj3j | lovelace=2975.420325 ADA (2975420325)
[update] Unsigned transaction ready: b22470ee2394474b5b5da30a59d7c1efe8a6ba84ec7adee7214e27dcd2fd4131
[update] Submitted transaction hash: b22470ee2394474b5b5da30a59d7c1efe8a6ba84ec7adee7214e27dcd2fd4131
[update] Confirmed by Blockfrost: oracle update transaction b22470ee2394474b5b5da30a59d7c1efe8a6ba84ec7adee7214e27dcd2fd4131.
[cli] Wrote JSON output to /home/manuelpadilla/sources/reposUbuntu/PROTOFIRE/DIA/dia-cardano-oracle/offchain/cli/state/preview_run_20260516-090057/clients/client-a/pairs/dai-usd.json
{
  "wallet": {
    "source": "seed",
    "address": "addr_test1qpgpsm75w7l9u6au7shqzsaulrtxz2gp6xw9zhun70es6tt4t3wsjavx26kmh586erf8xxhqc2y7urq5az32sjv56nyqquxj3j"
  },
  "pair": {
    "tokenName": "0ae6401fc15363e085cf3d2f90ae10566e797d8686ab048ba30f5914c7ff2852",
    "pairId": "4441492f555344",
    "pairUnit": "c0f62932ab92ebe5d1b01d539e597b9067ebf34aeab391de0a58cf880ae6401fc15363e085cf3d2f90ae10566e797d8686ab048ba30f5914c7ff2852",
    "pairValidatorAddress": "addr_test1wrq0v2fj4wfwhew3kqw488je0wgx06lnft4t8yw7pfvvlzqlrcktv"
  },
  "pairState": {
    "pairId": "4441492f555344",
    "price": "100000345",
    "timestamp": "1778924022",
    "nonce": "1778924022000",
    "intentHash": "a509391d1aad2288ebfeaeeff5221d87fb20568b6925a788fc692f4524352c05",
    "signer": "2b1c7eff297766569966b630a6862947a8e5285a",
    "minUtxoLovelace": "5000000",
    "intent": {
      "intentType": "OracleUpdate",
      "version": "1.0",
      "chainId": "100640",
      "nonce": "1778924022000",
      "expiry": "1778927622",
      "symbol": "DAI/USD",
      "price": "100000345",
      "timestamp": "1778924022",
      "source": "DIA Oracle",
      "signature": "95d8ba4596181aa238526d6e4627762b0198d975b510c794444a69ada4c58ea05c7bc8a405824b95022e65474c13b697420f4d5a62a32735296a671130bd86dd1c",
      "signer": "0x2b1c7eff297766569966b630a6862947a8e5285a"
    }
  },
  "datum": {
    "pairCbor": "d8799f474441492f5553441a05f5e2591a6a0839f61b0000019e302268f05820a509391d1aad2288ebfeaeeff5221d87fb20568b6925a788fc692f4524352c05542b1c7eff297766569966b630a6862947a8e5285a1a004c4b40ff"
  },
  "transactions": [
    {
      "step": "preview:update",
      "submittedTxHash": "b22470ee2394474b5b5da30a59d7c1efe8a6ba84ec7adee7214e27dcd2fd4131",
      "confirmed": true
    }
  ]
}
[1G[0K⠙[1G[0K