
> @protofire/dia-cardano-oracle-cli@0.1.0 cli
> tsx src/index.ts update --intent ./state/preview_run_20260516-090057/intents/sol-usd.signed.json --protocol-state ./state/preview_run_20260516-090057/config-bootstrap.json --client-state ./state/preview_run_20260516-090057/clients/client-a.json --state ./state/preview_run_20260516-090057/clients/client-a/pairs/sol-usd.json

[1G[0K[update] Loading signed intent from /home/manuelpadilla/sources/reposUbuntu/PROTOFIRE/DIA/dia-cardano-oracle/offchain/cli/state/preview_run_20260516-090057/intents/sol-usd.signed.json
[update] Loading client and protocol state
[update] Connecting to Preview and selecting the configured wallet
[update] Building Preview oracle update transaction
[update] Tx resources: fee=0.797793 ADA (797793 lovelace), cpu=700398558, mem=1928536
[update] Output[0] | addr=addr_test1wrq0...lrcktv | lovelace=5.000000 ADA (5000000) | assets=c0f62932ab92...bbbe64=1 | datum=inline(95B)
[update] Output[1] | addr=addr_test1wrn8...5wsl3w | lovelace=35.000000 ADA (35000000) | assets=e6764dc87450...545f41=1 | datum=inline(19B)
[update] Output[2] | addr=addr_test1qpgp...quxj3j | lovelace=2969.622532 ADA (2969622532)
[update] Unsigned transaction ready: cde1e4757a9145deb4a592edf47b89a971d06e014743b4d7a387a3898c92da70
[update] Submitted transaction hash: cde1e4757a9145deb4a592edf47b89a971d06e014743b4d7a387a3898c92da70
[update] Confirmed by Blockfrost: oracle update transaction cde1e4757a9145deb4a592edf47b89a971d06e014743b4d7a387a3898c92da70.
[cli] Wrote JSON output to /home/manuelpadilla/sources/reposUbuntu/PROTOFIRE/DIA/dia-cardano-oracle/offchain/cli/state/preview_run_20260516-090057/clients/client-a/pairs/sol-usd.json
{
  "wallet": {
    "source": "seed",
    "address": "addr_test1qpgpsm75w7l9u6au7shqzsaulrtxz2gp6xw9zhun70es6tt4t3wsjavx26kmh586erf8xxhqc2y7urq5az32sjv56nyqquxj3j"
  },
  "pair": {
    "tokenName": "396545cb87b0103c8ddb5ff4329eeff88e2aef114f76b0807b21ce3d68bbbe64",
    "pairId": "534f4c2f555344",
    "pairUnit": "c0f62932ab92ebe5d1b01d539e597b9067ebf34aeab391de0a58cf88396545cb87b0103c8ddb5ff4329eeff88e2aef114f76b0807b21ce3d68bbbe64",
    "pairValidatorAddress": "addr_test1wrq0v2fj4wfwhew3kqw488je0wgx06lnft4t8yw7pfvvlzqlrcktv"
  },
  "pairState": {
    "pairId": "534f4c2f555344",
    "price": "18500000000",
    "timestamp": "1778924141",
    "nonce": "1778924141000",
    "intentHash": "fab9c6d5530572fe6cf53aaf51cc6377c8a2f27a844380de72094f77f1b8b3c1",
    "signer": "2b1c7eff297766569966b630a6862947a8e5285a",
    "minUtxoLovelace": "5000000",
    "intent": {
      "intentType": "OracleUpdate",
      "version": "1.0",
      "chainId": "100640",
      "nonce": "1778924141000",
      "expiry": "1778927741",
      "symbol": "SOL/USD",
      "price": "18500000000",
      "timestamp": "1778924141",
      "source": "DIA Oracle",
      "signature": "b704ab5b2b0c7b62d5b7f0fd3392d7f7e2d733c6e71a673cc3f70f1ca1178954088650c9ff7cc19d80a0d5d544a6c23d274d2946e110410db5ba7f8c1fd251971b",
      "signer": "0x2b1c7eff297766569966b630a6862947a8e5285a"
    }
  },
  "datum": {
    "pairCbor": "d8799f47534f4c2f5553441b000000044eaf99001a6a083a6d1b0000019e302439c85820fab9c6d5530572fe6cf53aaf51cc6377c8a2f27a844380de72094f77f1b8b3c1542b1c7eff297766569966b630a6862947a8e5285a1a004c4b40ff"
  },
  "transactions": [
    {
      "step": "preview:update",
      "submittedTxHash": "cde1e4757a9145deb4a592edf47b89a971d06e014743b4d7a387a3898c92da70",
      "confirmed": true
    }
  ]
}
[1G[0K⠙[1G[0K