
> @protofire/dia-cardano-oracle-cli@0.1.0 cli
> tsx src/index.ts update --intent ./state/preview_run_20260516-090057/intents/bnb-usd.signed.json --protocol-state ./state/preview_run_20260516-090057/config-bootstrap.json --client-state ./state/preview_run_20260516-090057/clients/client-a.json --state ./state/preview_run_20260516-090057/clients/client-a/pairs/bnb-usd.json

[1G[0K[update] Loading signed intent from /home/manuelpadilla/sources/reposUbuntu/PROTOFIRE/DIA/dia-cardano-oracle/offchain/cli/state/preview_run_20260516-090057/intents/bnb-usd.signed.json
[update] Loading client and protocol state
[update] Connecting to Preview and selecting the configured wallet
[update] Building Preview oracle update transaction
[update] Tx resources: fee=0.797793 ADA (797793 lovelace), cpu=700398558, mem=1928536
[update] Output[0] | addr=addr_test1wrq0...lrcktv | lovelace=5.000000 ADA (5000000) | assets=c0f62932ab92...30b101=1 | datum=inline(95B)
[update] Output[1] | addr=addr_test1wrn8...5wsl3w | lovelace=35.000000 ADA (35000000) | assets=e6764dc87450...545f41=1 | datum=inline(19B)
[update] Output[2] | addr=addr_test1qpgp...quxj3j | lovelace=2963.824739 ADA (2963824739)
[update] Unsigned transaction ready: dbce590b9e4458f855df435b991619830902d25b0b9ae778db145c53103437f4
[update] Submitted transaction hash: dbce590b9e4458f855df435b991619830902d25b0b9ae778db145c53103437f4
[update] Confirmed by Blockfrost: oracle update transaction dbce590b9e4458f855df435b991619830902d25b0b9ae778db145c53103437f4.
[cli] Wrote JSON output to /home/manuelpadilla/sources/reposUbuntu/PROTOFIRE/DIA/dia-cardano-oracle/offchain/cli/state/preview_run_20260516-090057/clients/client-a/pairs/bnb-usd.json
{
  "wallet": {
    "source": "seed",
    "address": "addr_test1qpgpsm75w7l9u6au7shqzsaulrtxz2gp6xw9zhun70es6tt4t3wsjavx26kmh586erf8xxhqc2y7urq5az32sjv56nyqquxj3j"
  },
  "pair": {
    "tokenName": "09da81653014451f3a86d96589f6a9e5d97b4e8236a461c7b2edbe1bab30b101",
    "pairId": "424e422f555344",
    "pairUnit": "c0f62932ab92ebe5d1b01d539e597b9067ebf34aeab391de0a58cf8809da81653014451f3a86d96589f6a9e5d97b4e8236a461c7b2edbe1bab30b101",
    "pairValidatorAddress": "addr_test1wrq0v2fj4wfwhew3kqw488je0wgx06lnft4t8yw7pfvvlzqlrcktv"
  },
  "pairState": {
    "pairId": "424e422f555344",
    "price": "61500000000",
    "timestamp": "1778924332",
    "nonce": "1778924332000",
    "intentHash": "0771acdef0995780059e56a3e80feeccf34a5718b16e069fbc7571cdcd1e6681",
    "signer": "2b1c7eff297766569966b630a6862947a8e5285a",
    "minUtxoLovelace": "5000000",
    "intent": {
      "intentType": "OracleUpdate",
      "version": "1.0",
      "chainId": "100640",
      "nonce": "1778924332000",
      "expiry": "1778927932",
      "symbol": "BNB/USD",
      "price": "61500000000",
      "timestamp": "1778924332",
      "source": "DIA Oracle",
      "signature": "a0bd63dc1a27a113c7b549513d02e638115f9778991fa16b9ce69b021b20b47175190e5001f0e4c13843bc48fde9ddfcc7d2b09028c3dbcbf178c3b4b7a818401c",
      "signer": "0x2b1c7eff297766569966b630a6862947a8e5285a"
    }
  },
  "datum": {
    "pairCbor": "d8799f47424e422f5553441b0000000e51af87001a6a083b2c1b0000019e302723e058200771acdef0995780059e56a3e80feeccf34a5718b16e069fbc7571cdcd1e6681542b1c7eff297766569966b630a6862947a8e5285a1a004c4b40ff"
  },
  "transactions": [
    {
      "step": "preview:update",
      "submittedTxHash": "dbce590b9e4458f855df435b991619830902d25b0b9ae778db145c53103437f4",
      "confirmed": true
    }
  ]
}
[1G[0K⠙[1G[0K