[run] intent:create-and-sign --state ./state/preview_run_20260516-090057/config-bootstrap.json --intent-type OracleUpdate --symbol BNB/USD --price 61500000000 --source "DIA Oracle" --out ./state/preview_run_20260516-090057/intents/bnb-usd.signed.json

> @protofire/dia-cardano-oracle-cli@0.1.0 cli
> tsx src/index.ts intent:create-and-sign --state ./state/preview_run_20260516-090057/config-bootstrap.json --intent-type OracleUpdate --symbol BNB/USD --price 61500000000 --source DIA Oracle --out ./state/preview_run_20260516-090057/intents/bnb-usd.signed.json

[1G[0K[cli] Wrote JSON output to /home/manuelpadilla/sources/reposUbuntu/PROTOFIRE/DIA/dia-cardano-oracle/offchain/cli/state/preview_run_20260516-090057/intents/bnb-usd.signed.json
{
  "intent": {
    "intentType": "OracleUpdate",
    "version": "1.0",
    "chainId": "100640",
    "nonce": "1778924332000",
    "expiry": "1778927932",
    "symbol": "BNB/USD",
    "price": "61500000000",
    "timestamp": "1778924332",
    "source": "DIA Oracle",
    "signature": "0xa0bd63dc1a27a113c7b549513d02e638115f9778991fa16b9ce69b021b20b47175190e5001f0e4c13843bc48fde9ddfcc7d2b09028c3dbcbf178c3b4b7a818401c",
    "signer": "0x2b1c7eff297766569966b630a6862947a8e5285a"
  },
  "witness": {
    "signerPublicKey": "02d78ade9f8a9c064c8c588dba903df0cc0118596b9ec65f665dea1b448519f531",
    "signerAddress": "0x2b1c7eff297766569966b630a6862947a8e5285a",
    "intentHash": "0771acdef0995780059e56a3e80feeccf34a5718b16e069fbc7571cdcd1e6681",
    "compactSignature": "a0bd63dc1a27a113c7b549513d02e638115f9778991fa16b9ce69b021b20b47175190e5001f0e4c13843bc48fde9ddfcc7d2b09028c3dbcbf178c3b4b7a81840"
  }
}
[1G[0K⠙[1G[0K