
> @protofire/dia-cardano-oracle-cli@0.1.0 cli
> tsx src/index.ts update --intent ./state/preview_run_20260516-090057/intents/xrp-usd.signed.json --protocol-state ./state/preview_run_20260516-090057/config-bootstrap.json --client-state ./state/preview_run_20260516-090057/clients/client-a.json --state ./state/preview_run_20260516-090057/clients/client-a/pairs/xrp-usd.json

[1G[0K[update] Loading signed intent from /home/manuelpadilla/sources/reposUbuntu/PROTOFIRE/DIA/dia-cardano-oracle/offchain/cli/state/preview_run_20260516-090057/intents/xrp-usd.signed.json
[update] Loading client and protocol state
[update] Connecting to Preview and selecting the configured wallet
[update] Building Preview oracle update transaction
[update] Tx resources: fee=0.797441 ADA (797441 lovelace), cpu=700398558, mem=1928536
[update] Output[0] | addr=addr_test1wrq0...lrcktv | lovelace=5.000000 ADA (5000000) | assets=c0f62932ab92...eed0bc=1 | datum=inline(91B)
[update] Output[1] | addr=addr_test1wrn8...5wsl3w | lovelace=35.000000 ADA (35000000) | assets=e6764dc87450...545f41=1 | datum=inline(19B)
[update] Output[2] | addr=addr_test1qpgp...quxj3j | lovelace=2958.027298 ADA (2958027298)
[update] Unsigned transaction ready: a8029eec7e4d183b90b43f96ca6a1ebf4e03f78bee6851ec7f7911041bd971ae
[update] Submitted transaction hash: a8029eec7e4d183b90b43f96ca6a1ebf4e03f78bee6851ec7f7911041bd971ae
[update] Confirmed by Blockfrost: oracle update transaction a8029eec7e4d183b90b43f96ca6a1ebf4e03f78bee6851ec7f7911041bd971ae.
[cli] Wrote JSON output to /home/manuelpadilla/sources/reposUbuntu/PROTOFIRE/DIA/dia-cardano-oracle/offchain/cli/state/preview_run_20260516-090057/clients/client-a/pairs/xrp-usd.json
{
  "wallet": {
    "source": "seed",
    "address": "addr_test1qpgpsm75w7l9u6au7shqzsaulrtxz2gp6xw9zhun70es6tt4t3wsjavx26kmh586erf8xxhqc2y7urq5az32sjv56nyqquxj3j"
  },
  "pair": {
    "tokenName": "bac7b9f5648596883156b7004ce94ebb55cc5049bd65b93188cd724e9feed0bc",
    "pairId": "5852502f555344",
    "pairUnit": "c0f62932ab92ebe5d1b01d539e597b9067ebf34aeab391de0a58cf88bac7b9f5648596883156b7004ce94ebb55cc5049bd65b93188cd724e9feed0bc",
    "pairValidatorAddress": "addr_test1wrq0v2fj4wfwhew3kqw488je0wgx06lnft4t8yw7pfvvlzqlrcktv"
  },
  "pairState": {
    "pairId": "5852502f555344",
    "price": "520000000",
    "timestamp": "1778924463",
    "nonce": "1778924463000",
    "intentHash": "5159d324335a5647af04e518ca6d62e4bba41bedbaee71cd2f23a3382ef89034",
    "signer": "2b1c7eff297766569966b630a6862947a8e5285a",
    "minUtxoLovelace": "5000000",
    "intent": {
      "intentType": "OracleUpdate",
      "version": "1.0",
      "chainId": "100640",
      "nonce": "1778924463000",
      "expiry": "1778928063",
      "symbol": "XRP/USD",
      "price": "520000000",
      "timestamp": "1778924463",
      "source": "DIA Oracle",
      "signature": "be7d0c86bdcebc9e113a187883afdd4f0f6aafd7490499320b7768afb8f200065e72399db58066dc5a266d240e548a25b32e68a6851182fd2690423842045d111c",
      "signer": "0x2b1c7eff297766569966b630a6862947a8e5285a"
    }
  },
  "datum": {
    "pairCbor": "d8799f475852502f5553441a1efe92001a6a083baf1b0000019e3029239858205159d324335a5647af04e518ca6d62e4bba41bedbaee71cd2f23a3382ef89034542b1c7eff297766569966b630a6862947a8e5285a1a004c4b40ff"
  },
  "transactions": [
    {
      "step": "preview:update",
      "submittedTxHash": "a8029eec7e4d183b90b43f96ca6a1ebf4e03f78bee6851ec7f7911041bd971ae",
      "confirmed": true
    }
  ]
}
[1G[0K⠙[1G[0K