[run] intent:create-and-sign --state ./state/preview_run_20260516-090057/config-bootstrap.json --intent-type OracleUpdate --symbol XRP/USD --price 520000000 --source "DIA Oracle" --out ./state/preview_run_20260516-090057/intents/xrp-usd.signed.json

> @protofire/dia-cardano-oracle-cli@0.1.0 cli
> tsx src/index.ts intent:create-and-sign --state ./state/preview_run_20260516-090057/config-bootstrap.json --intent-type OracleUpdate --symbol XRP/USD --price 520000000 --source DIA Oracle --out ./state/preview_run_20260516-090057/intents/xrp-usd.signed.json

[1G[0K[cli] Wrote JSON output to /home/manuelpadilla/sources/reposUbuntu/PROTOFIRE/DIA/dia-cardano-oracle/offchain/cli/state/preview_run_20260516-090057/intents/xrp-usd.signed.json
{
  "intent": {
    "intentType": "OracleUpdate",
    "version": "1.0",
    "chainId": "100640",
    "nonce": "1778924463000",
    "expiry": "1778928063",
    "symbol": "XRP/USD",
    "price": "520000000",
    "timestamp": "1778924463",
    "source": "DIA Oracle",
    "signature": "0xbe7d0c86bdcebc9e113a187883afdd4f0f6aafd7490499320b7768afb8f200065e72399db58066dc5a266d240e548a25b32e68a6851182fd2690423842045d111c",
    "signer": "0x2b1c7eff297766569966b630a6862947a8e5285a"
  },
  "witness": {
    "signerPublicKey": "02d78ade9f8a9c064c8c588dba903df0cc0118596b9ec65f665dea1b448519f531",
    "signerAddress": "0x2b1c7eff297766569966b630a6862947a8e5285a",
    "intentHash": "5159d324335a5647af04e518ca6d62e4bba41bedbaee71cd2f23a3382ef89034",
    "compactSignature": "be7d0c86bdcebc9e113a187883afdd4f0f6aafd7490499320b7768afb8f200065e72399db58066dc5a266d240e548a25b32e68a6851182fd2690423842045d11"
  }
}
[1G[0K⠙[1G[0K