
> @protofire/dia-cardano-oracle-cli@0.1.0 cli
> tsx src/index.ts update --intent ./state/preview_run_20260516-090057/intents/matic-usd.signed.json --protocol-state ./state/preview_run_20260516-090057/config-bootstrap.json --client-state ./state/preview_run_20260516-090057/clients/client-a.json --state ./state/preview_run_20260516-090057/clients/client-a/pairs/matic-usd.json

[1G[0K[update] Loading signed intent from /home/manuelpadilla/sources/reposUbuntu/PROTOFIRE/DIA/dia-cardano-oracle/offchain/cli/state/preview_run_20260516-090057/intents/matic-usd.signed.json
[update] Loading client and protocol state
[update] Connecting to Preview and selecting the configured wallet
[update] Building Preview oracle update transaction
[update] Tx resources: fee=0.797623 ADA (797623 lovelace), cpu=700479916, mem=1928536
[update] Output[0] | addr=addr_test1wrq0...lrcktv | lovelace=5.000000 ADA (5000000) | assets=c0f62932ab92...57e571=1 | datum=inline(93B)
[update] Output[1] | addr=addr_test1wrn8...5wsl3w | lovelace=35.000000 ADA (35000000) | assets=e6764dc87450...545f41=1 | datum=inline(19B)
[update] Output[2] | addr=addr_test1qpgp...quxj3j | lovelace=2952.229675 ADA (2952229675)
[update] Unsigned transaction ready: 576f59e04cc2b3af2480665a47ab7745e3284e0e49fe4a78b9cb0469adf04b04
[update] Submitted transaction hash: 576f59e04cc2b3af2480665a47ab7745e3284e0e49fe4a78b9cb0469adf04b04
[update] Confirmed by Blockfrost: oracle update transaction 576f59e04cc2b3af2480665a47ab7745e3284e0e49fe4a78b9cb0469adf04b04.
[cli] Wrote JSON output to /home/manuelpadilla/sources/reposUbuntu/PROTOFIRE/DIA/dia-cardano-oracle/offchain/cli/state/preview_run_20260516-090057/clients/client-a/pairs/matic-usd.json
{
  "wallet": {
    "source": "seed",
    "address": "addr_test1qpgpsm75w7l9u6au7shqzsaulrtxz2gp6xw9zhun70es6tt4t3wsjavx26kmh586erf8xxhqc2y7urq5az32sjv56nyqquxj3j"
  },
  "pair": {
    "tokenName": "d2a1402553abe60aecdea3464be08e7ced64530fea0989b8fdfd49351157e571",
    "pairId": "4d415449432f555344",
    "pairUnit": "c0f62932ab92ebe5d1b01d539e597b9067ebf34aeab391de0a58cf88d2a1402553abe60aecdea3464be08e7ced64530fea0989b8fdfd49351157e571",
    "pairValidatorAddress": "addr_test1wrq0v2fj4wfwhew3kqw488je0wgx06lnft4t8yw7pfvvlzqlrcktv"
  },
  "pairState": {
    "pairId": "4d415449432f555344",
    "price": "980000000",
    "timestamp": "1778924646",
    "nonce": "1778924646000",
    "intentHash": "eb1d04815262c4a4dd0f21ad6576e0a2ad5d316f2c4e64a6dc955223d05b48e5",
    "signer": "2b1c7eff297766569966b630a6862947a8e5285a",
    "minUtxoLovelace": "5000000",
    "intent": {
      "intentType": "OracleUpdate",
      "version": "1.0",
      "chainId": "100640",
      "nonce": "1778924646000",
      "expiry": "1778928246",
      "symbol": "MATIC/USD",
      "price": "980000000",
      "timestamp": "1778924646",
      "source": "DIA Oracle",
      "signature": "b8e669cefe68e0615470524ec016ba4af9ff179d8f219f7e3cbb9be3143cd96338a3bd5e0e88c89660cc344983eac2e938c6c156c77be10536c7996bd95475ad1c",
      "signer": "0x2b1c7eff297766569966b630a6862947a8e5285a"
    }
  },
  "datum": {
    "pairCbor": "d8799f494d415449432f5553441a3a699d001a6a083c661b0000019e302bee705820eb1d04815262c4a4dd0f21ad6576e0a2ad5d316f2c4e64a6dc955223d05b48e5542b1c7eff297766569966b630a6862947a8e5285a1a004c4b40ff"
  },
  "transactions": [
    {
      "step": "preview:update",
      "submittedTxHash": "576f59e04cc2b3af2480665a47ab7745e3284e0e49fe4a78b9cb0469adf04b04",
      "confirmed": true
    }
  ]
}
[1G[0K⠙[1G[0K