
> @protofire/dia-cardano-oracle-cli@0.1.0 cli
> tsx src/index.ts settle --protocol-state ./state/preview_run_20260516-090057/config-bootstrap.json --client-state ./state/preview_run_20260516-090057/clients/client-a.json

[1G[0K[settle] Loading protocol state from /home/manuelpadilla/sources/reposUbuntu/PROTOFIRE/DIA/dia-cardano-oracle/offchain/cli/state/preview_run_20260516-090057/config-bootstrap.json
[settle] Loading client state from /home/manuelpadilla/sources/reposUbuntu/PROTOFIRE/DIA/dia-cardano-oracle/offchain/cli/state/preview_run_20260516-090057/clients/client-a.json
[settle] Connecting to Preview and selecting the configured wallet
[settle] Settling 12450000 lovelace from receiver to payment hook
[settle] Building Preview settle transaction
[settle] Tx resources: fee=0.771381 ADA (771381 lovelace), cpu=589858467, mem=1842171
[settle] Output[0] | addr=addr_test1wrn8...5wsl3w | lovelace=52.550000 ADA (52550000) | assets=e6764dc87450...545f41=1 | datum=inline(15B)
[settle] Output[1] | addr=addr_test1wq96...t4sh3h | lovelace=17.450000 ADA (17450000) | assets=0bab2632d30e...4f4f4b=1 | datum=inline(100B)
[settle] Output[2] | addr=addr_test1qpgp...quxj3j | lovelace=2912.641910 ADA (2912641910)
[settle] Unsigned transaction ready: a4ebb3952b31c27ac49af93e40f7bc1f14bec81195978fddf164af26c992a66f
[settle] Submitted transaction hash: a4ebb3952b31c27ac49af93e40f7bc1f14bec81195978fddf164af26c992a66f
[settle] Confirmed by Blockfrost: settle transaction a4ebb3952b31c27ac49af93e40f7bc1f14bec81195978fddf164af26c992a66f.
{
  "wallet": {
    "source": "seed",
    "address": "addr_test1qpgpsm75w7l9u6au7shqzsaulrtxz2gp6xw9zhun70es6tt4t3wsjavx26kmh586erf8xxhqc2y7urq5az32sjv56nyqquxj3j"
  },
  "settledReceivers": [
    {
      "clientId": "client-a",
      "receiverUnit": "e6764dc87450b544fe365e5e74536258641488d33a97dbb2db5a3f1d4449415f52454345495645525f434c49454e545f41",
      "drainedLovelace": "12450000"
    }
  ],
  "totalSettledLovelace": "12450000",
  "transactions": [
    {
      "step": "preview:settle",
      "submittedTxHash": "a4ebb3952b31c27ac49af93e40f7bc1f14bec81195978fddf164af26c992a66f",
      "confirmed": true
    }
  ]
}
[1G[0K⠙[1G[0K