    Compiling protofire/dia-cardano-oracle 0.0.0 (.)
    Compiling aiken-lang/stdlib v3.0.0 (./build/packages/aiken-lang-stdlib)
   Collecting all tests scenarios across all modules
      Testing ...
{
  "seed": 3963663101,
  "summary": {
    "total": 24,
    "passed": 24,
    "failed": 0,
    "kind": {
      "unit": 24,
      "property": 0
    }
  },
  "modules": [
    {
      "name": "dia_cardano_oracle/config_logic",
      "summary": {
        "total": 3,
        "passed": 3,
        "failed": 0,
        "kind": {
          "unit": 3,
          "property": 0
        }
      },
      "tests": [
        {
          "title": "valid_config_state_requires_non_empty_admins_and_domain",
          "status": "pass",
          "on_failure": "fail_immediately",
          "execution_units": {
            "mem": 58076,
            "cpu": 18512509
          }
        },
        {
          "title": "admin_update_transition_accepts_fee_rotation",
          "status": "pass",
          "on_failure": "fail_immediately",
          "execution_units": {
            "mem": 152783,
            "cpu": 50234677
          }
        },
        {
          "title": "duplicate_authorized_dia_public_keys_are_rejected",
          "status": "pass",
          "on_failure": "fail_immediately",
          "execution_units": {
            "mem": 63208,
            "cpu": 19754584
          }
        }
      ]
    },
    {
      "name": "dia_cardano_oracle/oracle_logic",
      "summary": {
        "total": 12,
        "passed": 12,
        "failed": 0,
        "kind": {
          "unit": 12,
          "property": 0
        }
      },
      "tests": [
        {
          "title": "valid_pair_state_accepts_sample_state",
          "status": "pass",
          "on_failure": "fail_immediately",
          "execution_units": {
            "mem": 161078,
            "cpu": 94890675
          }
        },
        {
          "title": "real_dia_signature_is_accepted",
          "status": "pass",
          "on_failure": "fail_immediately",
          "execution_units": {
            "mem": 197959,
            "cpu": 150396758
          }
        },
        {
          "title": "negative_price_pair_state_is_rejected",
          "status": "pass",
          "on_failure": "fail_immediately",
          "execution_units": {
            "mem": 148726,
            "cpu": 90169656
          }
        },
        {
          "title": "negative_price_intent_signature_is_rejected",
          "status": "pass",
          "on_failure": "fail_immediately",
          "execution_units": {
            "mem": 82369,
            "cpu": 27499484
          }
        },
        {
          "title": "initial_pair_matches_witness_accepts_first_real_update",
          "status": "pass",
          "on_failure": "fail_immediately",
          "execution_units": {
            "mem": 495038,
            "cpu": 334192923
          }
        },
        {
          "title": "initial_pair_matches_witness_rejects_zero_placeholder",
          "status": "pass",
          "on_failure": "fail_immediately",
          "execution_units": {
            "mem": 616142,
            "cpu": 369932952
          }
        },
        {
          "title": "next_pair_matches_witness_requires_fresh_data",
          "status": "pass",
          "on_failure": "fail_immediately",
          "execution_units": {
            "mem": 1374271,
            "cpu": 877112640
          }
        },
        {
          "title": "stale_timestamp_is_rejected",
          "status": "pass",
          "on_failure": "fail_immediately",
          "execution_units": {
            "mem": 525672,
            "cpu": 302267780
          }
        },
        {
          "title": "stale_nonce_is_rejected",
          "status": "pass",
          "on_failure": "fail_immediately",
          "execution_units": {
            "mem": 529921,
            "cpu": 303951996
          }
        },
        {
          "title": "unauthorized_dia_signer_is_rejected",
          "status": "pass",
          "on_failure": "fail_immediately",
          "execution_units": {
            "mem": 95366,
            "cpu": 32727055
          }
        },
        {
          "title": "wrong_pair_symbol_is_rejected",
          "status": "pass",
          "on_failure": "fail_immediately",
          "execution_units": {
            "mem": 645725,
            "cpu": 380642110
          }
        },
        {
          "title": "wrong_pair_nft_is_rejected",
          "status": "pass",
          "on_failure": "fail_immediately",
          "execution_units": {
            "mem": 793755,
            "cpu": 473592462
          }
        }
      ]
    },
    {
      "name": "dia_cardano_oracle/payment_hook_logic",
      "summary": {
        "total": 5,
        "passed": 5,
        "failed": 0,
        "kind": {
          "unit": 5,
          "property": 0
        }
      },
      "tests": [
        {
          "title": "valid_payment_hook_state_accepts_non_negative_values",
          "status": "pass",
          "on_failure": "fail_immediately",
          "execution_units": {
            "mem": 14231,
            "cpu": 4782082
          }
        },
        {
          "title": "fee_charge_transition_increments_balances",
          "status": "pass",
          "on_failure": "fail_immediately",
          "execution_units": {
            "mem": 53646,
            "cpu": 19463842
          }
        },
        {
          "title": "withdraw_transition_decrements_accrued_balance",
          "status": "pass",
          "on_failure": "fail_immediately",
          "execution_units": {
            "mem": 49324,
            "cpu": 18224346
          }
        },
        {
          "title": "fee_charge_transition_rejects_wrong_fee_amount",
          "status": "pass",
          "on_failure": "fail_immediately",
          "execution_units": {
            "mem": 35406,
            "cpu": 12916569
          }
        },
        {
          "title": "withdraw_transition_rejects_above_accrued_fees",
          "status": "pass",
          "on_failure": "fail_immediately",
          "execution_units": {
            "mem": 28456,
            "cpu": 8804211
          }
        }
      ]
    },
    {
      "name": "dia_cardano_oracle/receiver_logic",
      "summary": {
        "total": 4,
        "passed": 4,
        "failed": 0,
        "kind": {
          "unit": 4,
          "property": 0
        }
      },
      "tests": [
        {
          "title": "valid_receiver_state_accepts_non_negative_values",
          "status": "pass",
          "on_failure": "fail_immediately",
          "execution_units": {
            "mem": 5091,
            "cpu": 1538434
          }
        },
        {
          "title": "pay_fee_transition_decrements_balance",
          "status": "pass",
          "on_failure": "fail_immediately",
          "execution_units": {
            "mem": 15436,
            "cpu": 4795922
          }
        },
        {
          "title": "pay_fee_transition_rejects_wrong_fee_amount",
          "status": "pass",
          "on_failure": "fail_immediately",
          "execution_units": {
            "mem": 16037,
            "cpu": 4967971
          }
        },
        {
          "title": "pay_fee_transition_rejects_balance_underflow",
          "status": "pass",
          "on_failure": "fail_immediately",
          "execution_units": {
            "mem": 9356,
            "cpu": 2464826
          }
        }
      ]
    }
  ]
}
