
> @protofire/dia-cardano-oracle-cli@0.1.0 cli
> tsx src/index.ts preview:update --intent ./state/preview_rerun_20260508-083625/intents/usdc-usd.signed.json --protocol-state ./state/preview_rerun_20260508-083625/config-bootstrap.json --client-state ./state/preview_rerun_20260508-083625/clients/client-a.json --state ./state/preview_rerun_20260508-083625/clients/client-a/pairs/usdc-usd.json

[1G[0K[preview:update] Loading signed intent from /home/manuelpadilla/sources/reposUbuntu/PROTOFIRE/DIA/dia-cardano-oracle/offchain/cli/state/preview_rerun_20260508-083625/intents/usdc-usd.signed.json
[preview:update] Loading client and protocol state
[preview:update] Connecting to Preview and selecting the configured wallet
[preview:update] Building Preview oracle update transaction
[preview:update] Tx resources: fee=0.751794 ADA (751794 lovelace), cpu=713217182, mem=1823140
[preview:update] Output[0] | addr=addr_test1wppc...hd2j73 | lovelace=5.000000 ADA (5000000) | assets=4388b40787d6...d4c1ac=1 | datum=inline(92B)
[preview:update] Output[1] | addr=addr_test1wqa9...mpkfl4 | lovelace=35.000000 ADA (35000000) | assets=3a5a5405194c...545f41=1 | datum=inline(19B)
[preview:update] Output[2] | addr=addr_test1qpgp...quxj3j | lovelace=4833.443034 ADA (4833443034)
[preview:update] Unsigned transaction ready: e117bb14e065387b1fc87b0ede4160679a201588c26c15807846897574c2a391
[preview:update] Submitted transaction hash: e117bb14e065387b1fc87b0ede4160679a201588c26c15807846897574c2a391
[preview:update] Confirmed by Blockfrost: oracle update transaction e117bb14e065387b1fc87b0ede4160679a201588c26c15807846897574c2a391.
[cli] Wrote JSON output to /home/manuelpadilla/sources/reposUbuntu/PROTOFIRE/DIA/dia-cardano-oracle/offchain/cli/state/preview_rerun_20260508-083625/clients/client-a/pairs/usdc-usd.json
{
  "wallet": {
    "source": "seed",
    "address": "addr_test1qpgpsm75w7l9u6au7shqzsaulrtxz2gp6xw9zhun70es6tt4t3wsjavx26kmh586erf8xxhqc2y7urq5az32sjv56nyqquxj3j"
  },
  "pair": {
    "tokenName": "0156dbaa55902bb40ff6c461c8b2b59c70ebbe3786e51e5e75a8bc1cbad4c1ac",
    "pairId": "555344432f555344",
    "pairUnit": "4388b40787d61e7b29fa2715d0fc4d6d553109c13698ea931e5203120156dbaa55902bb40ff6c461c8b2b59c70ebbe3786e51e5e75a8bc1cbad4c1ac",
    "pairValidatorAddress": "addr_test1wppc3dq8sltpu7eflgn3t58uf4k42vgfcymf365nrefqxyshd2j73"
  },
  "pairState": {
    "pairId": "555344432f555344",
    "price": "100045678",
    "timestamp": "1778230401",
    "nonce": "1778230401000",
    "intentHash": "44b1461c4c60483e756659763230dca2528ae3ebb78b3531cba409c62edfe0bf",
    "signer": "2b1c7eff297766569966b630a6862947a8e5285a",
    "minUtxoLovelace": "5000000",
    "intent": {
      "intentType": "OracleUpdate",
      "version": "1.0",
      "chainId": "100640",
      "nonce": "1778230401000",
      "expiry": "1778234001",
      "symbol": "USDC/USD",
      "price": "100045678",
      "timestamp": "1778230401",
      "source": "DIA Oracle",
      "signature": "c697a37f4095506e25e90ec8a2f3e0588dbeab7451edceded2871c769ab8688f2a705d42cbf8dc9fe5b178297f6d68dfc49f2fae87a83e02e4ab1e202fecbd321b",
      "signer": "0x2b1c7eff297766569966b630a6862947a8e5285a"
    }
  },
  "datum": {
    "pairCbor": "d8799f48555344432f5553441a05f6936e1a69fda4811b0000019e06ca97e8582044b1461c4c60483e756659763230dca2528ae3ebb78b3531cba409c62edfe0bf542b1c7eff297766569966b630a6862947a8e5285a1a004c4b40ff"
  },
  "transactions": [
    {
      "step": "preview:update",
      "submittedTxHash": "e117bb14e065387b1fc87b0ede4160679a201588c26c15807846897574c2a391",
      "confirmed": true
    }
  ]
}
[1G[0K⠙[1G[0K