[rerun] preview:intent:create-and-sign --state ./state/preview_rerun_20260508-083625/config-bootstrap.json --intent-type OracleUpdate --symbol USDC/USD --price 100045678 --source "DIA Oracle" --out ./state/preview_rerun_20260508-083625/intents/usdc-usd.signed.json

> @protofire/dia-cardano-oracle-cli@0.1.0 cli
> tsx src/index.ts preview:intent:create-and-sign --state ./state/preview_rerun_20260508-083625/config-bootstrap.json --intent-type OracleUpdate --symbol USDC/USD --price 100045678 --source DIA Oracle --out ./state/preview_rerun_20260508-083625/intents/usdc-usd.signed.json

[1G[0K[cli] Wrote JSON output to /home/manuelpadilla/sources/reposUbuntu/PROTOFIRE/DIA/dia-cardano-oracle/offchain/cli/state/preview_rerun_20260508-083625/intents/usdc-usd.signed.json
{
  "intent": {
    "intentType": "OracleUpdate",
    "version": "1.0",
    "chainId": "100640",
    "nonce": "1778230401000",
    "expiry": "1778234001",
    "symbol": "USDC/USD",
    "price": "100045678",
    "timestamp": "1778230401",
    "source": "DIA Oracle",
    "signature": "0xc697a37f4095506e25e90ec8a2f3e0588dbeab7451edceded2871c769ab8688f2a705d42cbf8dc9fe5b178297f6d68dfc49f2fae87a83e02e4ab1e202fecbd321b",
    "signer": "0x2b1c7eff297766569966b630a6862947a8e5285a"
  },
  "witness": {
    "signerPublicKey": "02d78ade9f8a9c064c8c588dba903df0cc0118596b9ec65f665dea1b448519f531",
    "signerAddress": "0x2b1c7eff297766569966b630a6862947a8e5285a",
    "intentHash": "44b1461c4c60483e756659763230dca2528ae3ebb78b3531cba409c62edfe0bf",
    "compactSignature": "c697a37f4095506e25e90ec8a2f3e0588dbeab7451edceded2871c769ab8688f2a705d42cbf8dc9fe5b178297f6d68dfc49f2fae87a83e02e4ab1e202fecbd32"
  }
}
[1G[0K⠙[1G[0K