
> @protofire/dia-cardano-oracle-cli@0.1.0 cli
> tsx src/index.ts preview:update --intent ./state/preview_rerun_20260508-083625/intents/btc-usd.signed.json --protocol-state ./state/preview_rerun_20260508-083625/config-bootstrap.json --client-state ./state/preview_rerun_20260508-083625/clients/client-a.json --state ./state/preview_rerun_20260508-083625/clients/client-a/pairs/btc-usd.json

[1G[0K[preview:update] Loading signed intent from /home/manuelpadilla/sources/reposUbuntu/PROTOFIRE/DIA/dia-cardano-oracle/offchain/cli/state/preview_rerun_20260508-083625/intents/btc-usd.signed.json
[preview:update] Loading client and protocol state
[preview:update] Connecting to Preview and selecting the configured wallet
[preview:update] Building Preview oracle update transaction
[preview:update] Tx resources: fee=0.752058 ADA (752058 lovelace), cpu=713217182, mem=1823140
[preview:update] Output[0] | addr=addr_test1wppc...hd2j73 | lovelace=5.000000 ADA (5000000) | assets=4388b40787d6...c2a497=1 | datum=inline(95B)
[preview:update] Output[1] | addr=addr_test1wqa9...mpkfl4 | lovelace=35.000000 ADA (35000000) | assets=3a5a5405194c...545f41=1 | datum=inline(19B)
[preview:update] Output[2] | addr=addr_test1qpgp...quxj3j | lovelace=4827.690976 ADA (4827690976)
[preview:update] Unsigned transaction ready: 387bbb9145aa251c34892d840caa0fc46e845c8dd25953a4f7d7b53e1f3edf50
[preview:update] Submitted transaction hash: 387bbb9145aa251c34892d840caa0fc46e845c8dd25953a4f7d7b53e1f3edf50
[preview:update] Confirmed by Blockfrost: oracle update transaction 387bbb9145aa251c34892d840caa0fc46e845c8dd25953a4f7d7b53e1f3edf50.
[cli] Wrote JSON output to /home/manuelpadilla/sources/reposUbuntu/PROTOFIRE/DIA/dia-cardano-oracle/offchain/cli/state/preview_rerun_20260508-083625/clients/client-a/pairs/btc-usd.json
{
  "wallet": {
    "source": "seed",
    "address": "addr_test1qpgpsm75w7l9u6au7shqzsaulrtxz2gp6xw9zhun70es6tt4t3wsjavx26kmh586erf8xxhqc2y7urq5az32sjv56nyqquxj3j"
  },
  "pair": {
    "tokenName": "8a3859b168b77160150b13c200392328254c3758f082050fd7ec5c340ac2a497",
    "pairId": "4254432f555344",
    "pairUnit": "4388b40787d61e7b29fa2715d0fc4d6d553109c13698ea931e5203128a3859b168b77160150b13c200392328254c3758f082050fd7ec5c340ac2a497",
    "pairValidatorAddress": "addr_test1wppc3dq8sltpu7eflgn3t58uf4k42vgfcymf365nrefqxyshd2j73"
  },
  "pairState": {
    "pairId": "4254432f555344",
    "price": "6000000000000",
    "timestamp": "1778230523",
    "nonce": "1778230523000",
    "intentHash": "86842418658156719d7df4206f2c4a5ac6983d533e813362b1f5814233677f25",
    "signer": "2b1c7eff297766569966b630a6862947a8e5285a",
    "minUtxoLovelace": "5000000",
    "intent": {
      "intentType": "OracleUpdate",
      "version": "1.0",
      "chainId": "100640",
      "nonce": "1778230523000",
      "expiry": "1778234123",
      "symbol": "BTC/USD",
      "price": "6000000000000",
      "timestamp": "1778230523",
      "source": "DIA Oracle",
      "signature": "e8d9fd8b2185d8e671e213330feff6fb76e2d6e6379a3f1e421642ad552dac135cbe54e9503dfa10605e8c8b268e8effeb2420480a0d8324bf14418b73a0ad221c",
      "signer": "0x2b1c7eff297766569966b630a6862947a8e5285a"
    }
  },
  "datum": {
    "pairCbor": "d8799f474254432f5553441b00000574fbde60001a69fda4fb1b0000019e06cc7478582086842418658156719d7df4206f2c4a5ac6983d533e813362b1f5814233677f25542b1c7eff297766569966b630a6862947a8e5285a1a004c4b40ff"
  },
  "transactions": [
    {
      "step": "preview:update",
      "submittedTxHash": "387bbb9145aa251c34892d840caa0fc46e845c8dd25953a4f7d7b53e1f3edf50",
      "confirmed": true
    }
  ]
}
[1G[0K⠙[1G[0K