[rerun] preview:intent:create-and-sign --state ./state/preview_rerun_20260508-083625/config-bootstrap.json --intent-type OracleUpdate --symbol BTC/USD --price 6000000000000 --source "DIA Oracle" --out ./state/preview_rerun_20260508-083625/intents/btc-usd.signed.json

> @protofire/dia-cardano-oracle-cli@0.1.0 cli
> tsx src/index.ts preview:intent:create-and-sign --state ./state/preview_rerun_20260508-083625/config-bootstrap.json --intent-type OracleUpdate --symbol BTC/USD --price 6000000000000 --source DIA Oracle --out ./state/preview_rerun_20260508-083625/intents/btc-usd.signed.json

[1G[0K[cli] Wrote JSON output to /home/manuelpadilla/sources/reposUbuntu/PROTOFIRE/DIA/dia-cardano-oracle/offchain/cli/state/preview_rerun_20260508-083625/intents/btc-usd.signed.json
{
  "intent": {
    "intentType": "OracleUpdate",
    "version": "1.0",
    "chainId": "100640",
    "nonce": "1778230523000",
    "expiry": "1778234123",
    "symbol": "BTC/USD",
    "price": "6000000000000",
    "timestamp": "1778230523",
    "source": "DIA Oracle",
    "signature": "0xe8d9fd8b2185d8e671e213330feff6fb76e2d6e6379a3f1e421642ad552dac135cbe54e9503dfa10605e8c8b268e8effeb2420480a0d8324bf14418b73a0ad221c",
    "signer": "0x2b1c7eff297766569966b630a6862947a8e5285a"
  },
  "witness": {
    "signerPublicKey": "02d78ade9f8a9c064c8c588dba903df0cc0118596b9ec65f665dea1b448519f531",
    "signerAddress": "0x2b1c7eff297766569966b630a6862947a8e5285a",
    "intentHash": "86842418658156719d7df4206f2c4a5ac6983d533e813362b1f5814233677f25",
    "compactSignature": "e8d9fd8b2185d8e671e213330feff6fb76e2d6e6379a3f1e421642ad552dac135cbe54e9503dfa10605e8c8b268e8effeb2420480a0d8324bf14418b73a0ad22"
  }
}
[1G[0K⠙[1G[0K