
> @protofire/dia-cardano-oracle-cli@0.1.0 cli
> tsx src/index.ts preview:update --intent ./state/preview_rerun_20260508-083625/intents/eth-usd.signed.json --protocol-state ./state/preview_rerun_20260508-083625/config-bootstrap.json --client-state ./state/preview_rerun_20260508-083625/clients/client-a.json --state ./state/preview_rerun_20260508-083625/clients/client-a/pairs/eth-usd.json

[1G[0K[preview:update] Loading signed intent from /home/manuelpadilla/sources/reposUbuntu/PROTOFIRE/DIA/dia-cardano-oracle/offchain/cli/state/preview_rerun_20260508-083625/intents/eth-usd.signed.json
[preview:update] Loading client and protocol state
[preview:update] Connecting to Preview and selecting the configured wallet
[preview:update] Building Preview oracle update transaction
[preview:update] Tx resources: fee=0.752058 ADA (752058 lovelace), cpu=713217182, mem=1823140
[preview:update] Output[0] | addr=addr_test1wppc...hd2j73 | lovelace=5.000000 ADA (5000000) | assets=4388b40787d6...3849f4=1 | datum=inline(95B)
[preview:update] Output[1] | addr=addr_test1wqa9...mpkfl4 | lovelace=35.000000 ADA (35000000) | assets=3a5a5405194c...545f41=1 | datum=inline(19B)
[preview:update] Output[2] | addr=addr_test1qpgp...quxj3j | lovelace=4821.938918 ADA (4821938918)
[preview:update] Unsigned transaction ready: d4d802c788fc573bc42c7d21e585d681a15a3fefe1149366c36c18934f46b93e
[preview:update] Submitted transaction hash: d4d802c788fc573bc42c7d21e585d681a15a3fefe1149366c36c18934f46b93e
[preview:update] Confirmed by Blockfrost: oracle update transaction d4d802c788fc573bc42c7d21e585d681a15a3fefe1149366c36c18934f46b93e.
[cli] Wrote JSON output to /home/manuelpadilla/sources/reposUbuntu/PROTOFIRE/DIA/dia-cardano-oracle/offchain/cli/state/preview_rerun_20260508-083625/clients/client-a/pairs/eth-usd.json
{
  "wallet": {
    "source": "seed",
    "address": "addr_test1qpgpsm75w7l9u6au7shqzsaulrtxz2gp6xw9zhun70es6tt4t3wsjavx26kmh586erf8xxhqc2y7urq5az32sjv56nyqquxj3j"
  },
  "pair": {
    "tokenName": "3d7739c2406edbe3bb594b8f762cf67a2c889a162f2234dc17841f61d33849f4",
    "pairId": "4554482f555344",
    "pairUnit": "4388b40787d61e7b29fa2715d0fc4d6d553109c13698ea931e5203123d7739c2406edbe3bb594b8f762cf67a2c889a162f2234dc17841f61d33849f4",
    "pairValidatorAddress": "addr_test1wppc3dq8sltpu7eflgn3t58uf4k42vgfcymf365nrefqxyshd2j73"
  },
  "pairState": {
    "pairId": "4554482f555344",
    "price": "250000000000",
    "timestamp": "1778230669",
    "nonce": "1778230669000",
    "intentHash": "937c077f7c529f7968246e497277ee2dcf3e0faf92ba9e0d601eb654c997f833",
    "signer": "2b1c7eff297766569966b630a6862947a8e5285a",
    "minUtxoLovelace": "5000000",
    "intent": {
      "intentType": "OracleUpdate",
      "version": "1.0",
      "chainId": "100640",
      "nonce": "1778230669000",
      "expiry": "1778234269",
      "symbol": "ETH/USD",
      "price": "250000000000",
      "timestamp": "1778230669",
      "source": "DIA Oracle",
      "signature": "babe382f232585939a18fc6b3ecd0b349b1a5a16352dc839e9c50a70c4e2bbc641a5c7323bdef10e3d220bedb1c0c5b582fe2fe1fa5250b024e2929ed5ccadfe1b",
      "signer": "0x2b1c7eff297766569966b630a6862947a8e5285a"
    }
  },
  "datum": {
    "pairCbor": "d8799f474554482f5553441b0000003a352944001a69fda58d1b0000019e06ceaec85820937c077f7c529f7968246e497277ee2dcf3e0faf92ba9e0d601eb654c997f833542b1c7eff297766569966b630a6862947a8e5285a1a004c4b40ff"
  },
  "transactions": [
    {
      "step": "preview:update",
      "submittedTxHash": "d4d802c788fc573bc42c7d21e585d681a15a3fefe1149366c36c18934f46b93e",
      "confirmed": true
    }
  ]
}
[1G[0K⠙[1G[0K