[rerun] preview:intent:create-and-sign --state ./state/preview_rerun_20260508-083625/config-bootstrap.json --intent-type OracleUpdate --symbol ETH/USD --price 250000000000 --source "DIA Oracle" --out ./state/preview_rerun_20260508-083625/intents/eth-usd.signed.json

> @protofire/dia-cardano-oracle-cli@0.1.0 cli
> tsx src/index.ts preview:intent:create-and-sign --state ./state/preview_rerun_20260508-083625/config-bootstrap.json --intent-type OracleUpdate --symbol ETH/USD --price 250000000000 --source DIA Oracle --out ./state/preview_rerun_20260508-083625/intents/eth-usd.signed.json

[1G[0K[cli] Wrote JSON output to /home/manuelpadilla/sources/reposUbuntu/PROTOFIRE/DIA/dia-cardano-oracle/offchain/cli/state/preview_rerun_20260508-083625/intents/eth-usd.signed.json
{
  "intent": {
    "intentType": "OracleUpdate",
    "version": "1.0",
    "chainId": "100640",
    "nonce": "1778230669000",
    "expiry": "1778234269",
    "symbol": "ETH/USD",
    "price": "250000000000",
    "timestamp": "1778230669",
    "source": "DIA Oracle",
    "signature": "0xbabe382f232585939a18fc6b3ecd0b349b1a5a16352dc839e9c50a70c4e2bbc641a5c7323bdef10e3d220bedb1c0c5b582fe2fe1fa5250b024e2929ed5ccadfe1b",
    "signer": "0x2b1c7eff297766569966b630a6862947a8e5285a"
  },
  "witness": {
    "signerPublicKey": "02d78ade9f8a9c064c8c588dba903df0cc0118596b9ec65f665dea1b448519f531",
    "signerAddress": "0x2b1c7eff297766569966b630a6862947a8e5285a",
    "intentHash": "937c077f7c529f7968246e497277ee2dcf3e0faf92ba9e0d601eb654c997f833",
    "compactSignature": "babe382f232585939a18fc6b3ecd0b349b1a5a16352dc839e9c50a70c4e2bbc641a5c7323bdef10e3d220bedb1c0c5b582fe2fe1fa5250b024e2929ed5ccadfe"
  }
}
[1G[0K⠙[1G[0K