
> @protofire/dia-cardano-oracle-cli@0.1.0 cli
> tsx src/index.ts preview:update --intent ./state/preview_rerun_20260508-083625/intents/ada-usd.signed.json --protocol-state ./state/preview_rerun_20260508-083625/config-bootstrap.json --client-state ./state/preview_rerun_20260508-083625/clients/client-a.json --state ./state/preview_rerun_20260508-083625/clients/client-a/pairs/ada-usd.json

[1G[0K[preview:update] Loading signed intent from /home/manuelpadilla/sources/reposUbuntu/PROTOFIRE/DIA/dia-cardano-oracle/offchain/cli/state/preview_rerun_20260508-083625/intents/ada-usd.signed.json
[preview:update] Loading client and protocol state
[preview:update] Connecting to Preview and selecting the configured wallet
[preview:update] Building Preview oracle update transaction
[preview:update] Tx resources: fee=0.751706 ADA (751706 lovelace), cpu=713217182, mem=1823140
[preview:update] Output[0] | addr=addr_test1wppc...hd2j73 | lovelace=5.000000 ADA (5000000) | assets=4388b40787d6...5e32b4=1 | datum=inline(91B)
[preview:update] Output[1] | addr=addr_test1wqa9...mpkfl4 | lovelace=35.000000 ADA (35000000) | assets=3a5a5405194c...545f41=1 | datum=inline(19B)
[preview:update] Output[2] | addr=addr_test1qpgp...quxj3j | lovelace=4816.187212 ADA (4816187212)
[preview:update] Unsigned transaction ready: 30fdc29bb1f62b29c7cd7ea62076f37e721340531cafd37d50c5832d4a8228a9
[preview:update] Submitted transaction hash: 30fdc29bb1f62b29c7cd7ea62076f37e721340531cafd37d50c5832d4a8228a9
[preview:update] Confirmed by Blockfrost: oracle update transaction 30fdc29bb1f62b29c7cd7ea62076f37e721340531cafd37d50c5832d4a8228a9.
[cli] Wrote JSON output to /home/manuelpadilla/sources/reposUbuntu/PROTOFIRE/DIA/dia-cardano-oracle/offchain/cli/state/preview_rerun_20260508-083625/clients/client-a/pairs/ada-usd.json
{
  "wallet": {
    "source": "seed",
    "address": "addr_test1qpgpsm75w7l9u6au7shqzsaulrtxz2gp6xw9zhun70es6tt4t3wsjavx26kmh586erf8xxhqc2y7urq5az32sjv56nyqquxj3j"
  },
  "pair": {
    "tokenName": "04e5366fb69cdc906d0e8841d641628f09a50f7618e944de5cdb7a26b95e32b4",
    "pairId": "4144412f555344",
    "pairUnit": "4388b40787d61e7b29fa2715d0fc4d6d553109c13698ea931e52031204e5366fb69cdc906d0e8841d641628f09a50f7618e944de5cdb7a26b95e32b4",
    "pairValidatorAddress": "addr_test1wppc3dq8sltpu7eflgn3t58uf4k42vgfcymf365nrefqxyshd2j73"
  },
  "pairState": {
    "pairId": "4144412f555344",
    "price": "750000000",
    "timestamp": "1778230831",
    "nonce": "1778230831000",
    "intentHash": "c48cb65630af722111b6987321fcb4b406f6afb1946855fa0220be2439c3b9b7",
    "signer": "2b1c7eff297766569966b630a6862947a8e5285a",
    "minUtxoLovelace": "5000000",
    "intent": {
      "intentType": "OracleUpdate",
      "version": "1.0",
      "chainId": "100640",
      "nonce": "1778230831000",
      "expiry": "1778234431",
      "symbol": "ADA/USD",
      "price": "750000000",
      "timestamp": "1778230831",
      "source": "DIA Oracle",
      "signature": "5e98a9c91321bbd19d4ae55799cf78f3b77b98ca334b56193439b4ad723326167607d3d3bb268801a1d2726c754c931179b8adf115b91d1b40829e82e5d43b931b",
      "signer": "0x2b1c7eff297766569966b630a6862947a8e5285a"
    }
  },
  "datum": {
    "pairCbor": "d8799f474144412f5553441a2cb417801a69fda62f1b0000019e06d127985820c48cb65630af722111b6987321fcb4b406f6afb1946855fa0220be2439c3b9b7542b1c7eff297766569966b630a6862947a8e5285a1a004c4b40ff"
  },
  "transactions": [
    {
      "step": "preview:update",
      "submittedTxHash": "30fdc29bb1f62b29c7cd7ea62076f37e721340531cafd37d50c5832d4a8228a9",
      "confirmed": true
    }
  ]
}
[1G[0K⠙[1G[0K