[rerun] preview:intent:create-and-sign --state ./state/preview_rerun_20260508-083625/config-bootstrap.json --intent-type OracleUpdate --symbol ADA/USD --price 750000000 --source "DIA Oracle" --out ./state/preview_rerun_20260508-083625/intents/ada-usd.signed.json

> @protofire/dia-cardano-oracle-cli@0.1.0 cli
> tsx src/index.ts preview:intent:create-and-sign --state ./state/preview_rerun_20260508-083625/config-bootstrap.json --intent-type OracleUpdate --symbol ADA/USD --price 750000000 --source DIA Oracle --out ./state/preview_rerun_20260508-083625/intents/ada-usd.signed.json

[1G[0K[cli] Wrote JSON output to /home/manuelpadilla/sources/reposUbuntu/PROTOFIRE/DIA/dia-cardano-oracle/offchain/cli/state/preview_rerun_20260508-083625/intents/ada-usd.signed.json
{
  "intent": {
    "intentType": "OracleUpdate",
    "version": "1.0",
    "chainId": "100640",
    "nonce": "1778230831000",
    "expiry": "1778234431",
    "symbol": "ADA/USD",
    "price": "750000000",
    "timestamp": "1778230831",
    "source": "DIA Oracle",
    "signature": "0x5e98a9c91321bbd19d4ae55799cf78f3b77b98ca334b56193439b4ad723326167607d3d3bb268801a1d2726c754c931179b8adf115b91d1b40829e82e5d43b931b",
    "signer": "0x2b1c7eff297766569966b630a6862947a8e5285a"
  },
  "witness": {
    "signerPublicKey": "02d78ade9f8a9c064c8c588dba903df0cc0118596b9ec65f665dea1b448519f531",
    "signerAddress": "0x2b1c7eff297766569966b630a6862947a8e5285a",
    "intentHash": "c48cb65630af722111b6987321fcb4b406f6afb1946855fa0220be2439c3b9b7",
    "compactSignature": "5e98a9c91321bbd19d4ae55799cf78f3b77b98ca334b56193439b4ad723326167607d3d3bb268801a1d2726c754c931179b8adf115b91d1b40829e82e5d43b93"
  }
}
[1G[0K⠙[1G[0K