
> @protofire/dia-cardano-oracle-cli@0.1.0 cli
> tsx src/index.ts preview:update --intent ./state/preview_rerun_20260508-083625/intents/usdt-usd.signed.json --protocol-state ./state/preview_rerun_20260508-083625/config-bootstrap.json --client-state ./state/preview_rerun_20260508-083625/clients/client-a.json --state ./state/preview_rerun_20260508-083625/clients/client-a/pairs/usdt-usd.json

[1G[0K[preview:update] Loading signed intent from /home/manuelpadilla/sources/reposUbuntu/PROTOFIRE/DIA/dia-cardano-oracle/offchain/cli/state/preview_rerun_20260508-083625/intents/usdt-usd.signed.json
[preview:update] Loading client and protocol state
[preview:update] Connecting to Preview and selecting the configured wallet
[preview:update] Building Preview oracle update transaction
[preview:update] Tx resources: fee=0.751794 ADA (751794 lovelace), cpu=713217182, mem=1823140
[preview:update] Output[0] | addr=addr_test1wppc...hd2j73 | lovelace=5.000000 ADA (5000000) | assets=4388b40787d6...29d315=1 | datum=inline(92B)
[preview:update] Output[1] | addr=addr_test1wqa9...mpkfl4 | lovelace=35.000000 ADA (35000000) | assets=3a5a5405194c...545f41=1 | datum=inline(19B)
[preview:update] Output[2] | addr=addr_test1qpgp...quxj3j | lovelace=4810.435418 ADA (4810435418)
[preview:update] Unsigned transaction ready: 9a393688677bc874ae74f92ff6f573d51826a26b620ae8e270066f12adec1b41
[preview:update] Submitted transaction hash: 9a393688677bc874ae74f92ff6f573d51826a26b620ae8e270066f12adec1b41
[preview:update] Confirmed by Blockfrost: oracle update transaction 9a393688677bc874ae74f92ff6f573d51826a26b620ae8e270066f12adec1b41.
[cli] Wrote JSON output to /home/manuelpadilla/sources/reposUbuntu/PROTOFIRE/DIA/dia-cardano-oracle/offchain/cli/state/preview_rerun_20260508-083625/clients/client-a/pairs/usdt-usd.json
{
  "wallet": {
    "source": "seed",
    "address": "addr_test1qpgpsm75w7l9u6au7shqzsaulrtxz2gp6xw9zhun70es6tt4t3wsjavx26kmh586erf8xxhqc2y7urq5az32sjv56nyqquxj3j"
  },
  "pair": {
    "tokenName": "5ec9fa6a8337c83985882517e4865a68763912f37490cffe992a26abfd29d315",
    "pairId": "555344542f555344",
    "pairUnit": "4388b40787d61e7b29fa2715d0fc4d6d553109c13698ea931e5203125ec9fa6a8337c83985882517e4865a68763912f37490cffe992a26abfd29d315",
    "pairValidatorAddress": "addr_test1wppc3dq8sltpu7eflgn3t58uf4k42vgfcymf365nrefqxyshd2j73"
  },
  "pairState": {
    "pairId": "555344542f555344",
    "price": "100001234",
    "timestamp": "1778230986",
    "nonce": "1778230986000",
    "intentHash": "52951454ed515a90660ea95221737b59a721e315f137f5619c7cf713661b8c4b",
    "signer": "2b1c7eff297766569966b630a6862947a8e5285a",
    "minUtxoLovelace": "5000000",
    "intent": {
      "intentType": "OracleUpdate",
      "version": "1.0",
      "chainId": "100640",
      "nonce": "1778230986000",
      "expiry": "1778234586",
      "symbol": "USDT/USD",
      "price": "100001234",
      "timestamp": "1778230986",
      "source": "DIA Oracle",
      "signature": "0839e94614e3ded5e04cfcbc4c2fe4b23973b04e07dc3618d298650bd464f55808ed77023ac35dfbd6075cd71163d9ccf38430711f7aa7959b947733629675e11b",
      "signer": "0x2b1c7eff297766569966b630a6862947a8e5285a"
    }
  },
  "datum": {
    "pairCbor": "d8799f48555344542f5553441a05f5e5d21a69fda6ca1b0000019e06d38510582052951454ed515a90660ea95221737b59a721e315f137f5619c7cf713661b8c4b542b1c7eff297766569966b630a6862947a8e5285a1a004c4b40ff"
  },
  "transactions": [
    {
      "step": "preview:update",
      "submittedTxHash": "9a393688677bc874ae74f92ff6f573d51826a26b620ae8e270066f12adec1b41",
      "confirmed": true
    }
  ]
}
[1G[0K⠙[1G[0K