[rerun] preview:intent:create-and-sign --state ./state/preview_rerun_20260508-083625/config-bootstrap.json --intent-type OracleUpdate --symbol USDT/USD --price 100001234 --source "DIA Oracle" --out ./state/preview_rerun_20260508-083625/intents/usdt-usd.signed.json

> @protofire/dia-cardano-oracle-cli@0.1.0 cli
> tsx src/index.ts preview:intent:create-and-sign --state ./state/preview_rerun_20260508-083625/config-bootstrap.json --intent-type OracleUpdate --symbol USDT/USD --price 100001234 --source DIA Oracle --out ./state/preview_rerun_20260508-083625/intents/usdt-usd.signed.json

[1G[0K[cli] Wrote JSON output to /home/manuelpadilla/sources/reposUbuntu/PROTOFIRE/DIA/dia-cardano-oracle/offchain/cli/state/preview_rerun_20260508-083625/intents/usdt-usd.signed.json
{
  "intent": {
    "intentType": "OracleUpdate",
    "version": "1.0",
    "chainId": "100640",
    "nonce": "1778230986000",
    "expiry": "1778234586",
    "symbol": "USDT/USD",
    "price": "100001234",
    "timestamp": "1778230986",
    "source": "DIA Oracle",
    "signature": "0x0839e94614e3ded5e04cfcbc4c2fe4b23973b04e07dc3618d298650bd464f55808ed77023ac35dfbd6075cd71163d9ccf38430711f7aa7959b947733629675e11b",
    "signer": "0x2b1c7eff297766569966b630a6862947a8e5285a"
  },
  "witness": {
    "signerPublicKey": "02d78ade9f8a9c064c8c588dba903df0cc0118596b9ec65f665dea1b448519f531",
    "signerAddress": "0x2b1c7eff297766569966b630a6862947a8e5285a",
    "intentHash": "52951454ed515a90660ea95221737b59a721e315f137f5619c7cf713661b8c4b",
    "compactSignature": "0839e94614e3ded5e04cfcbc4c2fe4b23973b04e07dc3618d298650bd464f55808ed77023ac35dfbd6075cd71163d9ccf38430711f7aa7959b947733629675e1"
  }
}
[1G[0K⠙[1G[0K