
> @protofire/dia-cardano-oracle-cli@0.1.0 cli
> tsx src/index.ts preview:update --intent ./state/preview_rerun_20260508-083625/intents/dai-usd.signed.json --protocol-state ./state/preview_rerun_20260508-083625/config-bootstrap.json --client-state ./state/preview_rerun_20260508-083625/clients/client-a.json --state ./state/preview_rerun_20260508-083625/clients/client-a/pairs/dai-usd.json

[1G[0K[preview:update] Loading signed intent from /home/manuelpadilla/sources/reposUbuntu/PROTOFIRE/DIA/dia-cardano-oracle/offchain/cli/state/preview_rerun_20260508-083625/intents/dai-usd.signed.json
[preview:update] Loading client and protocol state
[preview:update] Connecting to Preview and selecting the configured wallet
[preview:update] Building Preview oracle update transaction
[preview:update] Tx resources: fee=0.751706 ADA (751706 lovelace), cpu=713217182, mem=1823140
[preview:update] Output[0] | addr=addr_test1wppc...hd2j73 | lovelace=5.000000 ADA (5000000) | assets=4388b40787d6...ff2852=1 | datum=inline(91B)
[preview:update] Output[1] | addr=addr_test1wqa9...mpkfl4 | lovelace=35.000000 ADA (35000000) | assets=3a5a5405194c...545f41=1 | datum=inline(19B)
[preview:update] Output[2] | addr=addr_test1qpgp...quxj3j | lovelace=4804.683712 ADA (4804683712)
[preview:update] Unsigned transaction ready: a2cdb62cdbab661c0365b8c6850484b88e3a6e94043baeab4aeef481425e0791
[preview:update] Submitted transaction hash: a2cdb62cdbab661c0365b8c6850484b88e3a6e94043baeab4aeef481425e0791
[preview:update] Confirmed by Blockfrost: oracle update transaction a2cdb62cdbab661c0365b8c6850484b88e3a6e94043baeab4aeef481425e0791.
[cli] Wrote JSON output to /home/manuelpadilla/sources/reposUbuntu/PROTOFIRE/DIA/dia-cardano-oracle/offchain/cli/state/preview_rerun_20260508-083625/clients/client-a/pairs/dai-usd.json
{
  "wallet": {
    "source": "seed",
    "address": "addr_test1qpgpsm75w7l9u6au7shqzsaulrtxz2gp6xw9zhun70es6tt4t3wsjavx26kmh586erf8xxhqc2y7urq5az32sjv56nyqquxj3j"
  },
  "pair": {
    "tokenName": "0ae6401fc15363e085cf3d2f90ae10566e797d8686ab048ba30f5914c7ff2852",
    "pairId": "4441492f555344",
    "pairUnit": "4388b40787d61e7b29fa2715d0fc4d6d553109c13698ea931e5203120ae6401fc15363e085cf3d2f90ae10566e797d8686ab048ba30f5914c7ff2852",
    "pairValidatorAddress": "addr_test1wppc3dq8sltpu7eflgn3t58uf4k42vgfcymf365nrefqxyshd2j73"
  },
  "pairState": {
    "pairId": "4441492f555344",
    "price": "100000345",
    "timestamp": "1778231130",
    "nonce": "1778231130000",
    "intentHash": "6d8aca1c54fdb09514c2b583e085ee6589ed1de325d453c66f04484d4202ee3d",
    "signer": "2b1c7eff297766569966b630a6862947a8e5285a",
    "minUtxoLovelace": "5000000",
    "intent": {
      "intentType": "OracleUpdate",
      "version": "1.0",
      "chainId": "100640",
      "nonce": "1778231130000",
      "expiry": "1778234730",
      "symbol": "DAI/USD",
      "price": "100000345",
      "timestamp": "1778231130",
      "source": "DIA Oracle",
      "signature": "3a2a9779727883ee2c4227aa6fd85c8d85efc25f8c0c5446d5af9c5233f8b3121b14c73cd5a09fa9cec22e8c7787556f92b1d767ebd127cff3edffcb8e0f11d11c",
      "signer": "0x2b1c7eff297766569966b630a6862947a8e5285a"
    }
  },
  "datum": {
    "pairCbor": "d8799f474441492f5553441a05f5e2591a69fda75a1b0000019e06d5b79058206d8aca1c54fdb09514c2b583e085ee6589ed1de325d453c66f04484d4202ee3d542b1c7eff297766569966b630a6862947a8e5285a1a004c4b40ff"
  },
  "transactions": [
    {
      "step": "preview:update",
      "submittedTxHash": "a2cdb62cdbab661c0365b8c6850484b88e3a6e94043baeab4aeef481425e0791",
      "confirmed": true
    }
  ]
}
[1G[0K⠙[1G[0K