[rerun] preview:intent:create-and-sign --state ./state/preview_rerun_20260508-083625/config-bootstrap.json --intent-type OracleUpdate --symbol DAI/USD --price 100000345 --source "DIA Oracle" --out ./state/preview_rerun_20260508-083625/intents/dai-usd.signed.json

> @protofire/dia-cardano-oracle-cli@0.1.0 cli
> tsx src/index.ts preview:intent:create-and-sign --state ./state/preview_rerun_20260508-083625/config-bootstrap.json --intent-type OracleUpdate --symbol DAI/USD --price 100000345 --source DIA Oracle --out ./state/preview_rerun_20260508-083625/intents/dai-usd.signed.json

[1G[0K[cli] Wrote JSON output to /home/manuelpadilla/sources/reposUbuntu/PROTOFIRE/DIA/dia-cardano-oracle/offchain/cli/state/preview_rerun_20260508-083625/intents/dai-usd.signed.json
{
  "intent": {
    "intentType": "OracleUpdate",
    "version": "1.0",
    "chainId": "100640",
    "nonce": "1778231130000",
    "expiry": "1778234730",
    "symbol": "DAI/USD",
    "price": "100000345",
    "timestamp": "1778231130",
    "source": "DIA Oracle",
    "signature": "0x3a2a9779727883ee2c4227aa6fd85c8d85efc25f8c0c5446d5af9c5233f8b3121b14c73cd5a09fa9cec22e8c7787556f92b1d767ebd127cff3edffcb8e0f11d11c",
    "signer": "0x2b1c7eff297766569966b630a6862947a8e5285a"
  },
  "witness": {
    "signerPublicKey": "02d78ade9f8a9c064c8c588dba903df0cc0118596b9ec65f665dea1b448519f531",
    "signerAddress": "0x2b1c7eff297766569966b630a6862947a8e5285a",
    "intentHash": "6d8aca1c54fdb09514c2b583e085ee6589ed1de325d453c66f04484d4202ee3d",
    "compactSignature": "3a2a9779727883ee2c4227aa6fd85c8d85efc25f8c0c5446d5af9c5233f8b3121b14c73cd5a09fa9cec22e8c7787556f92b1d767ebd127cff3edffcb8e0f11d1"
  }
}
[1G[0K⠙[1G[0K