
> @protofire/dia-cardano-oracle-cli@0.1.0 cli
> tsx src/index.ts preview:update --intent ./state/preview_rerun_20260508-083625/intents/sol-usd.signed.json --protocol-state ./state/preview_rerun_20260508-083625/config-bootstrap.json --client-state ./state/preview_rerun_20260508-083625/clients/client-a.json --state ./state/preview_rerun_20260508-083625/clients/client-a/pairs/sol-usd.json

[1G[0K[preview:update] Loading signed intent from /home/manuelpadilla/sources/reposUbuntu/PROTOFIRE/DIA/dia-cardano-oracle/offchain/cli/state/preview_rerun_20260508-083625/intents/sol-usd.signed.json
[preview:update] Loading client and protocol state
[preview:update] Connecting to Preview and selecting the configured wallet
[preview:update] Building Preview oracle update transaction
[preview:update] Tx resources: fee=0.752058 ADA (752058 lovelace), cpu=713217182, mem=1823140
[preview:update] Output[0] | addr=addr_test1wppc...hd2j73 | lovelace=5.000000 ADA (5000000) | assets=4388b40787d6...bbbe64=1 | datum=inline(95B)
[preview:update] Output[1] | addr=addr_test1wqa9...mpkfl4 | lovelace=35.000000 ADA (35000000) | assets=3a5a5405194c...545f41=1 | datum=inline(19B)
[preview:update] Output[2] | addr=addr_test1qpgp...quxj3j | lovelace=4798.931654 ADA (4798931654)
[preview:update] Unsigned transaction ready: c72e31fdc603d78cf65de9c5fc65c649a8abd69c4f5894c650c67ce86868c73a
[preview:update] Submitted transaction hash: c72e31fdc603d78cf65de9c5fc65c649a8abd69c4f5894c650c67ce86868c73a
[preview:update] Confirmed by Blockfrost: oracle update transaction c72e31fdc603d78cf65de9c5fc65c649a8abd69c4f5894c650c67ce86868c73a.
[cli] Wrote JSON output to /home/manuelpadilla/sources/reposUbuntu/PROTOFIRE/DIA/dia-cardano-oracle/offchain/cli/state/preview_rerun_20260508-083625/clients/client-a/pairs/sol-usd.json
{
  "wallet": {
    "source": "seed",
    "address": "addr_test1qpgpsm75w7l9u6au7shqzsaulrtxz2gp6xw9zhun70es6tt4t3wsjavx26kmh586erf8xxhqc2y7urq5az32sjv56nyqquxj3j"
  },
  "pair": {
    "tokenName": "396545cb87b0103c8ddb5ff4329eeff88e2aef114f76b0807b21ce3d68bbbe64",
    "pairId": "534f4c2f555344",
    "pairUnit": "4388b40787d61e7b29fa2715d0fc4d6d553109c13698ea931e520312396545cb87b0103c8ddb5ff4329eeff88e2aef114f76b0807b21ce3d68bbbe64",
    "pairValidatorAddress": "addr_test1wppc3dq8sltpu7eflgn3t58uf4k42vgfcymf365nrefqxyshd2j73"
  },
  "pairState": {
    "pairId": "534f4c2f555344",
    "price": "18500000000",
    "timestamp": "1778231276",
    "nonce": "1778231276000",
    "intentHash": "8d590b64ac566237920221dd9a3cc555d1a71dbe963049764cabf63b30ca6fbf",
    "signer": "2b1c7eff297766569966b630a6862947a8e5285a",
    "minUtxoLovelace": "5000000",
    "intent": {
      "intentType": "OracleUpdate",
      "version": "1.0",
      "chainId": "100640",
      "nonce": "1778231276000",
      "expiry": "1778234876",
      "symbol": "SOL/USD",
      "price": "18500000000",
      "timestamp": "1778231276",
      "source": "DIA Oracle",
      "signature": "206536c64712f10bcdabb43cab98c338333fabfd507738623d36fdeb582f00e83083e1d45d5af2a900df63ffd875cef6bffdce0bfebb08a270945fac23c88d9e1b",
      "signer": "0x2b1c7eff297766569966b630a6862947a8e5285a"
    }
  },
  "datum": {
    "pairCbor": "d8799f47534f4c2f5553441b000000044eaf99001a69fda7ec1b0000019e06d7f1e058208d590b64ac566237920221dd9a3cc555d1a71dbe963049764cabf63b30ca6fbf542b1c7eff297766569966b630a6862947a8e5285a1a004c4b40ff"
  },
  "transactions": [
    {
      "step": "preview:update",
      "submittedTxHash": "c72e31fdc603d78cf65de9c5fc65c649a8abd69c4f5894c650c67ce86868c73a",
      "confirmed": true
    }
  ]
}
[1G[0K⠙[1G[0K