[rerun] preview:intent:create-and-sign --state ./state/preview_rerun_20260508-083625/config-bootstrap.json --intent-type OracleUpdate --symbol SOL/USD --price 18500000000 --source "DIA Oracle" --out ./state/preview_rerun_20260508-083625/intents/sol-usd.signed.json

> @protofire/dia-cardano-oracle-cli@0.1.0 cli
> tsx src/index.ts preview:intent:create-and-sign --state ./state/preview_rerun_20260508-083625/config-bootstrap.json --intent-type OracleUpdate --symbol SOL/USD --price 18500000000 --source DIA Oracle --out ./state/preview_rerun_20260508-083625/intents/sol-usd.signed.json

[1G[0K[cli] Wrote JSON output to /home/manuelpadilla/sources/reposUbuntu/PROTOFIRE/DIA/dia-cardano-oracle/offchain/cli/state/preview_rerun_20260508-083625/intents/sol-usd.signed.json
{
  "intent": {
    "intentType": "OracleUpdate",
    "version": "1.0",
    "chainId": "100640",
    "nonce": "1778231276000",
    "expiry": "1778234876",
    "symbol": "SOL/USD",
    "price": "18500000000",
    "timestamp": "1778231276",
    "source": "DIA Oracle",
    "signature": "0x206536c64712f10bcdabb43cab98c338333fabfd507738623d36fdeb582f00e83083e1d45d5af2a900df63ffd875cef6bffdce0bfebb08a270945fac23c88d9e1b",
    "signer": "0x2b1c7eff297766569966b630a6862947a8e5285a"
  },
  "witness": {
    "signerPublicKey": "02d78ade9f8a9c064c8c588dba903df0cc0118596b9ec65f665dea1b448519f531",
    "signerAddress": "0x2b1c7eff297766569966b630a6862947a8e5285a",
    "intentHash": "8d590b64ac566237920221dd9a3cc555d1a71dbe963049764cabf63b30ca6fbf",
    "compactSignature": "206536c64712f10bcdabb43cab98c338333fabfd507738623d36fdeb582f00e83083e1d45d5af2a900df63ffd875cef6bffdce0bfebb08a270945fac23c88d9e"
  }
}
[1G[0K⠙[1G[0K