
> @protofire/dia-cardano-oracle-cli@0.1.0 cli
> tsx src/index.ts preview:update --intent ./state/preview_rerun_20260508-083625/intents/bnb-usd.signed.json --protocol-state ./state/preview_rerun_20260508-083625/config-bootstrap.json --client-state ./state/preview_rerun_20260508-083625/clients/client-a.json --state ./state/preview_rerun_20260508-083625/clients/client-a/pairs/bnb-usd.json

[1G[0K[preview:update] Loading signed intent from /home/manuelpadilla/sources/reposUbuntu/PROTOFIRE/DIA/dia-cardano-oracle/offchain/cli/state/preview_rerun_20260508-083625/intents/bnb-usd.signed.json
[preview:update] Loading client and protocol state
[preview:update] Connecting to Preview and selecting the configured wallet
[preview:update] Building Preview oracle update transaction
[preview:update] Tx resources: fee=0.752058 ADA (752058 lovelace), cpu=713217182, mem=1823140
[preview:update] Output[0] | addr=addr_test1wppc...hd2j73 | lovelace=5.000000 ADA (5000000) | assets=4388b40787d6...30b101=1 | datum=inline(95B)
[preview:update] Output[1] | addr=addr_test1wqa9...mpkfl4 | lovelace=35.000000 ADA (35000000) | assets=3a5a5405194c...545f41=1 | datum=inline(19B)
[preview:update] Output[2] | addr=addr_test1qpgp...quxj3j | lovelace=4793.179596 ADA (4793179596)
[preview:update] Unsigned transaction ready: 96669232921347b3aa512b778a634e6e9851de0523a17d018428d1dee1a5abc4
[preview:update] Submitted transaction hash: 96669232921347b3aa512b778a634e6e9851de0523a17d018428d1dee1a5abc4
[preview:update] Confirmed by Blockfrost: oracle update transaction 96669232921347b3aa512b778a634e6e9851de0523a17d018428d1dee1a5abc4.
[cli] Wrote JSON output to /home/manuelpadilla/sources/reposUbuntu/PROTOFIRE/DIA/dia-cardano-oracle/offchain/cli/state/preview_rerun_20260508-083625/clients/client-a/pairs/bnb-usd.json
{
  "wallet": {
    "source": "seed",
    "address": "addr_test1qpgpsm75w7l9u6au7shqzsaulrtxz2gp6xw9zhun70es6tt4t3wsjavx26kmh586erf8xxhqc2y7urq5az32sjv56nyqquxj3j"
  },
  "pair": {
    "tokenName": "09da81653014451f3a86d96589f6a9e5d97b4e8236a461c7b2edbe1bab30b101",
    "pairId": "424e422f555344",
    "pairUnit": "4388b40787d61e7b29fa2715d0fc4d6d553109c13698ea931e52031209da81653014451f3a86d96589f6a9e5d97b4e8236a461c7b2edbe1bab30b101",
    "pairValidatorAddress": "addr_test1wppc3dq8sltpu7eflgn3t58uf4k42vgfcymf365nrefqxyshd2j73"
  },
  "pairState": {
    "pairId": "424e422f555344",
    "price": "61500000000",
    "timestamp": "1778231412",
    "nonce": "1778231412000",
    "intentHash": "83ff9f42f7b743ea88fc9423068317e40c4463f9fc799e318d50957dff083f8e",
    "signer": "2b1c7eff297766569966b630a6862947a8e5285a",
    "minUtxoLovelace": "5000000",
    "intent": {
      "intentType": "OracleUpdate",
      "version": "1.0",
      "chainId": "100640",
      "nonce": "1778231412000",
      "expiry": "1778235012",
      "symbol": "BNB/USD",
      "price": "61500000000",
      "timestamp": "1778231412",
      "source": "DIA Oracle",
      "signature": "255f40d1fc526bc4cc9d9481bc99fc6491aef03885dd4fab3f8fcbdf332fd81a3d34b65ee56356fb3a8d2d88e20d9072d836822092affd2651fd28774a49e2721b",
      "signer": "0x2b1c7eff297766569966b630a6862947a8e5285a"
    }
  },
  "datum": {
    "pairCbor": "d8799f47424e422f5553441b0000000e51af87001a69fda8741b0000019e06da0520582083ff9f42f7b743ea88fc9423068317e40c4463f9fc799e318d50957dff083f8e542b1c7eff297766569966b630a6862947a8e5285a1a004c4b40ff"
  },
  "transactions": [
    {
      "step": "preview:update",
      "submittedTxHash": "96669232921347b3aa512b778a634e6e9851de0523a17d018428d1dee1a5abc4",
      "confirmed": true
    }
  ]
}
[1G[0K⠙[1G[0K