[rerun] preview:intent:create-and-sign --state ./state/preview_rerun_20260508-083625/config-bootstrap.json --intent-type OracleUpdate --symbol BNB/USD --price 61500000000 --source "DIA Oracle" --out ./state/preview_rerun_20260508-083625/intents/bnb-usd.signed.json

> @protofire/dia-cardano-oracle-cli@0.1.0 cli
> tsx src/index.ts preview:intent:create-and-sign --state ./state/preview_rerun_20260508-083625/config-bootstrap.json --intent-type OracleUpdate --symbol BNB/USD --price 61500000000 --source DIA Oracle --out ./state/preview_rerun_20260508-083625/intents/bnb-usd.signed.json

[1G[0K[cli] Wrote JSON output to /home/manuelpadilla/sources/reposUbuntu/PROTOFIRE/DIA/dia-cardano-oracle/offchain/cli/state/preview_rerun_20260508-083625/intents/bnb-usd.signed.json
{
  "intent": {
    "intentType": "OracleUpdate",
    "version": "1.0",
    "chainId": "100640",
    "nonce": "1778231412000",
    "expiry": "1778235012",
    "symbol": "BNB/USD",
    "price": "61500000000",
    "timestamp": "1778231412",
    "source": "DIA Oracle",
    "signature": "0x255f40d1fc526bc4cc9d9481bc99fc6491aef03885dd4fab3f8fcbdf332fd81a3d34b65ee56356fb3a8d2d88e20d9072d836822092affd2651fd28774a49e2721b",
    "signer": "0x2b1c7eff297766569966b630a6862947a8e5285a"
  },
  "witness": {
    "signerPublicKey": "02d78ade9f8a9c064c8c588dba903df0cc0118596b9ec65f665dea1b448519f531",
    "signerAddress": "0x2b1c7eff297766569966b630a6862947a8e5285a",
    "intentHash": "83ff9f42f7b743ea88fc9423068317e40c4463f9fc799e318d50957dff083f8e",
    "compactSignature": "255f40d1fc526bc4cc9d9481bc99fc6491aef03885dd4fab3f8fcbdf332fd81a3d34b65ee56356fb3a8d2d88e20d9072d836822092affd2651fd28774a49e272"
  }
}
[1G[0K⠙[1G[0K