
> @protofire/dia-cardano-oracle-cli@0.1.0 cli
> tsx src/index.ts preview:update --intent ./state/preview_rerun_20260508-083625/intents/xrp-usd.signed.json --protocol-state ./state/preview_rerun_20260508-083625/config-bootstrap.json --client-state ./state/preview_rerun_20260508-083625/clients/client-a.json --state ./state/preview_rerun_20260508-083625/clients/client-a/pairs/xrp-usd.json

[1G[0K[preview:update] Loading signed intent from /home/manuelpadilla/sources/reposUbuntu/PROTOFIRE/DIA/dia-cardano-oracle/offchain/cli/state/preview_rerun_20260508-083625/intents/xrp-usd.signed.json
[preview:update] Loading client and protocol state
[preview:update] Connecting to Preview and selecting the configured wallet
[preview:update] Building Preview oracle update transaction
[preview:update] Tx resources: fee=0.751706 ADA (751706 lovelace), cpu=713217182, mem=1823140
[preview:update] Output[0] | addr=addr_test1wppc...hd2j73 | lovelace=5.000000 ADA (5000000) | assets=4388b40787d6...eed0bc=1 | datum=inline(91B)
[preview:update] Output[1] | addr=addr_test1wqa9...mpkfl4 | lovelace=35.000000 ADA (35000000) | assets=3a5a5405194c...545f41=1 | datum=inline(19B)
[preview:update] Output[2] | addr=addr_test1qpgp...quxj3j | lovelace=4787.427890 ADA (4787427890)
[preview:update] Unsigned transaction ready: b4512d725ccc74f1446162df614b08289cbaadf3c512c9f99099aa9d1bb94c81
[preview:update] Submitted transaction hash: b4512d725ccc74f1446162df614b08289cbaadf3c512c9f99099aa9d1bb94c81
[preview:update] Confirmed by Blockfrost: oracle update transaction b4512d725ccc74f1446162df614b08289cbaadf3c512c9f99099aa9d1bb94c81.
[cli] Wrote JSON output to /home/manuelpadilla/sources/reposUbuntu/PROTOFIRE/DIA/dia-cardano-oracle/offchain/cli/state/preview_rerun_20260508-083625/clients/client-a/pairs/xrp-usd.json
{
  "wallet": {
    "source": "seed",
    "address": "addr_test1qpgpsm75w7l9u6au7shqzsaulrtxz2gp6xw9zhun70es6tt4t3wsjavx26kmh586erf8xxhqc2y7urq5az32sjv56nyqquxj3j"
  },
  "pair": {
    "tokenName": "bac7b9f5648596883156b7004ce94ebb55cc5049bd65b93188cd724e9feed0bc",
    "pairId": "5852502f555344",
    "pairUnit": "4388b40787d61e7b29fa2715d0fc4d6d553109c13698ea931e520312bac7b9f5648596883156b7004ce94ebb55cc5049bd65b93188cd724e9feed0bc",
    "pairValidatorAddress": "addr_test1wppc3dq8sltpu7eflgn3t58uf4k42vgfcymf365nrefqxyshd2j73"
  },
  "pairState": {
    "pairId": "5852502f555344",
    "price": "520000000",
    "timestamp": "1778231572",
    "nonce": "1778231572000",
    "intentHash": "a8af4ce7062a97516448f670360b71147a09bd3e6b835b37e3a6b59e8814f06e",
    "signer": "2b1c7eff297766569966b630a6862947a8e5285a",
    "minUtxoLovelace": "5000000",
    "intent": {
      "intentType": "OracleUpdate",
      "version": "1.0",
      "chainId": "100640",
      "nonce": "1778231572000",
      "expiry": "1778235172",
      "symbol": "XRP/USD",
      "price": "520000000",
      "timestamp": "1778231572",
      "source": "DIA Oracle",
      "signature": "4169991532db8dcda39eb3b7917a0f0b1ed1360b252aa372e91cfbf2678eca6b6c37f60d4f04cc3163b7a853d047b7aad520151702a6b0f0c87790251aeb145f1b",
      "signer": "0x2b1c7eff297766569966b630a6862947a8e5285a"
    }
  },
  "datum": {
    "pairCbor": "d8799f475852502f5553441a1efe92001a69fda9141b0000019e06dc76205820a8af4ce7062a97516448f670360b71147a09bd3e6b835b37e3a6b59e8814f06e542b1c7eff297766569966b630a6862947a8e5285a1a004c4b40ff"
  },
  "transactions": [
    {
      "step": "preview:update",
      "submittedTxHash": "b4512d725ccc74f1446162df614b08289cbaadf3c512c9f99099aa9d1bb94c81",
      "confirmed": true
    }
  ]
}
[1G[0K⠙[1G[0K