[rerun] preview:intent:create-and-sign --state ./state/preview_rerun_20260508-083625/config-bootstrap.json --intent-type OracleUpdate --symbol XRP/USD --price 520000000 --source "DIA Oracle" --out ./state/preview_rerun_20260508-083625/intents/xrp-usd.signed.json

> @protofire/dia-cardano-oracle-cli@0.1.0 cli
> tsx src/index.ts preview:intent:create-and-sign --state ./state/preview_rerun_20260508-083625/config-bootstrap.json --intent-type OracleUpdate --symbol XRP/USD --price 520000000 --source DIA Oracle --out ./state/preview_rerun_20260508-083625/intents/xrp-usd.signed.json

[1G[0K[cli] Wrote JSON output to /home/manuelpadilla/sources/reposUbuntu/PROTOFIRE/DIA/dia-cardano-oracle/offchain/cli/state/preview_rerun_20260508-083625/intents/xrp-usd.signed.json
{
  "intent": {
    "intentType": "OracleUpdate",
    "version": "1.0",
    "chainId": "100640",
    "nonce": "1778231572000",
    "expiry": "1778235172",
    "symbol": "XRP/USD",
    "price": "520000000",
    "timestamp": "1778231572",
    "source": "DIA Oracle",
    "signature": "0x4169991532db8dcda39eb3b7917a0f0b1ed1360b252aa372e91cfbf2678eca6b6c37f60d4f04cc3163b7a853d047b7aad520151702a6b0f0c87790251aeb145f1b",
    "signer": "0x2b1c7eff297766569966b630a6862947a8e5285a"
  },
  "witness": {
    "signerPublicKey": "02d78ade9f8a9c064c8c588dba903df0cc0118596b9ec65f665dea1b448519f531",
    "signerAddress": "0x2b1c7eff297766569966b630a6862947a8e5285a",
    "intentHash": "a8af4ce7062a97516448f670360b71147a09bd3e6b835b37e3a6b59e8814f06e",
    "compactSignature": "4169991532db8dcda39eb3b7917a0f0b1ed1360b252aa372e91cfbf2678eca6b6c37f60d4f04cc3163b7a853d047b7aad520151702a6b0f0c87790251aeb145f"
  }
}
[1G[0K⠙[1G[0K