
> @protofire/dia-cardano-oracle-cli@0.1.0 cli
> tsx src/index.ts preview:update --intent ./state/preview_rerun_20260508-083625/intents/matic-usd.signed.json --protocol-state ./state/preview_rerun_20260508-083625/config-bootstrap.json --client-state ./state/preview_rerun_20260508-083625/clients/client-a.json --state ./state/preview_rerun_20260508-083625/clients/client-a/pairs/matic-usd.json

[1G[0K[preview:update] Loading signed intent from /home/manuelpadilla/sources/reposUbuntu/PROTOFIRE/DIA/dia-cardano-oracle/offchain/cli/state/preview_rerun_20260508-083625/intents/matic-usd.signed.json
[preview:update] Loading client and protocol state
[preview:update] Connecting to Preview and selecting the configured wallet
[preview:update] Building Preview oracle update transaction
[preview:update] Tx resources: fee=0.751892 ADA (751892 lovelace), cpu=713363111, mem=1823140
[preview:update] Output[0] | addr=addr_test1wppc...hd2j73 | lovelace=5.000000 ADA (5000000) | assets=4388b40787d6...57e571=1 | datum=inline(93B)
[preview:update] Output[1] | addr=addr_test1wqa9...mpkfl4 | lovelace=35.000000 ADA (35000000) | assets=3a5a5405194c...545f41=1 | datum=inline(19B)
[preview:update] Output[2] | addr=addr_test1qpgp...quxj3j | lovelace=4781.675998 ADA (4781675998)
[preview:update] Unsigned transaction ready: 86279ebfd095f9940c914f749026a750769cdc66a9fb4ace714b4ece8df5a9c5
[preview:update] Submitted transaction hash: 86279ebfd095f9940c914f749026a750769cdc66a9fb4ace714b4ece8df5a9c5
[preview:update] Confirmed by Blockfrost: oracle update transaction 86279ebfd095f9940c914f749026a750769cdc66a9fb4ace714b4ece8df5a9c5.
[cli] Wrote JSON output to /home/manuelpadilla/sources/reposUbuntu/PROTOFIRE/DIA/dia-cardano-oracle/offchain/cli/state/preview_rerun_20260508-083625/clients/client-a/pairs/matic-usd.json
{
  "wallet": {
    "source": "seed",
    "address": "addr_test1qpgpsm75w7l9u6au7shqzsaulrtxz2gp6xw9zhun70es6tt4t3wsjavx26kmh586erf8xxhqc2y7urq5az32sjv56nyqquxj3j"
  },
  "pair": {
    "tokenName": "d2a1402553abe60aecdea3464be08e7ced64530fea0989b8fdfd49351157e571",
    "pairId": "4d415449432f555344",
    "pairUnit": "4388b40787d61e7b29fa2715d0fc4d6d553109c13698ea931e520312d2a1402553abe60aecdea3464be08e7ced64530fea0989b8fdfd49351157e571",
    "pairValidatorAddress": "addr_test1wppc3dq8sltpu7eflgn3t58uf4k42vgfcymf365nrefqxyshd2j73"
  },
  "pairState": {
    "pairId": "4d415449432f555344",
    "price": "980000000",
    "timestamp": "1778231721",
    "nonce": "1778231721000",
    "intentHash": "6c0836f47096aebafe017cb362b035c01069317220102dc7043517ac430ad9eb",
    "signer": "2b1c7eff297766569966b630a6862947a8e5285a",
    "minUtxoLovelace": "5000000",
    "intent": {
      "intentType": "OracleUpdate",
      "version": "1.0",
      "chainId": "100640",
      "nonce": "1778231721000",
      "expiry": "1778235321",
      "symbol": "MATIC/USD",
      "price": "980000000",
      "timestamp": "1778231721",
      "source": "DIA Oracle",
      "signature": "47ae36857ccec25698a87cd001e1a18d59bc4798c71f0e5934a0c7c68dc07a541034ae450886a1eeea9a85ba96e462d187a7b80ecb9d0a48e7ffc6df15e9b9ce1c",
      "signer": "0x2b1c7eff297766569966b630a6862947a8e5285a"
    }
  },
  "datum": {
    "pairCbor": "d8799f494d415449432f5553441a3a699d001a69fda9a91b0000019e06debc2858206c0836f47096aebafe017cb362b035c01069317220102dc7043517ac430ad9eb542b1c7eff297766569966b630a6862947a8e5285a1a004c4b40ff"
  },
  "transactions": [
    {
      "step": "preview:update",
      "submittedTxHash": "86279ebfd095f9940c914f749026a750769cdc66a9fb4ace714b4ece8df5a9c5",
      "confirmed": true
    }
  ]
}
[1G[0K⠙[1G[0K