[rerun] preview:intent:create-and-sign --state ./state/preview_rerun_20260508-083625/config-bootstrap.json --intent-type OracleUpdate --symbol MATIC/USD --price 980000000 --source "DIA Oracle" --out ./state/preview_rerun_20260508-083625/intents/matic-usd.signed.json

> @protofire/dia-cardano-oracle-cli@0.1.0 cli
> tsx src/index.ts preview:intent:create-and-sign --state ./state/preview_rerun_20260508-083625/config-bootstrap.json --intent-type OracleUpdate --symbol MATIC/USD --price 980000000 --source DIA Oracle --out ./state/preview_rerun_20260508-083625/intents/matic-usd.signed.json

[1G[0K[cli] Wrote JSON output to /home/manuelpadilla/sources/reposUbuntu/PROTOFIRE/DIA/dia-cardano-oracle/offchain/cli/state/preview_rerun_20260508-083625/intents/matic-usd.signed.json
{
  "intent": {
    "intentType": "OracleUpdate",
    "version": "1.0",
    "chainId": "100640",
    "nonce": "1778231721000",
    "expiry": "1778235321",
    "symbol": "MATIC/USD",
    "price": "980000000",
    "timestamp": "1778231721",
    "source": "DIA Oracle",
    "signature": "0x47ae36857ccec25698a87cd001e1a18d59bc4798c71f0e5934a0c7c68dc07a541034ae450886a1eeea9a85ba96e462d187a7b80ecb9d0a48e7ffc6df15e9b9ce1c",
    "signer": "0x2b1c7eff297766569966b630a6862947a8e5285a"
  },
  "witness": {
    "signerPublicKey": "02d78ade9f8a9c064c8c588dba903df0cc0118596b9ec65f665dea1b448519f531",
    "signerAddress": "0x2b1c7eff297766569966b630a6862947a8e5285a",
    "intentHash": "6c0836f47096aebafe017cb362b035c01069317220102dc7043517ac430ad9eb",
    "compactSignature": "47ae36857ccec25698a87cd001e1a18d59bc4798c71f0e5934a0c7c68dc07a541034ae450886a1eeea9a85ba96e462d187a7b80ecb9d0a48e7ffc6df15e9b9ce"
  }
}
[1G[0K⠙[1G[0K