
> @protofire/dia-cardano-oracle-cli@0.1.0 cli
> tsx src/index.ts preview:update --intent ./state/preview_rerun_20260508-083625/intents/dot-usd.signed.json --protocol-state ./state/preview_rerun_20260508-083625/config-bootstrap.json --client-state ./state/preview_rerun_20260508-083625/clients/client-a.json --state ./state/preview_rerun_20260508-083625/clients/client-a/pairs/dot-usd.json

[1G[0K[preview:update] Loading signed intent from /home/manuelpadilla/sources/reposUbuntu/PROTOFIRE/DIA/dia-cardano-oracle/offchain/cli/state/preview_rerun_20260508-083625/intents/dot-usd.signed.json
[preview:update] Loading client and protocol state
[preview:update] Connecting to Preview and selecting the configured wallet
[preview:update] Building Preview oracle update transaction
[preview:update] Tx resources: fee=0.751706 ADA (751706 lovelace), cpu=713217182, mem=1823140
[preview:update] Output[0] | addr=addr_test1wppc...hd2j73 | lovelace=5.000000 ADA (5000000) | assets=4388b40787d6...52daee=1 | datum=inline(91B)
[preview:update] Output[1] | addr=addr_test1wqa9...mpkfl4 | lovelace=35.000000 ADA (35000000) | assets=3a5a5405194c...545f41=1 | datum=inline(19B)
[preview:update] Output[2] | addr=addr_test1qpgp...quxj3j | lovelace=4775.924292 ADA (4775924292)
[preview:update] Unsigned transaction ready: d17e76075b24e6c7e2fdb77e7cc512fb54600532f2e3d5200c5f6730912fa934
[preview:update] Submitted transaction hash: d17e76075b24e6c7e2fdb77e7cc512fb54600532f2e3d5200c5f6730912fa934
[preview:update] Blockfrost did not see d17e76075b24e6c7e2fdb77e7cc512fb54600532f2e3d5200c5f6730912fa934 within 120000ms; trying Koios.
[preview:update] Koios attempt 1/40 failed for d17e76075b24e6c7e2fdb77e7cc512fb54600532f2e3d5200c5f6730912fa934 (Koios tx_info request failed (503 Service Unavailable).).
[preview:update] Koios attempt 2/40 failed for d17e76075b24e6c7e2fdb77e7cc512fb54600532f2e3d5200c5f6730912fa934 (Koios tx_info request failed (503 Service Unavailable).).
[preview:update] Koios attempt 3/40 failed for d17e76075b24e6c7e2fdb77e7cc512fb54600532f2e3d5200c5f6730912fa934 (Koios tx_info request failed (503 Service Unavailable).).
[preview:update] Koios appears to be down (3 consecutive 5xx); falling back to Blockfrost REST.
[preview:update] Retrying confirmation via Blockfrost REST for d17e76075b24e6c7e2fdb77e7cc512fb54600532f2e3d5200c5f6730912fa934 (up to 20 attempts).
[preview:update] Confirmed by Blockfrost REST: oracle update transaction d17e76075b24e6c7e2fdb77e7cc512fb54600532f2e3d5200c5f6730912fa934.
[cli] Wrote JSON output to /home/manuelpadilla/sources/reposUbuntu/PROTOFIRE/DIA/dia-cardano-oracle/offchain/cli/state/preview_rerun_20260508-083625/clients/client-a/pairs/dot-usd.json
{
  "wallet": {
    "source": "seed",
    "address": "addr_test1qpgpsm75w7l9u6au7shqzsaulrtxz2gp6xw9zhun70es6tt4t3wsjavx26kmh586erf8xxhqc2y7urq5az32sjv56nyqquxj3j"
  },
  "pair": {
    "tokenName": "ff3f796230b336b4e5c8d3af0440cbe0346a64cdab5e9cba4a8e2f476152daee",
    "pairId": "444f542f555344",
    "pairUnit": "4388b40787d61e7b29fa2715d0fc4d6d553109c13698ea931e520312ff3f796230b336b4e5c8d3af0440cbe0346a64cdab5e9cba4a8e2f476152daee",
    "pairValidatorAddress": "addr_test1wppc3dq8sltpu7eflgn3t58uf4k42vgfcymf365nrefqxyshd2j73"
  },
  "pairState": {
    "pairId": "444f542f555344",
    "price": "420000000",
    "timestamp": "1778231886",
    "nonce": "1778231886000",
    "intentHash": "e9e9217bd97e477bec4b50066136d368cbf3a14a1b1205356aa7d382853ae397",
    "signer": "2b1c7eff297766569966b630a6862947a8e5285a",
    "minUtxoLovelace": "5000000",
    "intent": {
      "intentType": "OracleUpdate",
      "version": "1.0",
      "chainId": "100640",
      "nonce": "1778231886000",
      "expiry": "1778235486",
      "symbol": "DOT/USD",
      "price": "420000000",
      "timestamp": "1778231886",
      "source": "DIA Oracle",
      "signature": "a145a5db54a10fe5b266345d67b88708bddd51695eabba5b3bbcfbaf4684550e16f0ff6a3a1ab24e9c8fac6c9a6c1e464c1119f8f65154e5172dcc66cc00002c1b",
      "signer": "0x2b1c7eff297766569966b630a6862947a8e5285a"
    }
  },
  "datum": {
    "pairCbor": "d8799f47444f542f5553441a1908b1001a69fdaa4e1b0000019e06e140b05820e9e9217bd97e477bec4b50066136d368cbf3a14a1b1205356aa7d382853ae397542b1c7eff297766569966b630a6862947a8e5285a1a004c4b40ff"
  },
  "transactions": [
    {
      "step": "preview:update",
      "submittedTxHash": "d17e76075b24e6c7e2fdb77e7cc512fb54600532f2e3d5200c5f6730912fa934",
      "confirmed": true
    }
  ]
}
[1G[0K⠙[1G[0K