[rerun] preview:intent:create-and-sign --state ./state/preview_rerun_20260508-083625/config-bootstrap.json --intent-type OracleUpdate --symbol DOT/USD --price 420000000 --source "DIA Oracle" --out ./state/preview_rerun_20260508-083625/intents/dot-usd.signed.json

> @protofire/dia-cardano-oracle-cli@0.1.0 cli
> tsx src/index.ts preview:intent:create-and-sign --state ./state/preview_rerun_20260508-083625/config-bootstrap.json --intent-type OracleUpdate --symbol DOT/USD --price 420000000 --source DIA Oracle --out ./state/preview_rerun_20260508-083625/intents/dot-usd.signed.json

[1G[0K[cli] Wrote JSON output to /home/manuelpadilla/sources/reposUbuntu/PROTOFIRE/DIA/dia-cardano-oracle/offchain/cli/state/preview_rerun_20260508-083625/intents/dot-usd.signed.json
{
  "intent": {
    "intentType": "OracleUpdate",
    "version": "1.0",
    "chainId": "100640",
    "nonce": "1778231886000",
    "expiry": "1778235486",
    "symbol": "DOT/USD",
    "price": "420000000",
    "timestamp": "1778231886",
    "source": "DIA Oracle",
    "signature": "0xa145a5db54a10fe5b266345d67b88708bddd51695eabba5b3bbcfbaf4684550e16f0ff6a3a1ab24e9c8fac6c9a6c1e464c1119f8f65154e5172dcc66cc00002c1b",
    "signer": "0x2b1c7eff297766569966b630a6862947a8e5285a"
  },
  "witness": {
    "signerPublicKey": "02d78ade9f8a9c064c8c588dba903df0cc0118596b9ec65f665dea1b448519f531",
    "signerAddress": "0x2b1c7eff297766569966b630a6862947a8e5285a",
    "intentHash": "e9e9217bd97e477bec4b50066136d368cbf3a14a1b1205356aa7d382853ae397",
    "compactSignature": "a145a5db54a10fe5b266345d67b88708bddd51695eabba5b3bbcfbaf4684550e16f0ff6a3a1ab24e9c8fac6c9a6c1e464c1119f8f65154e5172dcc66cc00002c"
  }
}
[1G[0K⠙[1G[0K