[rerun] preview:intent:create-and-sign --state ./state/preview_rerun_20260508-083625/config-bootstrap.json --intent-type OracleUpdate --symbol BTC/USD --price 6001000000000 --source "DIA Oracle" --out ./state/preview_rerun_20260508-083625/intents/btc-usd-batch.signed.json

> @protofire/dia-cardano-oracle-cli@0.1.0 cli
> tsx src/index.ts preview:intent:create-and-sign --state ./state/preview_rerun_20260508-083625/config-bootstrap.json --intent-type OracleUpdate --symbol BTC/USD --price 6001000000000 --source DIA Oracle --out ./state/preview_rerun_20260508-083625/intents/btc-usd-batch.signed.json

[1G[0K[cli] Wrote JSON output to /home/manuelpadilla/sources/reposUbuntu/PROTOFIRE/DIA/dia-cardano-oracle/offchain/cli/state/preview_rerun_20260508-083625/intents/btc-usd-batch.signed.json
{
  "intent": {
    "intentType": "OracleUpdate",
    "version": "1.0",
    "chainId": "100640",
    "nonce": "1778232181000",
    "expiry": "1778235781",
    "symbol": "BTC/USD",
    "price": "6001000000000",
    "timestamp": "1778232181",
    "source": "DIA Oracle",
    "signature": "0x9985c8d61f5adecc13c6bb27f3cb9c5d5a701d9585b3355bf6d7bee5d2cb7e2d407cc94fbc42af5bef2cc72181f1a37ef4ae954047c5a4fd238b0e775e02612d1c",
    "signer": "0x2b1c7eff297766569966b630a6862947a8e5285a"
  },
  "witness": {
    "signerPublicKey": "02d78ade9f8a9c064c8c588dba903df0cc0118596b9ec65f665dea1b448519f531",
    "signerAddress": "0x2b1c7eff297766569966b630a6862947a8e5285a",
    "intentHash": "277afc8291a975d280f776807cad0cf9a4e1fafcb8a30462ac7d0bdeb3cef437",
    "compactSignature": "9985c8d61f5adecc13c6bb27f3cb9c5d5a701d9585b3355bf6d7bee5d2cb7e2d407cc94fbc42af5bef2cc72181f1a37ef4ae954047c5a4fd238b0e775e02612d"
  }
}
[1G[0K⠙[1G[0K[rerun] preview:intent:create-and-sign --state ./state/preview_rerun_20260508-083625/config-bootstrap.json --intent-type OracleUpdate --symbol ETH/USD --price 250100000000 --source "DIA Oracle" --out ./state/preview_rerun_20260508-083625/intents/eth-usd-batch.signed.json

> @protofire/dia-cardano-oracle-cli@0.1.0 cli
> tsx src/index.ts preview:intent:create-and-sign --state ./state/preview_rerun_20260508-083625/config-bootstrap.json --intent-type OracleUpdate --symbol ETH/USD --price 250100000000 --source DIA Oracle --out ./state/preview_rerun_20260508-083625/intents/eth-usd-batch.signed.json

[1G[0K[cli] Wrote JSON output to /home/manuelpadilla/sources/reposUbuntu/PROTOFIRE/DIA/dia-cardano-oracle/offchain/cli/state/preview_rerun_20260508-083625/intents/eth-usd-batch.signed.json
{
  "intent": {
    "intentType": "OracleUpdate",
    "version": "1.0",
    "chainId": "100640",
    "nonce": "1778232181000",
    "expiry": "1778235781",
    "symbol": "ETH/USD",
    "price": "250100000000",
    "timestamp": "1778232181",
    "source": "DIA Oracle",
    "signature": "0xa3a8756c36abdcd0111923c230ace8782aed0aba51e08ad7566157d3350bfcfc0bbd5800d59adb45667bd9a40521fb7dd5dea68361d691d4ca1b525f60570a331c",
    "signer": "0x2b1c7eff297766569966b630a6862947a8e5285a"
  },
  "witness": {
    "signerPublicKey": "02d78ade9f8a9c064c8c588dba903df0cc0118596b9ec65f665dea1b448519f531",
    "signerAddress": "0x2b1c7eff297766569966b630a6862947a8e5285a",
    "intentHash": "b9a4e387e4dfd411ae3e4a4ad4af07b75dbce531f8922716d818c9dac22eff70",
    "compactSignature": "a3a8756c36abdcd0111923c230ace8782aed0aba51e08ad7566157d3350bfcfc0bbd5800d59adb45667bd9a40521fb7dd5dea68361d691d4ca1b525f60570a33"
  }
}
[1G[0K⠙[1G[0K[rerun] preview:intent:create-and-sign --state ./state/preview_rerun_20260508-083625/config-bootstrap.json --intent-type OracleUpdate --symbol ADA/USD --price 751000000 --source "DIA Oracle" --out ./state/preview_rerun_20260508-083625/intents/ada-usd-batch.signed.json

> @protofire/dia-cardano-oracle-cli@0.1.0 cli
> tsx src/index.ts preview:intent:create-and-sign --state ./state/preview_rerun_20260508-083625/config-bootstrap.json --intent-type OracleUpdate --symbol ADA/USD --price 751000000 --source DIA Oracle --out ./state/preview_rerun_20260508-083625/intents/ada-usd-batch.signed.json

[1G[0K[cli] Wrote JSON output to /home/manuelpadilla/sources/reposUbuntu/PROTOFIRE/DIA/dia-cardano-oracle/offchain/cli/state/preview_rerun_20260508-083625/intents/ada-usd-batch.signed.json
{
  "intent": {
    "intentType": "OracleUpdate",
    "version": "1.0",
    "chainId": "100640",
    "nonce": "1778232181000",
    "expiry": "1778235781",
    "symbol": "ADA/USD",
    "price": "751000000",
    "timestamp": "1778232181",
    "source": "DIA Oracle",
    "signature": "0x47f1a7254a4c0aa076cfc989c5c61a582be5ed8f13759aded1ba896fe4787a2c7f9ddc245ad921d57c76df0b42e4ab8872f31f7c4cfaa9432910ef07b7e26bfa1b",
    "signer": "0x2b1c7eff297766569966b630a6862947a8e5285a"
  },
  "witness": {
    "signerPublicKey": "02d78ade9f8a9c064c8c588dba903df0cc0118596b9ec65f665dea1b448519f531",
    "signerAddress": "0x2b1c7eff297766569966b630a6862947a8e5285a",
    "intentHash": "fb9bda4ddbe835ad4b8491944e662cdbc5136a38b7727d245ecbfe82f575f631",
    "compactSignature": "47f1a7254a4c0aa076cfc989c5c61a582be5ed8f13759aded1ba896fe4787a2c7f9ddc245ad921d57c76df0b42e4ab8872f31f7c4cfaa9432910ef07b7e26bfa"
  }
}
[1G[0K⠙[1G[0K[rerun] preview:intent:create-and-sign --state ./state/preview_rerun_20260508-083625/config-bootstrap.json --intent-type OracleUpdate --symbol USDT/USD --price 100101234 --source "DIA Oracle" --out ./state/preview_rerun_20260508-083625/intents/usdt-usd-batch.signed.json

> @protofire/dia-cardano-oracle-cli@0.1.0 cli
> tsx src/index.ts preview:intent:create-and-sign --state ./state/preview_rerun_20260508-083625/config-bootstrap.json --intent-type OracleUpdate --symbol USDT/USD --price 100101234 --source DIA Oracle --out ./state/preview_rerun_20260508-083625/intents/usdt-usd-batch.signed.json

[1G[0K[cli] Wrote JSON output to /home/manuelpadilla/sources/reposUbuntu/PROTOFIRE/DIA/dia-cardano-oracle/offchain/cli/state/preview_rerun_20260508-083625/intents/usdt-usd-batch.signed.json
{
  "intent": {
    "intentType": "OracleUpdate",
    "version": "1.0",
    "chainId": "100640",
    "nonce": "1778232181000",
    "expiry": "1778235781",
    "symbol": "USDT/USD",
    "price": "100101234",
    "timestamp": "1778232181",
    "source": "DIA Oracle",
    "signature": "0xd3ba4dae12c9942fba582a09249955a4912cdb819f00724245806f2eda5575892a03041b692b61bb8e26173a0ab562f74b2d870c63dce74b1d945c1975accd5a1c",
    "signer": "0x2b1c7eff297766569966b630a6862947a8e5285a"
  },
  "witness": {
    "signerPublicKey": "02d78ade9f8a9c064c8c588dba903df0cc0118596b9ec65f665dea1b448519f531",
    "signerAddress": "0x2b1c7eff297766569966b630a6862947a8e5285a",
    "intentHash": "53ce65692c8b6a10af24413806e73d48207664efa33f647283bb8385f96686c8",
    "compactSignature": "d3ba4dae12c9942fba582a09249955a4912cdb819f00724245806f2eda5575892a03041b692b61bb8e26173a0ab562f74b2d870c63dce74b1d945c1975accd5a"
  }
}
[1G[0K⠙[1G[0K[rerun] preview:intent:create-and-sign --state ./state/preview_rerun_20260508-083625/config-bootstrap.json --intent-type OracleUpdate --symbol DAI/USD --price 100100345 --source "DIA Oracle" --out ./state/preview_rerun_20260508-083625/intents/dai-usd-batch.signed.json

> @protofire/dia-cardano-oracle-cli@0.1.0 cli
> tsx src/index.ts preview:intent:create-and-sign --state ./state/preview_rerun_20260508-083625/config-bootstrap.json --intent-type OracleUpdate --symbol DAI/USD --price 100100345 --source DIA Oracle --out ./state/preview_rerun_20260508-083625/intents/dai-usd-batch.signed.json

[1G[0K[cli] Wrote JSON output to /home/manuelpadilla/sources/reposUbuntu/PROTOFIRE/DIA/dia-cardano-oracle/offchain/cli/state/preview_rerun_20260508-083625/intents/dai-usd-batch.signed.json
{
  "intent": {
    "intentType": "OracleUpdate",
    "version": "1.0",
    "chainId": "100640",
    "nonce": "1778232181000",
    "expiry": "1778235781",
    "symbol": "DAI/USD",
    "price": "100100345",
    "timestamp": "1778232181",
    "source": "DIA Oracle",
    "signature": "0x1cd99f26d463de21070e81dddcd1b9903a0f7fbecb7c48894b23edc38d9e1a2775ca85955870552b9484e9f7b656c5fd5785b795292e8308a9dcce10c3f0a36b1b",
    "signer": "0x2b1c7eff297766569966b630a6862947a8e5285a"
  },
  "witness": {
    "signerPublicKey": "02d78ade9f8a9c064c8c588dba903df0cc0118596b9ec65f665dea1b448519f531",
    "signerAddress": "0x2b1c7eff297766569966b630a6862947a8e5285a",
    "intentHash": "e283da94356ffec413ed90b61b39ccd0cf64ee07df045ec383807d39b4afdc01",
    "compactSignature": "1cd99f26d463de21070e81dddcd1b9903a0f7fbecb7c48894b23edc38d9e1a2775ca85955870552b9484e9f7b656c5fd5785b795292e8308a9dcce10c3f0a36b"
  }
}
[1G[0K⠙[1G[0K[rerun] preview:intent:create-and-sign --state ./state/preview_rerun_20260508-083625/config-bootstrap.json --intent-type OracleUpdate --symbol SOL/USD --price 18510000000 --source "DIA Oracle" --out ./state/preview_rerun_20260508-083625/intents/sol-usd-batch.signed.json

> @protofire/dia-cardano-oracle-cli@0.1.0 cli
> tsx src/index.ts preview:intent:create-and-sign --state ./state/preview_rerun_20260508-083625/config-bootstrap.json --intent-type OracleUpdate --symbol SOL/USD --price 18510000000 --source DIA Oracle --out ./state/preview_rerun_20260508-083625/intents/sol-usd-batch.signed.json

[1G[0K[cli] Wrote JSON output to /home/manuelpadilla/sources/reposUbuntu/PROTOFIRE/DIA/dia-cardano-oracle/offchain/cli/state/preview_rerun_20260508-083625/intents/sol-usd-batch.signed.json
{
  "intent": {
    "intentType": "OracleUpdate",
    "version": "1.0",
    "chainId": "100640",
    "nonce": "1778232181000",
    "expiry": "1778235781",
    "symbol": "SOL/USD",
    "price": "18510000000",
    "timestamp": "1778232181",
    "source": "DIA Oracle",
    "signature": "0x17d27f274b4f2c321360eb7ee0c63b6feaaa9d58a82f8e85c27366338b4082c610b6296d119635b5c6445531b5573e714754a0e3ae3cc372c7e4664ced1ead9d1b",
    "signer": "0x2b1c7eff297766569966b630a6862947a8e5285a"
  },
  "witness": {
    "signerPublicKey": "02d78ade9f8a9c064c8c588dba903df0cc0118596b9ec65f665dea1b448519f531",
    "signerAddress": "0x2b1c7eff297766569966b630a6862947a8e5285a",
    "intentHash": "96f4d0b43c88188af606e8a273263860388f7450d2d400b01fea239b03b49cec",
    "compactSignature": "17d27f274b4f2c321360eb7ee0c63b6feaaa9d58a82f8e85c27366338b4082c610b6296d119635b5c6445531b5573e714754a0e3ae3cc372c7e4664ced1ead9d"
  }
}
[1G[0K⠙[1G[0K[rerun] preview:intent:create-and-sign --state ./state/preview_rerun_20260508-083625/config-bootstrap.json --intent-type OracleUpdate --symbol BNB/USD --price 61510000000 --source "DIA Oracle" --out ./state/preview_rerun_20260508-083625/intents/bnb-usd-batch.signed.json

> @protofire/dia-cardano-oracle-cli@0.1.0 cli
> tsx src/index.ts preview:intent:create-and-sign --state ./state/preview_rerun_20260508-083625/config-bootstrap.json --intent-type OracleUpdate --symbol BNB/USD --price 61510000000 --source DIA Oracle --out ./state/preview_rerun_20260508-083625/intents/bnb-usd-batch.signed.json

[1G[0K[cli] Wrote JSON output to /home/manuelpadilla/sources/reposUbuntu/PROTOFIRE/DIA/dia-cardano-oracle/offchain/cli/state/preview_rerun_20260508-083625/intents/bnb-usd-batch.signed.json
{
  "intent": {
    "intentType": "OracleUpdate",
    "version": "1.0",
    "chainId": "100640",
    "nonce": "1778232181000",
    "expiry": "1778235781",
    "symbol": "BNB/USD",
    "price": "61510000000",
    "timestamp": "1778232181",
    "source": "DIA Oracle",
    "signature": "0x493d1b1ced4a3b725eae421945e2673bdd61cf299a9a7193321769a8867ffdb95e57689f0f835c09a9a6a2ede76a539b4cb8b3ff98ab87ebb78d2e72b948f75e1b",
    "signer": "0x2b1c7eff297766569966b630a6862947a8e5285a"
  },
  "witness": {
    "signerPublicKey": "02d78ade9f8a9c064c8c588dba903df0cc0118596b9ec65f665dea1b448519f531",
    "signerAddress": "0x2b1c7eff297766569966b630a6862947a8e5285a",
    "intentHash": "f0991f41f04b3fa5c93db26e07b9284c5f948f6e6fcfa07dad2f60dbad9c4f6c",
    "compactSignature": "493d1b1ced4a3b725eae421945e2673bdd61cf299a9a7193321769a8867ffdb95e57689f0f835c09a9a6a2ede76a539b4cb8b3ff98ab87ebb78d2e72b948f75e"
  }
}
[1G[0K⠙[1G[0K[rerun] preview:intent:create-and-sign --state ./state/preview_rerun_20260508-083625/config-bootstrap.json --intent-type OracleUpdate --symbol XRP/USD --price 521000000 --source "DIA Oracle" --out ./state/preview_rerun_20260508-083625/intents/xrp-usd-batch.signed.json

> @protofire/dia-cardano-oracle-cli@0.1.0 cli
> tsx src/index.ts preview:intent:create-and-sign --state ./state/preview_rerun_20260508-083625/config-bootstrap.json --intent-type OracleUpdate --symbol XRP/USD --price 521000000 --source DIA Oracle --out ./state/preview_rerun_20260508-083625/intents/xrp-usd-batch.signed.json

[1G[0K[cli] Wrote JSON output to /home/manuelpadilla/sources/reposUbuntu/PROTOFIRE/DIA/dia-cardano-oracle/offchain/cli/state/preview_rerun_20260508-083625/intents/xrp-usd-batch.signed.json
{
  "intent": {
    "intentType": "OracleUpdate",
    "version": "1.0",
    "chainId": "100640",
    "nonce": "1778232181000",
    "expiry": "1778235781",
    "symbol": "XRP/USD",
    "price": "521000000",
    "timestamp": "1778232181",
    "source": "DIA Oracle",
    "signature": "0x2f9635808c7473c2980528e4d04bec4c46875a057ee02373c64034bc350d254f0d449ba6ed7740e5862061dfa1ad4fa7e42f3b4fe5ec572c80441b08516f8ece1c",
    "signer": "0x2b1c7eff297766569966b630a6862947a8e5285a"
  },
  "witness": {
    "signerPublicKey": "02d78ade9f8a9c064c8c588dba903df0cc0118596b9ec65f665dea1b448519f531",
    "signerAddress": "0x2b1c7eff297766569966b630a6862947a8e5285a",
    "intentHash": "a55ef0996c7ba002264499af7d5be1be11ab9cb6a6558529785ffa9989b7f0c9",
    "compactSignature": "2f9635808c7473c2980528e4d04bec4c46875a057ee02373c64034bc350d254f0d449ba6ed7740e5862061dfa1ad4fa7e42f3b4fe5ec572c80441b08516f8ece"
  }
}
[1G[0K⠙[1G[0K[rerun] preview:intent:create-and-sign --state ./state/preview_rerun_20260508-083625/config-bootstrap.json --intent-type OracleUpdate --symbol MATIC/USD --price 981000000 --source "DIA Oracle" --out ./state/preview_rerun_20260508-083625/intents/matic-usd-batch.signed.json

> @protofire/dia-cardano-oracle-cli@0.1.0 cli
> tsx src/index.ts preview:intent:create-and-sign --state ./state/preview_rerun_20260508-083625/config-bootstrap.json --intent-type OracleUpdate --symbol MATIC/USD --price 981000000 --source DIA Oracle --out ./state/preview_rerun_20260508-083625/intents/matic-usd-batch.signed.json

[1G[0K[cli] Wrote JSON output to /home/manuelpadilla/sources/reposUbuntu/PROTOFIRE/DIA/dia-cardano-oracle/offchain/cli/state/preview_rerun_20260508-083625/intents/matic-usd-batch.signed.json
{
  "intent": {
    "intentType": "OracleUpdate",
    "version": "1.0",
    "chainId": "100640",
    "nonce": "1778232181000",
    "expiry": "1778235781",
    "symbol": "MATIC/USD",
    "price": "981000000",
    "timestamp": "1778232181",
    "source": "DIA Oracle",
    "signature": "0x0c7a745bafdd10da975be34b281e83360ac2f09c82f7ab14de479d60dedd82b60518a357f23b13dde4fcc495bbd705beca27bae5e0d5802733e7c880b996bd931c",
    "signer": "0x2b1c7eff297766569966b630a6862947a8e5285a"
  },
  "witness": {
    "signerPublicKey": "02d78ade9f8a9c064c8c588dba903df0cc0118596b9ec65f665dea1b448519f531",
    "signerAddress": "0x2b1c7eff297766569966b630a6862947a8e5285a",
    "intentHash": "82a2eec7017939775bb00d87394ae36ddb716e1728de3dc6d2e0dec8d96a8da0",
    "compactSignature": "0c7a745bafdd10da975be34b281e83360ac2f09c82f7ab14de479d60dedd82b60518a357f23b13dde4fcc495bbd705beca27bae5e0d5802733e7c880b996bd93"
  }
}
[1G[0K⠙[1G[0K[rerun] preview:intent:create-and-sign --state ./state/preview_rerun_20260508-083625/config-bootstrap.json --intent-type OracleUpdate --symbol DOT/USD --price 421000000 --source "DIA Oracle" --out ./state/preview_rerun_20260508-083625/intents/dot-usd-batch.signed.json

> @protofire/dia-cardano-oracle-cli@0.1.0 cli
> tsx src/index.ts preview:intent:create-and-sign --state ./state/preview_rerun_20260508-083625/config-bootstrap.json --intent-type OracleUpdate --symbol DOT/USD --price 421000000 --source DIA Oracle --out ./state/preview_rerun_20260508-083625/intents/dot-usd-batch.signed.json

[1G[0K[cli] Wrote JSON output to /home/manuelpadilla/sources/reposUbuntu/PROTOFIRE/DIA/dia-cardano-oracle/offchain/cli/state/preview_rerun_20260508-083625/intents/dot-usd-batch.signed.json
{
  "intent": {
    "intentType": "OracleUpdate",
    "version": "1.0",
    "chainId": "100640",
    "nonce": "1778232181000",
    "expiry": "1778235781",
    "symbol": "DOT/USD",
    "price": "421000000",
    "timestamp": "1778232181",
    "source": "DIA Oracle",
    "signature": "0xeb835b05b7ec3eabbb609c8732b4617815b9365c12deb6bd096a602cae084a107080426220587770e8692207916d8753817fb280f20dd95041951b8150e245231c",
    "signer": "0x2b1c7eff297766569966b630a6862947a8e5285a"
  },
  "witness": {
    "signerPublicKey": "02d78ade9f8a9c064c8c588dba903df0cc0118596b9ec65f665dea1b448519f531",
    "signerAddress": "0x2b1c7eff297766569966b630a6862947a8e5285a",
    "intentHash": "330c74557fa3ea4a54819e1d15c1c89c9d1ae1b315d05ea4d593f6267c427a75",
    "compactSignature": "eb835b05b7ec3eabbb609c8732b4617815b9365c12deb6bd096a602cae084a107080426220587770e8692207916d8753817fb280f20dd95041951b8150e24523"
  }
}
[1G[0K⠙[1G[0K