
> @protofire/dia-cardano-oracle-cli@0.1.0 cli
> tsx src/index.ts preview:update:batch --protocol-state ./state/preview_rerun_20260508-083625/config-bootstrap.json --client-state ./state/preview_rerun_20260508-083625/clients/client-a.json --manifest ./state/preview_rerun_20260508-083625/update-batches/batch-6.manifest.json --out ./state/preview_rerun_20260508-083625/update-batches/batch-6.result.json

[1G[0K[preview:update:batch] Loading batch update manifest from /home/manuelpadilla/sources/reposUbuntu/PROTOFIRE/DIA/dia-cardano-oracle/offchain/cli/state/preview_rerun_20260508-083625/update-batches/batch-6.manifest.json
[preview:update:batch] Connecting to Preview and selecting the configured wallet
[preview:update:batch] Building Preview oracle batch update transaction
[preview:update:batch] Tx resources: fee=2.230591 ADA (2230591 lovelace), cpu=5134671052, mem=13783418
[preview:update:batch] Output[0] | addr=addr_test1wppc...hd2j73 | lovelace=5.000000 ADA (5000000) | assets=4388b40787d6...c2a497=1 | datum=inline(95B)
[preview:update:batch] Output[1] | addr=addr_test1wppc...hd2j73 | lovelace=5.000000 ADA (5000000) | assets=4388b40787d6...3849f4=1 | datum=inline(95B)
[preview:update:batch] Output[2] | addr=addr_test1wppc...hd2j73 | lovelace=5.000000 ADA (5000000) | assets=4388b40787d6...5e32b4=1 | datum=inline(91B)
[preview:update:batch] Output[3] | addr=addr_test1wppc...hd2j73 | lovelace=5.000000 ADA (5000000) | assets=4388b40787d6...29d315=1 | datum=inline(92B)
[preview:update:batch] Output[4] | addr=addr_test1wppc...hd2j73 | lovelace=5.000000 ADA (5000000) | assets=4388b40787d6...ff2852=1 | datum=inline(91B)
[preview:update:batch] Output[5] | addr=addr_test1wppc...hd2j73 | lovelace=5.000000 ADA (5000000) | assets=4388b40787d6...bbbe64=1 | datum=inline(95B)
[preview:update:batch] Output[6] | addr=addr_test1wqa9...mpkfl4 | lovelace=65.000000 ADA (65000000) | assets=3a5a5405194c...545f41=1 | datum=inline(19B)
[preview:update:batch] Output[7] | addr=addr_test1qpgp...quxj3j | lovelace=4743.343944 ADA (4743343944)
[preview:update:batch] Unsigned transaction ready: f990e95452caceb32a178d12d43a839f88c54002d4a34dec61989a2d9807a27f
[preview:update:batch] Submitted transaction hash: f990e95452caceb32a178d12d43a839f88c54002d4a34dec61989a2d9807a27f
[preview:update:batch] Confirmed by Blockfrost: oracle batch update transaction f990e95452caceb32a178d12d43a839f88c54002d4a34dec61989a2d9807a27f.
[cli] Wrote JSON output to /home/manuelpadilla/sources/reposUbuntu/PROTOFIRE/DIA/dia-cardano-oracle/offchain/cli/state/preview_rerun_20260508-083625/update-batches/batch-6.result.json
{
  "wallet": {
    "source": "seed",
    "address": "addr_test1qpgpsm75w7l9u6au7shqzsaulrtxz2gp6xw9zhun70es6tt4t3wsjavx26kmh586erf8xxhqc2y7urq5az32sjv56nyqquxj3j"
  },
  "receiver": {
    "clientId": "client-a",
    "bootstrapRef": {
      "txHash": "6bc182e085531aab0aec1b487d8756d1d4f10807e0b0f0bdc292ea8b0f6ff3c5",
      "outputIndex": 1
    },
    "receiverAssetName": "4449415f52454345495645525f434c49454e545f41",
    "receiverPolicyId": "3a5a5405194ceee1015de51b669ea58febfd6a0204228a1cede6841f",
    "receiverUnit": "3a5a5405194ceee1015de51b669ea58febfd6a0204228a1cede6841f4449415f52454345495645525f434c49454e545f41",
    "receiverValidatorHash": "3a5a5405194ceee1015de51b669ea58febfd6a0204228a1cede6841f",
    "receiverValidatorAddress": "addr_test1wqa954q9r9xwacgpthj3ke575k87hlt2qgzz9zsuahngg8cmpkfl4",
    "receiverState": {
      "balanceLovelace": "26000000",
      "accruedToHookLovelace": "34000000",
      "minUtxoLovelace": "5000000"
    }
  },
  "pairs": [
    {
      "statePath": "/home/manuelpadilla/sources/reposUbuntu/PROTOFIRE/DIA/dia-cardano-oracle/offchain/cli/state/preview_rerun_20260508-083625/clients/client-a/pairs/btc-usd.json",
      "outPath": "/home/manuelpadilla/sources/reposUbuntu/PROTOFIRE/DIA/dia-cardano-oracle/offchain/cli/state/preview_rerun_20260508-083625/clients/client-a/pairs/btc-usd.json",
      "pairId": "4254432f555344",
      "pairUnit": "4388b40787d61e7b29fa2715d0fc4d6d553109c13698ea931e5203128a3859b168b77160150b13c200392328254c3758f082050fd7ec5c340ac2a497"
    },
    {
      "statePath": "/home/manuelpadilla/sources/reposUbuntu/PROTOFIRE/DIA/dia-cardano-oracle/offchain/cli/state/preview_rerun_20260508-083625/clients/client-a/pairs/eth-usd.json",
      "outPath": "/home/manuelpadilla/sources/reposUbuntu/PROTOFIRE/DIA/dia-cardano-oracle/offchain/cli/state/preview_rerun_20260508-083625/clients/client-a/pairs/eth-usd.json",
      "pairId": "4554482f555344",
      "pairUnit": "4388b40787d61e7b29fa2715d0fc4d6d553109c13698ea931e5203123d7739c2406edbe3bb594b8f762cf67a2c889a162f2234dc17841f61d33849f4"
    },
    {
      "statePath": "/home/manuelpadilla/sources/reposUbuntu/PROTOFIRE/DIA/dia-cardano-oracle/offchain/cli/state/preview_rerun_20260508-083625/clients/client-a/pairs/ada-usd.json",
      "outPath": "/home/manuelpadilla/sources/reposUbuntu/PROTOFIRE/DIA/dia-cardano-oracle/offchain/cli/state/preview_rerun_20260508-083625/clients/client-a/pairs/ada-usd.json",
      "pairId": "4144412f555344",
      "pairUnit": "4388b40787d61e7b29fa2715d0fc4d6d553109c13698ea931e52031204e5366fb69cdc906d0e8841d641628f09a50f7618e944de5cdb7a26b95e32b4"
    },
    {
      "statePath": "/home/manuelpadilla/sources/reposUbuntu/PROTOFIRE/DIA/dia-cardano-oracle/offchain/cli/state/preview_rerun_20260508-083625/clients/client-a/pairs/usdt-usd.json",
      "outPath": "/home/manuelpadilla/sources/reposUbuntu/PROTOFIRE/DIA/dia-cardano-oracle/offchain/cli/state/preview_rerun_20260508-083625/clients/client-a/pairs/usdt-usd.json",
      "pairId": "555344542f555344",
      "pairUnit": "4388b40787d61e7b29fa2715d0fc4d6d553109c13698ea931e5203125ec9fa6a8337c83985882517e4865a68763912f37490cffe992a26abfd29d315"
    },
    {
      "statePath": "/home/manuelpadilla/sources/reposUbuntu/PROTOFIRE/DIA/dia-cardano-oracle/offchain/cli/state/preview_rerun_20260508-083625/clients/client-a/pairs/dai-usd.json",
      "outPath": "/home/manuelpadilla/sources/reposUbuntu/PROTOFIRE/DIA/dia-cardano-oracle/offchain/cli/state/preview_rerun_20260508-083625/clients/client-a/pairs/dai-usd.json",
      "pairId": "4441492f555344",
      "pairUnit": "4388b40787d61e7b29fa2715d0fc4d6d553109c13698ea931e5203120ae6401fc15363e085cf3d2f90ae10566e797d8686ab048ba30f5914c7ff2852"
    },
    {
      "statePath": "/home/manuelpadilla/sources/reposUbuntu/PROTOFIRE/DIA/dia-cardano-oracle/offchain/cli/state/preview_rerun_20260508-083625/clients/client-a/pairs/sol-usd.json",
      "outPath": "/home/manuelpadilla/sources/reposUbuntu/PROTOFIRE/DIA/dia-cardano-oracle/offchain/cli/state/preview_rerun_20260508-083625/clients/client-a/pairs/sol-usd.json",
      "pairId": "534f4c2f555344",
      "pairUnit": "4388b40787d61e7b29fa2715d0fc4d6d553109c13698ea931e520312396545cb87b0103c8ddb5ff4329eeff88e2aef114f76b0807b21ce3d68bbbe64"
    }
  ],
  "transactions": [
    {
      "step": "preview:update:batch",
      "submittedTxHash": "f990e95452caceb32a178d12d43a839f88c54002d4a34dec61989a2d9807a27f",
      "confirmed": true
    }
  ]
}
[1G[0K⠙[1G[0K