
> @protofire/dia-cardano-oracle-cli@0.1.0 cli
> tsx src/index.ts preview:settle --protocol-state ./state/preview_rerun_20260508-083625/config-bootstrap.json --client-state ./state/preview_rerun_20260508-083625/clients/client-a.json

[1G[0K[preview:settle] Loading protocol state from /home/manuelpadilla/sources/reposUbuntu/PROTOFIRE/DIA/dia-cardano-oracle/offchain/cli/state/preview_rerun_20260508-083625/config-bootstrap.json
[preview:settle] Loading client state from /home/manuelpadilla/sources/reposUbuntu/PROTOFIRE/DIA/dia-cardano-oracle/offchain/cli/state/preview_rerun_20260508-083625/clients/client-a.json
[preview:settle] Connecting to Preview and selecting the configured wallet
[preview:settle] Settling 34000000 lovelace from receiver to payment hook
[preview:settle] Building Preview settle transaction
[preview:settle] Tx resources: fee=0.753292 ADA (753292 lovelace), cpu=535793451, mem=1662411
[preview:settle] Output[0] | addr=addr_test1wqa9...mpkfl4 | lovelace=31.000000 ADA (31000000) | assets=3a5a5405194c...545f41=1 | datum=inline(15B)
[preview:settle] Output[1] | addr=addr_test1wz2x...adz3g4 | lovelace=39.000000 ADA (39000000) | assets=946b8ccbac5c...4f4f4b=1 | datum=inline(100B)
[preview:settle] Output[2] | addr=addr_test1qpgp...quxj3j | lovelace=4742.590652 ADA (4742590652)
[preview:settle] Unsigned transaction ready: f4f667c03a11479fc341b87622a26c73cdf2dbeee09fca7ee49514988468faaa
[preview:settle] Submitted transaction hash: f4f667c03a11479fc341b87622a26c73cdf2dbeee09fca7ee49514988468faaa
[preview:settle] Confirmed by Blockfrost: settle transaction f4f667c03a11479fc341b87622a26c73cdf2dbeee09fca7ee49514988468faaa.
{
  "wallet": {
    "source": "seed",
    "address": "addr_test1qpgpsm75w7l9u6au7shqzsaulrtxz2gp6xw9zhun70es6tt4t3wsjavx26kmh586erf8xxhqc2y7urq5az32sjv56nyqquxj3j"
  },
  "settledReceivers": [
    {
      "clientId": "client-a",
      "receiverUnit": "3a5a5405194ceee1015de51b669ea58febfd6a0204228a1cede6841f4449415f52454345495645525f434c49454e545f41",
      "drainedLovelace": "34000000"
    }
  ],
  "totalSettledLovelace": "34000000",
  "transactions": [
    {
      "step": "preview:settle",
      "submittedTxHash": "f4f667c03a11479fc341b87622a26c73cdf2dbeee09fca7ee49514988468faaa",
      "confirmed": true
    }
  ]
}
[1G[0K⠙[1G[0K