
> @protofire/dia-cardano-oracle-cli@0.1.0 cli
> tsx src/index.ts preview:protocol:init --valid-config-signers 50186fd477be5e6bbcf42e0143bcf8d6612901d19c515f93f3f30d2d --authorized-dia-public-keys 02d78ade9f8a9c064c8c588dba903df0cc0118596b9ec65f665dea1b448519f531 --domain-name DIA Oracle --domain-version 1.0 --domain-source-chain-id 100640 --domain-verifying-contract 0xF8c614A483A0427A13512F52ac72A576678bE317 --base-fee-lovelace 600000 --per-pair-fee-lovelace 400000 --max-bootstrap-drift-seconds 300 --min-utxo-lovelace 5000000 --config-asset-label DIA_CONFIG --payment-hook-asset-label DIA_PAYMENT_HOOK --payment-hook-withdraw-address addr_test1qpgpsm75w7l9u6au7shqzsaulrtxz2gp6xw9zhun70es6tt4t3wsjavx26kmh586erf8xxhqc2y7urq5az32sjv56nyqquxj3j --out ./state/preview_rerun_20260511-135140/config-bootstrap.json

[1G[0K[cli] Wrote JSON output to /home/manuelpadilla/sources/reposUbuntu/PROTOFIRE/DIA/dia-cardano-oracle/offchain/cli/state/preview_rerun_20260511-135140/config-bootstrap.json
{
  "wallet": {
    "source": "seed",
    "address": "addr_test1qpgpsm75w7l9u6au7shqzsaulrtxz2gp6xw9zhun70es6tt4t3wsjavx26kmh586erf8xxhqc2y7urq5az32sjv56nyqquxj3j"
  },
  "bootstrapRefs": {
    "config": {
      "txHash": "",
      "outputIndex": 0
    },
    "paymentHook": null
  },
  "scripts": {
    "configPolicyId": "",
    "configUnit": "",
    "configValidatorHash": "",
    "configValidatorAddress": "",
    "coordinatorHash": "",
    "coordinatorRewardAddress": "",
    "referenceHolderValidatorHash": "",
    "referenceHolderAddress": "",
    "paymentHookPolicyId": "",
    "paymentHookUnit": "",
    "paymentHookValidatorHash": "",
    "paymentHookValidatorAddress": ""
  },
  "configState": {
    "validConfigSigners": [
      "50186fd477be5e6bbcf42e0143bcf8d6612901d19c515f93f3f30d2d"
    ],
    "authorizedDiaPublicKeys": [
      "02d78ade9f8a9c064c8c588dba903df0cc0118596b9ec65f665dea1b448519f531"
    ],
    "domain": {
      "name": "DIA Oracle",
      "version": "1.0",
      "sourceChainId": "100640",
      "verifyingContract": "0xF8c614A483A0427A13512F52ac72A576678bE317"
    },
    "baseFeeLovelace": "600000",
    "perPairFeeLovelace": "400000",
    "maxBootstrapDriftSeconds": "300",
    "paymentHookRef": null,
    "updateCoordinatorCredential": null,
    "minUtxoLovelace": "5000000"
  },
  "paymentHookState": null,
  "compiledScripts": {
    "configMintPolicy": "",
    "configValidator": "",
    "coordinatorValidator": "",
    "paymentHookMintPolicy": "",
    "paymentHookValidator": "",
    "referenceHolderValidator": ""
  },
  "drafts": {
    "configParameterize": {
      "configAssetLabel": "DIA_CONFIG",
      "configAssetName": "4449415f434f4e464947"
    },
    "paymentHookParameterize": {
      "paymentHookAssetLabel": "DIA_PAYMENT_HOOK",
      "paymentHookAssetName": "4449415f5041594d454e545f484f4f4b",
      "withdrawAddress": "addr_test1qpgpsm75w7l9u6au7shqzsaulrtxz2gp6xw9zhun70es6tt4t3wsjavx26kmh586erf8xxhqc2y7urq5az32sjv56nyqquxj3j",
      "minUtxoLovelace": "5000000"
    }
  },
  "referenceScripts": {
    "global": {
      "config": {
        "txHash": "",
        "outputIndex": 0,
        "scriptHash": ""
      },
      "coordinator": {
        "txHash": "",
        "outputIndex": 0,
        "scriptHash": ""
      },
      "paymentHook": {
        "txHash": "",
        "outputIndex": 0,
        "scriptHash": ""
      }
    }
  },
  "datum": {
    "configCbor": "",
    "paymentHookCbor": ""
  }
}
[1G[0K⠙[1G[0K