
> @protofire/dia-cardano-oracle-cli@0.1.0 cli
> tsx src/index.ts preview:update --intent ./state/preview_rerun_20260511-135140/intents/usdc-usd.signed.json --protocol-state ./state/preview_rerun_20260511-135140/config-bootstrap.json --client-state ./state/preview_rerun_20260511-135140/clients/client-a.json --state ./state/preview_rerun_20260511-135140/clients/client-a/pairs/usdc-usd.json

[1G[0K[preview:update] Loading signed intent from /home/manuelpadilla/sources/reposUbuntu/PROTOFIRE/DIA/dia-cardano-oracle/offchain/cli/state/preview_rerun_20260511-135140/intents/usdc-usd.signed.json
[preview:update] Loading client and protocol state
[preview:update] Connecting to Preview and selecting the configured wallet
[preview:update] Building Preview oracle update transaction
[preview:update] Tx resources: fee=0.778209 ADA (778209 lovelace), cpu=695881765, mem=1912924
[preview:update] Output[0] | addr=addr_test1wquf...90lu6e | lovelace=5.000000 ADA (5000000) | assets=389979173965...d4c1ac=1 | datum=inline(92B)
[preview:update] Output[1] | addr=addr_test1wqfk...92mxpz | lovelace=35.000000 ADA (35000000) | assets=13605a0cbf39...545f41=1 | datum=inline(19B)
[preview:update] Output[2] | addr=addr_test1qpgp...quxj3j | lovelace=4533.385677 ADA (4533385677)
[preview:update] Unsigned transaction ready: dd4edf8f0ebe6b69ca007ac88089a9503ee155dd8e4cab82fa6d55fd91a3216e
[preview:update] Submitted transaction hash: dd4edf8f0ebe6b69ca007ac88089a9503ee155dd8e4cab82fa6d55fd91a3216e
[preview:update] Confirmed by Blockfrost: oracle update transaction dd4edf8f0ebe6b69ca007ac88089a9503ee155dd8e4cab82fa6d55fd91a3216e.
[cli] Wrote JSON output to /home/manuelpadilla/sources/reposUbuntu/PROTOFIRE/DIA/dia-cardano-oracle/offchain/cli/state/preview_rerun_20260511-135140/clients/client-a/pairs/usdc-usd.json
{
  "wallet": {
    "source": "seed",
    "address": "addr_test1qpgpsm75w7l9u6au7shqzsaulrtxz2gp6xw9zhun70es6tt4t3wsjavx26kmh586erf8xxhqc2y7urq5az32sjv56nyqquxj3j"
  },
  "pair": {
    "tokenName": "0156dbaa55902bb40ff6c461c8b2b59c70ebbe3786e51e5e75a8bc1cbad4c1ac",
    "pairId": "555344432f555344",
    "pairUnit": "389979173965c6ef1e325eefb88ba55b36af19c5c7a0e732e686d49c0156dbaa55902bb40ff6c461c8b2b59c70ebbe3786e51e5e75a8bc1cbad4c1ac",
    "pairValidatorAddress": "addr_test1wqufj7gh89judmc7xf0wlwyt54dndtcechr6peeju6rdf8q90lu6e"
  },
  "pairState": {
    "pairId": "555344432f555344",
    "price": "100045678",
    "timestamp": "1778508606",
    "nonce": "1778508606000",
    "intentHash": "49161c023f296955aab705ea10e0575856a2639895978c37724fd9d34bb5341f",
    "signer": "2b1c7eff297766569966b630a6862947a8e5285a",
    "minUtxoLovelace": "5000000",
    "intent": {
      "intentType": "OracleUpdate",
      "version": "1.0",
      "chainId": "100640",
      "nonce": "1778508606000",
      "expiry": "1778512206",
      "symbol": "USDC/USD",
      "price": "100045678",
      "timestamp": "1778508606",
      "source": "DIA Oracle",
      "signature": "fe0e0ff263e3528621fcef59cf73421b3ce844f14a672c150253878afa668446171c41a824b037df8fff267ab9c9a3f0b464f0cd735e15bdcbb5f3786a5830e41c",
      "signer": "0x2b1c7eff297766569966b630a6862947a8e5285a"
    }
  },
  "datum": {
    "pairCbor": "d8799f48555344432f5553441a05f6936e1a6a01e33e1b0000019e175faa30582049161c023f296955aab705ea10e0575856a2639895978c37724fd9d34bb5341f542b1c7eff297766569966b630a6862947a8e5285a1a004c4b40ff"
  },
  "transactions": [
    {
      "step": "preview:update",
      "submittedTxHash": "dd4edf8f0ebe6b69ca007ac88089a9503ee155dd8e4cab82fa6d55fd91a3216e",
      "confirmed": true
    }
  ]
}
[1G[0K⠙[1G[0K