[rerun] preview:intent:create-and-sign --state ./state/preview_rerun_20260511-135140/config-bootstrap.json --intent-type OracleUpdate --symbol USDC/USD --price 100045678 --source "DIA Oracle" --out ./state/preview_rerun_20260511-135140/intents/usdc-usd.signed.json

> @protofire/dia-cardano-oracle-cli@0.1.0 cli
> tsx src/index.ts preview:intent:create-and-sign --state ./state/preview_rerun_20260511-135140/config-bootstrap.json --intent-type OracleUpdate --symbol USDC/USD --price 100045678 --source DIA Oracle --out ./state/preview_rerun_20260511-135140/intents/usdc-usd.signed.json

[1G[0K[cli] Wrote JSON output to /home/manuelpadilla/sources/reposUbuntu/PROTOFIRE/DIA/dia-cardano-oracle/offchain/cli/state/preview_rerun_20260511-135140/intents/usdc-usd.signed.json
{
  "intent": {
    "intentType": "OracleUpdate",
    "version": "1.0",
    "chainId": "100640",
    "nonce": "1778508606000",
    "expiry": "1778512206",
    "symbol": "USDC/USD",
    "price": "100045678",
    "timestamp": "1778508606",
    "source": "DIA Oracle",
    "signature": "0xfe0e0ff263e3528621fcef59cf73421b3ce844f14a672c150253878afa668446171c41a824b037df8fff267ab9c9a3f0b464f0cd735e15bdcbb5f3786a5830e41c",
    "signer": "0x2b1c7eff297766569966b630a6862947a8e5285a"
  },
  "witness": {
    "signerPublicKey": "02d78ade9f8a9c064c8c588dba903df0cc0118596b9ec65f665dea1b448519f531",
    "signerAddress": "0x2b1c7eff297766569966b630a6862947a8e5285a",
    "intentHash": "49161c023f296955aab705ea10e0575856a2639895978c37724fd9d34bb5341f",
    "compactSignature": "fe0e0ff263e3528621fcef59cf73421b3ce844f14a672c150253878afa668446171c41a824b037df8fff267ab9c9a3f0b464f0cd735e15bdcbb5f3786a5830e4"
  }
}
[1G[0K⠙[1G[0K