
> @protofire/dia-cardano-oracle-cli@0.1.0 cli
> tsx src/index.ts preview:update --intent ./state/preview_rerun_20260511-135140/intents/btc-usd.signed.json --protocol-state ./state/preview_rerun_20260511-135140/config-bootstrap.json --client-state ./state/preview_rerun_20260511-135140/clients/client-a.json --state ./state/preview_rerun_20260511-135140/clients/client-a/pairs/btc-usd.json

[1G[0K[preview:update] Loading signed intent from /home/manuelpadilla/sources/reposUbuntu/PROTOFIRE/DIA/dia-cardano-oracle/offchain/cli/state/preview_rerun_20260511-135140/intents/btc-usd.signed.json
[preview:update] Loading client and protocol state
[preview:update] Connecting to Preview and selecting the configured wallet
[preview:update] Building Preview oracle update transaction
[preview:update] Tx resources: fee=0.778473 ADA (778473 lovelace), cpu=695881765, mem=1912924
[preview:update] Output[0] | addr=addr_test1wquf...90lu6e | lovelace=5.000000 ADA (5000000) | assets=389979173965...c2a497=1 | datum=inline(95B)
[preview:update] Output[1] | addr=addr_test1wqfk...92mxpz | lovelace=35.000000 ADA (35000000) | assets=13605a0cbf39...545f41=1 | datum=inline(19B)
[preview:update] Output[2] | addr=addr_test1qpgp...quxj3j | lovelace=4527.607204 ADA (4527607204)
[preview:update] Unsigned transaction ready: 1c687712be2d12272394dd6a05d70b501e99b2b40a71f33ce5f7d951706114c3
[preview:update] Submitted transaction hash: 1c687712be2d12272394dd6a05d70b501e99b2b40a71f33ce5f7d951706114c3
[preview:update] Confirmed by Blockfrost: oracle update transaction 1c687712be2d12272394dd6a05d70b501e99b2b40a71f33ce5f7d951706114c3.
[cli] Wrote JSON output to /home/manuelpadilla/sources/reposUbuntu/PROTOFIRE/DIA/dia-cardano-oracle/offchain/cli/state/preview_rerun_20260511-135140/clients/client-a/pairs/btc-usd.json
{
  "wallet": {
    "source": "seed",
    "address": "addr_test1qpgpsm75w7l9u6au7shqzsaulrtxz2gp6xw9zhun70es6tt4t3wsjavx26kmh586erf8xxhqc2y7urq5az32sjv56nyqquxj3j"
  },
  "pair": {
    "tokenName": "8a3859b168b77160150b13c200392328254c3758f082050fd7ec5c340ac2a497",
    "pairId": "4254432f555344",
    "pairUnit": "389979173965c6ef1e325eefb88ba55b36af19c5c7a0e732e686d49c8a3859b168b77160150b13c200392328254c3758f082050fd7ec5c340ac2a497",
    "pairValidatorAddress": "addr_test1wqufj7gh89judmc7xf0wlwyt54dndtcechr6peeju6rdf8q90lu6e"
  },
  "pairState": {
    "pairId": "4254432f555344",
    "price": "6000000000000",
    "timestamp": "1778508758",
    "nonce": "1778508758000",
    "intentHash": "55445db0f183e4ba64dd23cf43108874463aeaab277358447098f53b461f3bcd",
    "signer": "2b1c7eff297766569966b630a6862947a8e5285a",
    "minUtxoLovelace": "5000000",
    "intent": {
      "intentType": "OracleUpdate",
      "version": "1.0",
      "chainId": "100640",
      "nonce": "1778508758000",
      "expiry": "1778512358",
      "symbol": "BTC/USD",
      "price": "6000000000000",
      "timestamp": "1778508758",
      "source": "DIA Oracle",
      "signature": "3512b4e56224df0fa1b7cc7ec34b05b86863a7aa3e8db9af2e846dca8971ba880624752e795c1a401048d05040b268f30c5a016c3544020eea6aa5897228e9271c",
      "signer": "0x2b1c7eff297766569966b630a6862947a8e5285a"
    }
  },
  "datum": {
    "pairCbor": "d8799f474254432f5553441b00000574fbde60001a6a01e3d61b0000019e1761fbf0582055445db0f183e4ba64dd23cf43108874463aeaab277358447098f53b461f3bcd542b1c7eff297766569966b630a6862947a8e5285a1a004c4b40ff"
  },
  "transactions": [
    {
      "step": "preview:update",
      "submittedTxHash": "1c687712be2d12272394dd6a05d70b501e99b2b40a71f33ce5f7d951706114c3",
      "confirmed": true
    }
  ]
}
[1G[0K⠙[1G[0K