[rerun] preview:intent:create-and-sign --state ./state/preview_rerun_20260511-135140/config-bootstrap.json --intent-type OracleUpdate --symbol BTC/USD --price 6000000000000 --source "DIA Oracle" --out ./state/preview_rerun_20260511-135140/intents/btc-usd.signed.json

> @protofire/dia-cardano-oracle-cli@0.1.0 cli
> tsx src/index.ts preview:intent:create-and-sign --state ./state/preview_rerun_20260511-135140/config-bootstrap.json --intent-type OracleUpdate --symbol BTC/USD --price 6000000000000 --source DIA Oracle --out ./state/preview_rerun_20260511-135140/intents/btc-usd.signed.json

[1G[0K[cli] Wrote JSON output to /home/manuelpadilla/sources/reposUbuntu/PROTOFIRE/DIA/dia-cardano-oracle/offchain/cli/state/preview_rerun_20260511-135140/intents/btc-usd.signed.json
{
  "intent": {
    "intentType": "OracleUpdate",
    "version": "1.0",
    "chainId": "100640",
    "nonce": "1778508758000",
    "expiry": "1778512358",
    "symbol": "BTC/USD",
    "price": "6000000000000",
    "timestamp": "1778508758",
    "source": "DIA Oracle",
    "signature": "0x3512b4e56224df0fa1b7cc7ec34b05b86863a7aa3e8db9af2e846dca8971ba880624752e795c1a401048d05040b268f30c5a016c3544020eea6aa5897228e9271c",
    "signer": "0x2b1c7eff297766569966b630a6862947a8e5285a"
  },
  "witness": {
    "signerPublicKey": "02d78ade9f8a9c064c8c588dba903df0cc0118596b9ec65f665dea1b448519f531",
    "signerAddress": "0x2b1c7eff297766569966b630a6862947a8e5285a",
    "intentHash": "55445db0f183e4ba64dd23cf43108874463aeaab277358447098f53b461f3bcd",
    "compactSignature": "3512b4e56224df0fa1b7cc7ec34b05b86863a7aa3e8db9af2e846dca8971ba880624752e795c1a401048d05040b268f30c5a016c3544020eea6aa5897228e927"
  }
}
[1G[0K⠙[1G[0K