
> @protofire/dia-cardano-oracle-cli@0.1.0 cli
> tsx src/index.ts preview:update --intent ./state/preview_rerun_20260511-135140/intents/eth-usd.signed.json --protocol-state ./state/preview_rerun_20260511-135140/config-bootstrap.json --client-state ./state/preview_rerun_20260511-135140/clients/client-a.json --state ./state/preview_rerun_20260511-135140/clients/client-a/pairs/eth-usd.json

[1G[0K[preview:update] Loading signed intent from /home/manuelpadilla/sources/reposUbuntu/PROTOFIRE/DIA/dia-cardano-oracle/offchain/cli/state/preview_rerun_20260511-135140/intents/eth-usd.signed.json
[preview:update] Loading client and protocol state
[preview:update] Connecting to Preview and selecting the configured wallet
[preview:update] Building Preview oracle update transaction
[preview:update] Tx resources: fee=0.778473 ADA (778473 lovelace), cpu=695881765, mem=1912924
[preview:update] Output[0] | addr=addr_test1wquf...90lu6e | lovelace=5.000000 ADA (5000000) | assets=389979173965...3849f4=1 | datum=inline(95B)
[preview:update] Output[1] | addr=addr_test1wqfk...92mxpz | lovelace=35.000000 ADA (35000000) | assets=13605a0cbf39...545f41=1 | datum=inline(19B)
[preview:update] Output[2] | addr=addr_test1qpgp...quxj3j | lovelace=4521.828731 ADA (4521828731)
[preview:update] Unsigned transaction ready: 9f469a432cab9a84a0b0cf3257619c411948826d2e6494c19df58f69202bdfa3
[preview:update] Submitted transaction hash: 9f469a432cab9a84a0b0cf3257619c411948826d2e6494c19df58f69202bdfa3
[preview:update] Blockfrost did not see 9f469a432cab9a84a0b0cf3257619c411948826d2e6494c19df58f69202bdfa3 within 120000ms; trying Koios.
[preview:update] Confirmed by Koios: oracle update transaction 9f469a432cab9a84a0b0cf3257619c411948826d2e6494c19df58f69202bdfa3 at block 4272098.
[cli] Wrote JSON output to /home/manuelpadilla/sources/reposUbuntu/PROTOFIRE/DIA/dia-cardano-oracle/offchain/cli/state/preview_rerun_20260511-135140/clients/client-a/pairs/eth-usd.json
{
  "wallet": {
    "source": "seed",
    "address": "addr_test1qpgpsm75w7l9u6au7shqzsaulrtxz2gp6xw9zhun70es6tt4t3wsjavx26kmh586erf8xxhqc2y7urq5az32sjv56nyqquxj3j"
  },
  "pair": {
    "tokenName": "3d7739c2406edbe3bb594b8f762cf67a2c889a162f2234dc17841f61d33849f4",
    "pairId": "4554482f555344",
    "pairUnit": "389979173965c6ef1e325eefb88ba55b36af19c5c7a0e732e686d49c3d7739c2406edbe3bb594b8f762cf67a2c889a162f2234dc17841f61d33849f4",
    "pairValidatorAddress": "addr_test1wqufj7gh89judmc7xf0wlwyt54dndtcechr6peeju6rdf8q90lu6e"
  },
  "pairState": {
    "pairId": "4554482f555344",
    "price": "250000000000",
    "timestamp": "1778508945",
    "nonce": "1778508945000",
    "intentHash": "de3ff5ed3fe36b0570a066d8bf3fa20835b70a1243379c8eca790996627e5f42",
    "signer": "2b1c7eff297766569966b630a6862947a8e5285a",
    "minUtxoLovelace": "5000000",
    "intent": {
      "intentType": "OracleUpdate",
      "version": "1.0",
      "chainId": "100640",
      "nonce": "1778508945000",
      "expiry": "1778512545",
      "symbol": "ETH/USD",
      "price": "250000000000",
      "timestamp": "1778508945",
      "source": "DIA Oracle",
      "signature": "789ea6a0820eff92daa887c5f2e0a86fdce6332cd9d019fb41da14e6370313b230b9cd0980de5a865e1a8b87862681b2c156a773fb7dc660f306589deb7394401b",
      "signer": "0x2b1c7eff297766569966b630a6862947a8e5285a"
    }
  },
  "datum": {
    "pairCbor": "d8799f474554482f5553441b0000003a352944001a6a01e4911b0000019e1764d6685820de3ff5ed3fe36b0570a066d8bf3fa20835b70a1243379c8eca790996627e5f42542b1c7eff297766569966b630a6862947a8e5285a1a004c4b40ff"
  },
  "transactions": [
    {
      "step": "preview:update",
      "submittedTxHash": "9f469a432cab9a84a0b0cf3257619c411948826d2e6494c19df58f69202bdfa3",
      "confirmed": true
    }
  ]
}
[1G[0K⠙[1G[0K