[rerun] preview:intent:create-and-sign --state ./state/preview_rerun_20260511-135140/config-bootstrap.json --intent-type OracleUpdate --symbol ETH/USD --price 250000000000 --source "DIA Oracle" --out ./state/preview_rerun_20260511-135140/intents/eth-usd.signed.json

> @protofire/dia-cardano-oracle-cli@0.1.0 cli
> tsx src/index.ts preview:intent:create-and-sign --state ./state/preview_rerun_20260511-135140/config-bootstrap.json --intent-type OracleUpdate --symbol ETH/USD --price 250000000000 --source DIA Oracle --out ./state/preview_rerun_20260511-135140/intents/eth-usd.signed.json

[1G[0K[cli] Wrote JSON output to /home/manuelpadilla/sources/reposUbuntu/PROTOFIRE/DIA/dia-cardano-oracle/offchain/cli/state/preview_rerun_20260511-135140/intents/eth-usd.signed.json
{
  "intent": {
    "intentType": "OracleUpdate",
    "version": "1.0",
    "chainId": "100640",
    "nonce": "1778508945000",
    "expiry": "1778512545",
    "symbol": "ETH/USD",
    "price": "250000000000",
    "timestamp": "1778508945",
    "source": "DIA Oracle",
    "signature": "0x789ea6a0820eff92daa887c5f2e0a86fdce6332cd9d019fb41da14e6370313b230b9cd0980de5a865e1a8b87862681b2c156a773fb7dc660f306589deb7394401b",
    "signer": "0x2b1c7eff297766569966b630a6862947a8e5285a"
  },
  "witness": {
    "signerPublicKey": "02d78ade9f8a9c064c8c588dba903df0cc0118596b9ec65f665dea1b448519f531",
    "signerAddress": "0x2b1c7eff297766569966b630a6862947a8e5285a",
    "intentHash": "de3ff5ed3fe36b0570a066d8bf3fa20835b70a1243379c8eca790996627e5f42",
    "compactSignature": "789ea6a0820eff92daa887c5f2e0a86fdce6332cd9d019fb41da14e6370313b230b9cd0980de5a865e1a8b87862681b2c156a773fb7dc660f306589deb739440"
  }
}
[1G[0K⠙[1G[0K