
> @protofire/dia-cardano-oracle-cli@0.1.0 cli
> tsx src/index.ts preview:update --intent ./state/preview_rerun_20260511-135140/intents/ada-usd.signed.json --protocol-state ./state/preview_rerun_20260511-135140/config-bootstrap.json --client-state ./state/preview_rerun_20260511-135140/clients/client-a.json --state ./state/preview_rerun_20260511-135140/clients/client-a/pairs/ada-usd.json

[1G[0K[preview:update] Loading signed intent from /home/manuelpadilla/sources/reposUbuntu/PROTOFIRE/DIA/dia-cardano-oracle/offchain/cli/state/preview_rerun_20260511-135140/intents/ada-usd.signed.json
[preview:update] Loading client and protocol state
[preview:update] Connecting to Preview and selecting the configured wallet
[preview:update] Building Preview oracle update transaction
[preview:update] Tx resources: fee=0.778121 ADA (778121 lovelace), cpu=695881765, mem=1912924
[preview:update] Output[0] | addr=addr_test1wquf...90lu6e | lovelace=5.000000 ADA (5000000) | assets=389979173965...5e32b4=1 | datum=inline(91B)
[preview:update] Output[1] | addr=addr_test1wqfk...92mxpz | lovelace=35.000000 ADA (35000000) | assets=13605a0cbf39...545f41=1 | datum=inline(19B)
[preview:update] Output[2] | addr=addr_test1qpgp...quxj3j | lovelace=4516.050610 ADA (4516050610)
[preview:update] Unsigned transaction ready: 02f9fea591b0d10b255e14a97d2387ff75b58fcf683a3cde26278c49fc497279
[preview:update] Submitted transaction hash: 02f9fea591b0d10b255e14a97d2387ff75b58fcf683a3cde26278c49fc497279
[preview:update] Confirmed by Blockfrost: oracle update transaction 02f9fea591b0d10b255e14a97d2387ff75b58fcf683a3cde26278c49fc497279.
[cli] Wrote JSON output to /home/manuelpadilla/sources/reposUbuntu/PROTOFIRE/DIA/dia-cardano-oracle/offchain/cli/state/preview_rerun_20260511-135140/clients/client-a/pairs/ada-usd.json
{
  "wallet": {
    "source": "seed",
    "address": "addr_test1qpgpsm75w7l9u6au7shqzsaulrtxz2gp6xw9zhun70es6tt4t3wsjavx26kmh586erf8xxhqc2y7urq5az32sjv56nyqquxj3j"
  },
  "pair": {
    "tokenName": "04e5366fb69cdc906d0e8841d641628f09a50f7618e944de5cdb7a26b95e32b4",
    "pairId": "4144412f555344",
    "pairUnit": "389979173965c6ef1e325eefb88ba55b36af19c5c7a0e732e686d49c04e5366fb69cdc906d0e8841d641628f09a50f7618e944de5cdb7a26b95e32b4",
    "pairValidatorAddress": "addr_test1wqufj7gh89judmc7xf0wlwyt54dndtcechr6peeju6rdf8q90lu6e"
  },
  "pairState": {
    "pairId": "4144412f555344",
    "price": "750000000",
    "timestamp": "1778509149",
    "nonce": "1778509149000",
    "intentHash": "5a5e4aa5fd88540d9e237a28feb26e01d45f698cbd4a058bba42ad36c3752e72",
    "signer": "2b1c7eff297766569966b630a6862947a8e5285a",
    "minUtxoLovelace": "5000000",
    "intent": {
      "intentType": "OracleUpdate",
      "version": "1.0",
      "chainId": "100640",
      "nonce": "1778509149000",
      "expiry": "1778512749",
      "symbol": "ADA/USD",
      "price": "750000000",
      "timestamp": "1778509149",
      "source": "DIA Oracle",
      "signature": "c4a75e98ae70f39a140c952c8c1a0210f6e5741f99199b63eb6b78eeb1a839204eb266b4523edda94328c0e582661cb9e069e45df40daf33c39daa3b59e3961b1b",
      "signer": "0x2b1c7eff297766569966b630a6862947a8e5285a"
    }
  },
  "datum": {
    "pairCbor": "d8799f474144412f5553441a2cb417801a6a01e55d1b0000019e1767f34858205a5e4aa5fd88540d9e237a28feb26e01d45f698cbd4a058bba42ad36c3752e72542b1c7eff297766569966b630a6862947a8e5285a1a004c4b40ff"
  },
  "transactions": [
    {
      "step": "preview:update",
      "submittedTxHash": "02f9fea591b0d10b255e14a97d2387ff75b58fcf683a3cde26278c49fc497279",
      "confirmed": true
    }
  ]
}
[1G[0K⠙[1G[0K