[rerun] preview:intent:create-and-sign --state ./state/preview_rerun_20260511-135140/config-bootstrap.json --intent-type OracleUpdate --symbol ADA/USD --price 750000000 --source "DIA Oracle" --out ./state/preview_rerun_20260511-135140/intents/ada-usd.signed.json

> @protofire/dia-cardano-oracle-cli@0.1.0 cli
> tsx src/index.ts preview:intent:create-and-sign --state ./state/preview_rerun_20260511-135140/config-bootstrap.json --intent-type OracleUpdate --symbol ADA/USD --price 750000000 --source DIA Oracle --out ./state/preview_rerun_20260511-135140/intents/ada-usd.signed.json

[1G[0K[cli] Wrote JSON output to /home/manuelpadilla/sources/reposUbuntu/PROTOFIRE/DIA/dia-cardano-oracle/offchain/cli/state/preview_rerun_20260511-135140/intents/ada-usd.signed.json
{
  "intent": {
    "intentType": "OracleUpdate",
    "version": "1.0",
    "chainId": "100640",
    "nonce": "1778509149000",
    "expiry": "1778512749",
    "symbol": "ADA/USD",
    "price": "750000000",
    "timestamp": "1778509149",
    "source": "DIA Oracle",
    "signature": "0xc4a75e98ae70f39a140c952c8c1a0210f6e5741f99199b63eb6b78eeb1a839204eb266b4523edda94328c0e582661cb9e069e45df40daf33c39daa3b59e3961b1b",
    "signer": "0x2b1c7eff297766569966b630a6862947a8e5285a"
  },
  "witness": {
    "signerPublicKey": "02d78ade9f8a9c064c8c588dba903df0cc0118596b9ec65f665dea1b448519f531",
    "signerAddress": "0x2b1c7eff297766569966b630a6862947a8e5285a",
    "intentHash": "5a5e4aa5fd88540d9e237a28feb26e01d45f698cbd4a058bba42ad36c3752e72",
    "compactSignature": "c4a75e98ae70f39a140c952c8c1a0210f6e5741f99199b63eb6b78eeb1a839204eb266b4523edda94328c0e582661cb9e069e45df40daf33c39daa3b59e3961b"
  }
}
[1G[0K⠙[1G[0K