[1G[0Kâ ™[1G[0Kâ ą[1G[0K
> @protofire/dia-cardano-oracle-cli@0.1.0 cli
> tsx src/index.ts preview:update --intent ./state/preview_rerun_20260511-135140/intents/usdt-usd.signed.json --protocol-state ./state/preview_rerun_20260511-135140/config-bootstrap.json --client-state ./state/preview_rerun_20260511-135140/clients/client-a.json --state ./state/preview_rerun_20260511-135140/clients/client-a/pairs/usdt-usd.json

[1G[0Kâ ą[1G[0K[preview:update] Loading signed intent from /home/manuelpadilla/sources/reposUbuntu/PROTOFIRE/DIA/dia-cardano-oracle/offchain/cli/state/preview_rerun_20260511-135140/intents/usdt-usd.signed.json
[preview:update] Loading client and protocol state
[preview:update] Connecting to Preview and selecting the configured wallet
[preview:update] Building Preview oracle update transaction
[preview:update] Tx resources: fee=0.778209 ADA (778209 lovelace), cpu=695881765, mem=1912924
[preview:update] Output[0] | addr=addr_test1wquf...90lu6e | lovelace=5.000000 ADA (5000000) | assets=389979173965...29d315=1 | datum=inline(92B)
[preview:update] Output[1] | addr=addr_test1wqfk...92mxpz | lovelace=35.000000 ADA (35000000) | assets=13605a0cbf39...545f41=1 | datum=inline(19B)
[preview:update] Output[2] | addr=addr_test1qpgp...quxj3j | lovelace=4510.272401 ADA (4510272401)
[preview:update] Unsigned transaction ready: a74134f4ec35b40990e4c0b3227ec9eef8261bb9c4c22f60f57360ecf2a51407
[preview:update] Submitted transaction hash: a74134f4ec35b40990e4c0b3227ec9eef8261bb9c4c22f60f57360ecf2a51407
[preview:update] Confirmed by Blockfrost: oracle update transaction a74134f4ec35b40990e4c0b3227ec9eef8261bb9c4c22f60f57360ecf2a51407.
[cli] Wrote JSON output to /home/manuelpadilla/sources/reposUbuntu/PROTOFIRE/DIA/dia-cardano-oracle/offchain/cli/state/preview_rerun_20260511-135140/clients/client-a/pairs/usdt-usd.json
{
  "wallet": {
    "source": "seed",
    "address": "addr_test1qpgpsm75w7l9u6au7shqzsaulrtxz2gp6xw9zhun70es6tt4t3wsjavx26kmh586erf8xxhqc2y7urq5az32sjv56nyqquxj3j"
  },
  "pair": {
    "tokenName": "5ec9fa6a8337c83985882517e4865a68763912f37490cffe992a26abfd29d315",
    "pairId": "555344542f555344",
    "pairUnit": "389979173965c6ef1e325eefb88ba55b36af19c5c7a0e732e686d49c5ec9fa6a8337c83985882517e4865a68763912f37490cffe992a26abfd29d315",
    "pairValidatorAddress": "addr_test1wqufj7gh89judmc7xf0wlwyt54dndtcechr6peeju6rdf8q90lu6e"
  },
  "pairState": {
    "pairId": "555344542f555344",
    "price": "100001234",
    "timestamp": "1778509282",
    "nonce": "1778509282000",
    "intentHash": "aa564be306056fe10442a5d2f8744e1b271d6442b6035644653111213fae6ca0",
    "signer": "2b1c7eff297766569966b630a6862947a8e5285a",
    "minUtxoLovelace": "5000000",
    "intent": {
      "intentType": "OracleUpdate",
      "version": "1.0",
      "chainId": "100640",
      "nonce": "1778509282000",
      "expiry": "1778512882",
      "symbol": "USDT/USD",
      "price": "100001234",
      "timestamp": "1778509282",
      "source": "DIA Oracle",
      "signature": "d124dbc2d8cdaaa96339bb61ed7dd12c62360e597b1118372fcd0aa39a77b0f03e541bb7b4d63100469db490f53bfc77a9aaf1234b66328f0f0d602ff8fb557f1c",
      "signer": "0x2b1c7eff297766569966b630a6862947a8e5285a"
    }
  },
  "datum": {
    "pairCbor": "d8799f48555344542f5553441a05f5e5d21a6a01e5e21b0000019e1769fad05820aa564be306056fe10442a5d2f8744e1b271d6442b6035644653111213fae6ca0542b1c7eff297766569966b630a6862947a8e5285a1a004c4b40ff"
  },
  "transactions": [
    {
      "step": "preview:update",
      "submittedTxHash": "a74134f4ec35b40990e4c0b3227ec9eef8261bb9c4c22f60f57360ecf2a51407",
      "confirmed": true
    }
  ]
}
[1G[0Kâ ™[1G[0K