[rerun] preview:intent:create-and-sign --state ./state/preview_rerun_20260511-135140/config-bootstrap.json --intent-type OracleUpdate --symbol USDT/USD --price 100001234 --source "DIA Oracle" --out ./state/preview_rerun_20260511-135140/intents/usdt-usd.signed.json

> @protofire/dia-cardano-oracle-cli@0.1.0 cli
> tsx src/index.ts preview:intent:create-and-sign --state ./state/preview_rerun_20260511-135140/config-bootstrap.json --intent-type OracleUpdate --symbol USDT/USD --price 100001234 --source DIA Oracle --out ./state/preview_rerun_20260511-135140/intents/usdt-usd.signed.json

[1G[0K[cli] Wrote JSON output to /home/manuelpadilla/sources/reposUbuntu/PROTOFIRE/DIA/dia-cardano-oracle/offchain/cli/state/preview_rerun_20260511-135140/intents/usdt-usd.signed.json
{
  "intent": {
    "intentType": "OracleUpdate",
    "version": "1.0",
    "chainId": "100640",
    "nonce": "1778509282000",
    "expiry": "1778512882",
    "symbol": "USDT/USD",
    "price": "100001234",
    "timestamp": "1778509282",
    "source": "DIA Oracle",
    "signature": "0xd124dbc2d8cdaaa96339bb61ed7dd12c62360e597b1118372fcd0aa39a77b0f03e541bb7b4d63100469db490f53bfc77a9aaf1234b66328f0f0d602ff8fb557f1c",
    "signer": "0x2b1c7eff297766569966b630a6862947a8e5285a"
  },
  "witness": {
    "signerPublicKey": "02d78ade9f8a9c064c8c588dba903df0cc0118596b9ec65f665dea1b448519f531",
    "signerAddress": "0x2b1c7eff297766569966b630a6862947a8e5285a",
    "intentHash": "aa564be306056fe10442a5d2f8744e1b271d6442b6035644653111213fae6ca0",
    "compactSignature": "d124dbc2d8cdaaa96339bb61ed7dd12c62360e597b1118372fcd0aa39a77b0f03e541bb7b4d63100469db490f53bfc77a9aaf1234b66328f0f0d602ff8fb557f"
  }
}
[1G[0K⠙[1G[0K