
> @protofire/dia-cardano-oracle-cli@0.1.0 cli
> tsx src/index.ts preview:update --intent ./state/preview_rerun_20260511-135140/intents/dai-usd.signed.json --protocol-state ./state/preview_rerun_20260511-135140/config-bootstrap.json --client-state ./state/preview_rerun_20260511-135140/clients/client-a.json --state ./state/preview_rerun_20260511-135140/clients/client-a/pairs/dai-usd.json

[1G[0K[preview:update] Loading signed intent from /home/manuelpadilla/sources/reposUbuntu/PROTOFIRE/DIA/dia-cardano-oracle/offchain/cli/state/preview_rerun_20260511-135140/intents/dai-usd.signed.json
[preview:update] Loading client and protocol state
[preview:update] Connecting to Preview and selecting the configured wallet
[preview:update] Building Preview oracle update transaction
[preview:update] Tx resources: fee=0.778121 ADA (778121 lovelace), cpu=695881765, mem=1912924
[preview:update] Output[0] | addr=addr_test1wquf...90lu6e | lovelace=5.000000 ADA (5000000) | assets=389979173965...ff2852=1 | datum=inline(91B)
[preview:update] Output[1] | addr=addr_test1wqfk...92mxpz | lovelace=35.000000 ADA (35000000) | assets=13605a0cbf39...545f41=1 | datum=inline(19B)
[preview:update] Output[2] | addr=addr_test1qpgp...quxj3j | lovelace=4504.494280 ADA (4504494280)
[preview:update] Unsigned transaction ready: bc74057af2450626d70cf680c09912815ba8059d47a3899aae8b37d7ab8161a3
[preview:update] Submitted transaction hash: bc74057af2450626d70cf680c09912815ba8059d47a3899aae8b37d7ab8161a3
[preview:update] Confirmed by Blockfrost: oracle update transaction bc74057af2450626d70cf680c09912815ba8059d47a3899aae8b37d7ab8161a3.
[cli] Wrote JSON output to /home/manuelpadilla/sources/reposUbuntu/PROTOFIRE/DIA/dia-cardano-oracle/offchain/cli/state/preview_rerun_20260511-135140/clients/client-a/pairs/dai-usd.json
{
  "wallet": {
    "source": "seed",
    "address": "addr_test1qpgpsm75w7l9u6au7shqzsaulrtxz2gp6xw9zhun70es6tt4t3wsjavx26kmh586erf8xxhqc2y7urq5az32sjv56nyqquxj3j"
  },
  "pair": {
    "tokenName": "0ae6401fc15363e085cf3d2f90ae10566e797d8686ab048ba30f5914c7ff2852",
    "pairId": "4441492f555344",
    "pairUnit": "389979173965c6ef1e325eefb88ba55b36af19c5c7a0e732e686d49c0ae6401fc15363e085cf3d2f90ae10566e797d8686ab048ba30f5914c7ff2852",
    "pairValidatorAddress": "addr_test1wqufj7gh89judmc7xf0wlwyt54dndtcechr6peeju6rdf8q90lu6e"
  },
  "pairState": {
    "pairId": "4441492f555344",
    "price": "100000345",
    "timestamp": "1778509509",
    "nonce": "1778509509000",
    "intentHash": "d04e0143d9e1018a50104d8950bbb303baac8d44604356813a97f26876e575d3",
    "signer": "2b1c7eff297766569966b630a6862947a8e5285a",
    "minUtxoLovelace": "5000000",
    "intent": {
      "intentType": "OracleUpdate",
      "version": "1.0",
      "chainId": "100640",
      "nonce": "1778509509000",
      "expiry": "1778513109",
      "symbol": "DAI/USD",
      "price": "100000345",
      "timestamp": "1778509509",
      "source": "DIA Oracle",
      "signature": "f57ca1e3753e00c30d6294dbb8ce9db20c6ed2f21ddac10a331cf1c4c5222ad46827dd54b762c68418d363f813bc8d01e07faaae6cb8b0ec4aef7f1ecd3666be1c",
      "signer": "0x2b1c7eff297766569966b630a6862947a8e5285a"
    }
  },
  "datum": {
    "pairCbor": "d8799f474441492f5553441a05f5e2591a6a01e6c51b0000019e176d71885820d04e0143d9e1018a50104d8950bbb303baac8d44604356813a97f26876e575d3542b1c7eff297766569966b630a6862947a8e5285a1a004c4b40ff"
  },
  "transactions": [
    {
      "step": "preview:update",
      "submittedTxHash": "bc74057af2450626d70cf680c09912815ba8059d47a3899aae8b37d7ab8161a3",
      "confirmed": true
    }
  ]
}
[1G[0K⠙[1G[0K