[rerun] preview:intent:create-and-sign --state ./state/preview_rerun_20260511-135140/config-bootstrap.json --intent-type OracleUpdate --symbol DAI/USD --price 100000345 --source "DIA Oracle" --out ./state/preview_rerun_20260511-135140/intents/dai-usd.signed.json

> @protofire/dia-cardano-oracle-cli@0.1.0 cli
> tsx src/index.ts preview:intent:create-and-sign --state ./state/preview_rerun_20260511-135140/config-bootstrap.json --intent-type OracleUpdate --symbol DAI/USD --price 100000345 --source DIA Oracle --out ./state/preview_rerun_20260511-135140/intents/dai-usd.signed.json

[1G[0K[cli] Wrote JSON output to /home/manuelpadilla/sources/reposUbuntu/PROTOFIRE/DIA/dia-cardano-oracle/offchain/cli/state/preview_rerun_20260511-135140/intents/dai-usd.signed.json
{
  "intent": {
    "intentType": "OracleUpdate",
    "version": "1.0",
    "chainId": "100640",
    "nonce": "1778509509000",
    "expiry": "1778513109",
    "symbol": "DAI/USD",
    "price": "100000345",
    "timestamp": "1778509509",
    "source": "DIA Oracle",
    "signature": "0xf57ca1e3753e00c30d6294dbb8ce9db20c6ed2f21ddac10a331cf1c4c5222ad46827dd54b762c68418d363f813bc8d01e07faaae6cb8b0ec4aef7f1ecd3666be1c",
    "signer": "0x2b1c7eff297766569966b630a6862947a8e5285a"
  },
  "witness": {
    "signerPublicKey": "02d78ade9f8a9c064c8c588dba903df0cc0118596b9ec65f665dea1b448519f531",
    "signerAddress": "0x2b1c7eff297766569966b630a6862947a8e5285a",
    "intentHash": "d04e0143d9e1018a50104d8950bbb303baac8d44604356813a97f26876e575d3",
    "compactSignature": "f57ca1e3753e00c30d6294dbb8ce9db20c6ed2f21ddac10a331cf1c4c5222ad46827dd54b762c68418d363f813bc8d01e07faaae6cb8b0ec4aef7f1ecd3666be"
  }
}
[1G[0K⠙[1G[0K