
> @protofire/dia-cardano-oracle-cli@0.1.0 cli
> tsx src/index.ts preview:update --intent ./state/preview_rerun_20260511-135140/intents/sol-usd.signed.json --protocol-state ./state/preview_rerun_20260511-135140/config-bootstrap.json --client-state ./state/preview_rerun_20260511-135140/clients/client-a.json --state ./state/preview_rerun_20260511-135140/clients/client-a/pairs/sol-usd.json

[1G[0K[preview:update] Loading signed intent from /home/manuelpadilla/sources/reposUbuntu/PROTOFIRE/DIA/dia-cardano-oracle/offchain/cli/state/preview_rerun_20260511-135140/intents/sol-usd.signed.json
[preview:update] Loading client and protocol state
[preview:update] Connecting to Preview and selecting the configured wallet
[preview:update] Building Preview oracle update transaction
[preview:update] Tx resources: fee=0.778473 ADA (778473 lovelace), cpu=695881765, mem=1912924
[preview:update] Output[0] | addr=addr_test1wquf...90lu6e | lovelace=5.000000 ADA (5000000) | assets=389979173965...bbbe64=1 | datum=inline(95B)
[preview:update] Output[1] | addr=addr_test1wqfk...92mxpz | lovelace=35.000000 ADA (35000000) | assets=13605a0cbf39...545f41=1 | datum=inline(19B)
[preview:update] Output[2] | addr=addr_test1qpgp...quxj3j | lovelace=4498.715807 ADA (4498715807)
[preview:update] Unsigned transaction ready: 1ee8cea5c90b0c6eb0fa47d8b966de7929a75054074513631d84c175a3fc0a2b
[preview:update] Submitted transaction hash: 1ee8cea5c90b0c6eb0fa47d8b966de7929a75054074513631d84c175a3fc0a2b
[preview:update] Blockfrost did not see 1ee8cea5c90b0c6eb0fa47d8b966de7929a75054074513631d84c175a3fc0a2b within 120000ms; trying Koios.
[preview:update] Confirmed by Koios: oracle update transaction 1ee8cea5c90b0c6eb0fa47d8b966de7929a75054074513631d84c175a3fc0a2b at block 4272120.
[cli] Wrote JSON output to /home/manuelpadilla/sources/reposUbuntu/PROTOFIRE/DIA/dia-cardano-oracle/offchain/cli/state/preview_rerun_20260511-135140/clients/client-a/pairs/sol-usd.json
{
  "wallet": {
    "source": "seed",
    "address": "addr_test1qpgpsm75w7l9u6au7shqzsaulrtxz2gp6xw9zhun70es6tt4t3wsjavx26kmh586erf8xxhqc2y7urq5az32sjv56nyqquxj3j"
  },
  "pair": {
    "tokenName": "396545cb87b0103c8ddb5ff4329eeff88e2aef114f76b0807b21ce3d68bbbe64",
    "pairId": "534f4c2f555344",
    "pairUnit": "389979173965c6ef1e325eefb88ba55b36af19c5c7a0e732e686d49c396545cb87b0103c8ddb5ff4329eeff88e2aef114f76b0807b21ce3d68bbbe64",
    "pairValidatorAddress": "addr_test1wqufj7gh89judmc7xf0wlwyt54dndtcechr6peeju6rdf8q90lu6e"
  },
  "pairState": {
    "pairId": "534f4c2f555344",
    "price": "18500000000",
    "timestamp": "1778509658",
    "nonce": "1778509658000",
    "intentHash": "f04ccca5af14604e2f6362f030ef11d882bf5c6f81269fe3a77d04089b00707c",
    "signer": "2b1c7eff297766569966b630a6862947a8e5285a",
    "minUtxoLovelace": "5000000",
    "intent": {
      "intentType": "OracleUpdate",
      "version": "1.0",
      "chainId": "100640",
      "nonce": "1778509658000",
      "expiry": "1778513258",
      "symbol": "SOL/USD",
      "price": "18500000000",
      "timestamp": "1778509658",
      "source": "DIA Oracle",
      "signature": "c0b0833cc749b9b7afe0d5c8e6c39c630eb77af13d2249e7425199fbab32c84765b67b9a65fe0c23dfbeea2450f23031f36210a2d14b0f6cf922c882995233e21b",
      "signer": "0x2b1c7eff297766569966b630a6862947a8e5285a"
    }
  },
  "datum": {
    "pairCbor": "d8799f47534f4c2f5553441b000000044eaf99001a6a01e75a1b0000019e176fb7905820f04ccca5af14604e2f6362f030ef11d882bf5c6f81269fe3a77d04089b00707c542b1c7eff297766569966b630a6862947a8e5285a1a004c4b40ff"
  },
  "transactions": [
    {
      "step": "preview:update",
      "submittedTxHash": "1ee8cea5c90b0c6eb0fa47d8b966de7929a75054074513631d84c175a3fc0a2b",
      "confirmed": true
    }
  ]
}
[1G[0K⠙[1G[0K