[rerun] preview:intent:create-and-sign --state ./state/preview_rerun_20260511-135140/config-bootstrap.json --intent-type OracleUpdate --symbol SOL/USD --price 18500000000 --source "DIA Oracle" --out ./state/preview_rerun_20260511-135140/intents/sol-usd.signed.json
[1G[0K⠙[1G[0K⠹[1G[0K
> @protofire/dia-cardano-oracle-cli@0.1.0 cli
> tsx src/index.ts preview:intent:create-and-sign --state ./state/preview_rerun_20260511-135140/config-bootstrap.json --intent-type OracleUpdate --symbol SOL/USD --price 18500000000 --source DIA Oracle --out ./state/preview_rerun_20260511-135140/intents/sol-usd.signed.json

[1G[0K⠹[1G[0K[cli] Wrote JSON output to /home/manuelpadilla/sources/reposUbuntu/PROTOFIRE/DIA/dia-cardano-oracle/offchain/cli/state/preview_rerun_20260511-135140/intents/sol-usd.signed.json
{
  "intent": {
    "intentType": "OracleUpdate",
    "version": "1.0",
    "chainId": "100640",
    "nonce": "1778509658000",
    "expiry": "1778513258",
    "symbol": "SOL/USD",
    "price": "18500000000",
    "timestamp": "1778509658",
    "source": "DIA Oracle",
    "signature": "0xc0b0833cc749b9b7afe0d5c8e6c39c630eb77af13d2249e7425199fbab32c84765b67b9a65fe0c23dfbeea2450f23031f36210a2d14b0f6cf922c882995233e21b",
    "signer": "0x2b1c7eff297766569966b630a6862947a8e5285a"
  },
  "witness": {
    "signerPublicKey": "02d78ade9f8a9c064c8c588dba903df0cc0118596b9ec65f665dea1b448519f531",
    "signerAddress": "0x2b1c7eff297766569966b630a6862947a8e5285a",
    "intentHash": "f04ccca5af14604e2f6362f030ef11d882bf5c6f81269fe3a77d04089b00707c",
    "compactSignature": "c0b0833cc749b9b7afe0d5c8e6c39c630eb77af13d2249e7425199fbab32c84765b67b9a65fe0c23dfbeea2450f23031f36210a2d14b0f6cf922c882995233e2"
  }
}
[1G[0K⠙[1G[0K