
> @protofire/dia-cardano-oracle-cli@0.1.0 cli
> tsx src/index.ts preview:update --intent ./state/preview_rerun_20260511-135140/intents/bnb-usd.signed.json --protocol-state ./state/preview_rerun_20260511-135140/config-bootstrap.json --client-state ./state/preview_rerun_20260511-135140/clients/client-a.json --state ./state/preview_rerun_20260511-135140/clients/client-a/pairs/bnb-usd.json

[1G[0K[preview:update] Loading signed intent from /home/manuelpadilla/sources/reposUbuntu/PROTOFIRE/DIA/dia-cardano-oracle/offchain/cli/state/preview_rerun_20260511-135140/intents/bnb-usd.signed.json
[preview:update] Loading client and protocol state
[preview:update] Connecting to Preview and selecting the configured wallet
[preview:update] Building Preview oracle update transaction
[preview:update] Tx resources: fee=0.778473 ADA (778473 lovelace), cpu=695881765, mem=1912924
[preview:update] Output[0] | addr=addr_test1wquf...90lu6e | lovelace=5.000000 ADA (5000000) | assets=389979173965...30b101=1 | datum=inline(95B)
[preview:update] Output[1] | addr=addr_test1wqfk...92mxpz | lovelace=35.000000 ADA (35000000) | assets=13605a0cbf39...545f41=1 | datum=inline(19B)
[preview:update] Output[2] | addr=addr_test1qpgp...quxj3j | lovelace=4492.937334 ADA (4492937334)
[preview:update] Unsigned transaction ready: d1ed6163a3c3eaaf27d352b83d78d2f6616f13940e2c567830cafe42cbf286e3
[preview:update] Submitted transaction hash: d1ed6163a3c3eaaf27d352b83d78d2f6616f13940e2c567830cafe42cbf286e3
[preview:update] Confirmed by Blockfrost: oracle update transaction d1ed6163a3c3eaaf27d352b83d78d2f6616f13940e2c567830cafe42cbf286e3.
[cli] Wrote JSON output to /home/manuelpadilla/sources/reposUbuntu/PROTOFIRE/DIA/dia-cardano-oracle/offchain/cli/state/preview_rerun_20260511-135140/clients/client-a/pairs/bnb-usd.json
{
  "wallet": {
    "source": "seed",
    "address": "addr_test1qpgpsm75w7l9u6au7shqzsaulrtxz2gp6xw9zhun70es6tt4t3wsjavx26kmh586erf8xxhqc2y7urq5az32sjv56nyqquxj3j"
  },
  "pair": {
    "tokenName": "09da81653014451f3a86d96589f6a9e5d97b4e8236a461c7b2edbe1bab30b101",
    "pairId": "424e422f555344",
    "pairUnit": "389979173965c6ef1e325eefb88ba55b36af19c5c7a0e732e686d49c09da81653014451f3a86d96589f6a9e5d97b4e8236a461c7b2edbe1bab30b101",
    "pairValidatorAddress": "addr_test1wqufj7gh89judmc7xf0wlwyt54dndtcechr6peeju6rdf8q90lu6e"
  },
  "pairState": {
    "pairId": "424e422f555344",
    "price": "61500000000",
    "timestamp": "1778509880",
    "nonce": "1778509880000",
    "intentHash": "0a7421d77da52e008b2726b352fd37f9abd4390507efbfdc95303e98323a8336",
    "signer": "2b1c7eff297766569966b630a6862947a8e5285a",
    "minUtxoLovelace": "5000000",
    "intent": {
      "intentType": "OracleUpdate",
      "version": "1.0",
      "chainId": "100640",
      "nonce": "1778509880000",
      "expiry": "1778513480",
      "symbol": "BNB/USD",
      "price": "61500000000",
      "timestamp": "1778509880",
      "source": "DIA Oracle",
      "signature": "2c851dc8e63a4f804b76afbfb68c5df79a1d92ffe7090ecc5c6715c6935527de6def4eabb2a23766112f2e31f4a76c36ada410854a044d749f8c8aecaef833f81c",
      "signer": "0x2b1c7eff297766569966b630a6862947a8e5285a"
    }
  },
  "datum": {
    "pairCbor": "d8799f47424e422f5553441b0000000e51af87001a6a01e8381b0000019e17731ac058200a7421d77da52e008b2726b352fd37f9abd4390507efbfdc95303e98323a8336542b1c7eff297766569966b630a6862947a8e5285a1a004c4b40ff"
  },
  "transactions": [
    {
      "step": "preview:update",
      "submittedTxHash": "d1ed6163a3c3eaaf27d352b83d78d2f6616f13940e2c567830cafe42cbf286e3",
      "confirmed": true
    }
  ]
}
[1G[0K⠙[1G[0K