[rerun] preview:intent:create-and-sign --state ./state/preview_rerun_20260511-135140/config-bootstrap.json --intent-type OracleUpdate --symbol BNB/USD --price 61500000000 --source "DIA Oracle" --out ./state/preview_rerun_20260511-135140/intents/bnb-usd.signed.json

> @protofire/dia-cardano-oracle-cli@0.1.0 cli
> tsx src/index.ts preview:intent:create-and-sign --state ./state/preview_rerun_20260511-135140/config-bootstrap.json --intent-type OracleUpdate --symbol BNB/USD --price 61500000000 --source DIA Oracle --out ./state/preview_rerun_20260511-135140/intents/bnb-usd.signed.json

[1G[0K[cli] Wrote JSON output to /home/manuelpadilla/sources/reposUbuntu/PROTOFIRE/DIA/dia-cardano-oracle/offchain/cli/state/preview_rerun_20260511-135140/intents/bnb-usd.signed.json
{
  "intent": {
    "intentType": "OracleUpdate",
    "version": "1.0",
    "chainId": "100640",
    "nonce": "1778509880000",
    "expiry": "1778513480",
    "symbol": "BNB/USD",
    "price": "61500000000",
    "timestamp": "1778509880",
    "source": "DIA Oracle",
    "signature": "0x2c851dc8e63a4f804b76afbfb68c5df79a1d92ffe7090ecc5c6715c6935527de6def4eabb2a23766112f2e31f4a76c36ada410854a044d749f8c8aecaef833f81c",
    "signer": "0x2b1c7eff297766569966b630a6862947a8e5285a"
  },
  "witness": {
    "signerPublicKey": "02d78ade9f8a9c064c8c588dba903df0cc0118596b9ec65f665dea1b448519f531",
    "signerAddress": "0x2b1c7eff297766569966b630a6862947a8e5285a",
    "intentHash": "0a7421d77da52e008b2726b352fd37f9abd4390507efbfdc95303e98323a8336",
    "compactSignature": "2c851dc8e63a4f804b76afbfb68c5df79a1d92ffe7090ecc5c6715c6935527de6def4eabb2a23766112f2e31f4a76c36ada410854a044d749f8c8aecaef833f8"
  }
}
[1G[0K⠙[1G[0K