
> @protofire/dia-cardano-oracle-cli@0.1.0 cli
> tsx src/index.ts preview:update --intent ./state/preview_rerun_20260511-135140/intents/xrp-usd.signed.json --protocol-state ./state/preview_rerun_20260511-135140/config-bootstrap.json --client-state ./state/preview_rerun_20260511-135140/clients/client-a.json --state ./state/preview_rerun_20260511-135140/clients/client-a/pairs/xrp-usd.json

[1G[0K[preview:update] Loading signed intent from /home/manuelpadilla/sources/reposUbuntu/PROTOFIRE/DIA/dia-cardano-oracle/offchain/cli/state/preview_rerun_20260511-135140/intents/xrp-usd.signed.json
[preview:update] Loading client and protocol state
[preview:update] Connecting to Preview and selecting the configured wallet
[preview:update] Building Preview oracle update transaction
[preview:update] Tx resources: fee=0.778121 ADA (778121 lovelace), cpu=695881765, mem=1912924
[preview:update] Output[0] | addr=addr_test1wquf...90lu6e | lovelace=5.000000 ADA (5000000) | assets=389979173965...eed0bc=1 | datum=inline(91B)
[preview:update] Output[1] | addr=addr_test1wqfk...92mxpz | lovelace=35.000000 ADA (35000000) | assets=13605a0cbf39...545f41=1 | datum=inline(19B)
[preview:update] Output[2] | addr=addr_test1qpgp...quxj3j | lovelace=4487.159213 ADA (4487159213)
[preview:update] Unsigned transaction ready: 1a23ca96fce9ddcf7ea265de246468dfde0b3206e387fe6ec108bc6f29b23a68
[preview:update] Submitted transaction hash: 1a23ca96fce9ddcf7ea265de246468dfde0b3206e387fe6ec108bc6f29b23a68
[preview:update] Confirmed by Blockfrost: oracle update transaction 1a23ca96fce9ddcf7ea265de246468dfde0b3206e387fe6ec108bc6f29b23a68.
[cli] Wrote JSON output to /home/manuelpadilla/sources/reposUbuntu/PROTOFIRE/DIA/dia-cardano-oracle/offchain/cli/state/preview_rerun_20260511-135140/clients/client-a/pairs/xrp-usd.json
{
  "wallet": {
    "source": "seed",
    "address": "addr_test1qpgpsm75w7l9u6au7shqzsaulrtxz2gp6xw9zhun70es6tt4t3wsjavx26kmh586erf8xxhqc2y7urq5az32sjv56nyqquxj3j"
  },
  "pair": {
    "tokenName": "bac7b9f5648596883156b7004ce94ebb55cc5049bd65b93188cd724e9feed0bc",
    "pairId": "5852502f555344",
    "pairUnit": "389979173965c6ef1e325eefb88ba55b36af19c5c7a0e732e686d49cbac7b9f5648596883156b7004ce94ebb55cc5049bd65b93188cd724e9feed0bc",
    "pairValidatorAddress": "addr_test1wqufj7gh89judmc7xf0wlwyt54dndtcechr6peeju6rdf8q90lu6e"
  },
  "pairState": {
    "pairId": "5852502f555344",
    "price": "520000000",
    "timestamp": "1778510059",
    "nonce": "1778510059000",
    "intentHash": "67094fab46259f9663d2e7bef22bcfee30f3d8c32b2f9dae75ce8fd1fb9b5b02",
    "signer": "2b1c7eff297766569966b630a6862947a8e5285a",
    "minUtxoLovelace": "5000000",
    "intent": {
      "intentType": "OracleUpdate",
      "version": "1.0",
      "chainId": "100640",
      "nonce": "1778510059000",
      "expiry": "1778513659",
      "symbol": "XRP/USD",
      "price": "520000000",
      "timestamp": "1778510059",
      "source": "DIA Oracle",
      "signature": "d0aa30d026da74889bb2a561e532c8c6192792fd1d8d1a7ed596a1a71b2bccba069f611cbfd64a12e5d4106a2291ad79641715832622606ec581be70fb6eb3d61b",
      "signer": "0x2b1c7eff297766569966b630a6862947a8e5285a"
    }
  },
  "datum": {
    "pairCbor": "d8799f475852502f5553441a1efe92001a6a01e8eb1b0000019e1775d5f8582067094fab46259f9663d2e7bef22bcfee30f3d8c32b2f9dae75ce8fd1fb9b5b02542b1c7eff297766569966b630a6862947a8e5285a1a004c4b40ff"
  },
  "transactions": [
    {
      "step": "preview:update",
      "submittedTxHash": "1a23ca96fce9ddcf7ea265de246468dfde0b3206e387fe6ec108bc6f29b23a68",
      "confirmed": true
    }
  ]
}
[1G[0K⠙[1G[0K