[rerun] preview:intent:create-and-sign --state ./state/preview_rerun_20260511-135140/config-bootstrap.json --intent-type OracleUpdate --symbol XRP/USD --price 520000000 --source "DIA Oracle" --out ./state/preview_rerun_20260511-135140/intents/xrp-usd.signed.json

> @protofire/dia-cardano-oracle-cli@0.1.0 cli
> tsx src/index.ts preview:intent:create-and-sign --state ./state/preview_rerun_20260511-135140/config-bootstrap.json --intent-type OracleUpdate --symbol XRP/USD --price 520000000 --source DIA Oracle --out ./state/preview_rerun_20260511-135140/intents/xrp-usd.signed.json

[1G[0K[cli] Wrote JSON output to /home/manuelpadilla/sources/reposUbuntu/PROTOFIRE/DIA/dia-cardano-oracle/offchain/cli/state/preview_rerun_20260511-135140/intents/xrp-usd.signed.json
{
  "intent": {
    "intentType": "OracleUpdate",
    "version": "1.0",
    "chainId": "100640",
    "nonce": "1778510059000",
    "expiry": "1778513659",
    "symbol": "XRP/USD",
    "price": "520000000",
    "timestamp": "1778510059",
    "source": "DIA Oracle",
    "signature": "0xd0aa30d026da74889bb2a561e532c8c6192792fd1d8d1a7ed596a1a71b2bccba069f611cbfd64a12e5d4106a2291ad79641715832622606ec581be70fb6eb3d61b",
    "signer": "0x2b1c7eff297766569966b630a6862947a8e5285a"
  },
  "witness": {
    "signerPublicKey": "02d78ade9f8a9c064c8c588dba903df0cc0118596b9ec65f665dea1b448519f531",
    "signerAddress": "0x2b1c7eff297766569966b630a6862947a8e5285a",
    "intentHash": "67094fab46259f9663d2e7bef22bcfee30f3d8c32b2f9dae75ce8fd1fb9b5b02",
    "compactSignature": "d0aa30d026da74889bb2a561e532c8c6192792fd1d8d1a7ed596a1a71b2bccba069f611cbfd64a12e5d4106a2291ad79641715832622606ec581be70fb6eb3d6"
  }
}
[1G[0K⠙[1G[0K