
> @protofire/dia-cardano-oracle-cli@0.1.0 cli
> tsx src/index.ts preview:update --intent ./state/preview_rerun_20260511-135140/intents/matic-usd.signed.json --protocol-state ./state/preview_rerun_20260511-135140/config-bootstrap.json --client-state ./state/preview_rerun_20260511-135140/clients/client-a.json --state ./state/preview_rerun_20260511-135140/clients/client-a/pairs/matic-usd.json

[1G[0K[preview:update] Loading signed intent from /home/manuelpadilla/sources/reposUbuntu/PROTOFIRE/DIA/dia-cardano-oracle/offchain/cli/state/preview_rerun_20260511-135140/intents/matic-usd.signed.json
[preview:update] Loading client and protocol state
[preview:update] Connecting to Preview and selecting the configured wallet
[preview:update] Building Preview oracle update transaction
[preview:update] Tx resources: fee=0.778303 ADA (778303 lovelace), cpu=695963123, mem=1912924
[preview:update] Output[0] | addr=addr_test1wquf...90lu6e | lovelace=5.000000 ADA (5000000) | assets=389979173965...57e571=1 | datum=inline(93B)
[preview:update] Output[1] | addr=addr_test1wqfk...92mxpz | lovelace=35.000000 ADA (35000000) | assets=13605a0cbf39...545f41=1 | datum=inline(19B)
[preview:update] Output[2] | addr=addr_test1qpgp...quxj3j | lovelace=4481.380910 ADA (4481380910)
[preview:update] Unsigned transaction ready: e7cc33e6ef8e86989c3bdbfb5c5401fd9dc2f5fde6ff68edbec8c08a000a77f0
[preview:update] Submitted transaction hash: e7cc33e6ef8e86989c3bdbfb5c5401fd9dc2f5fde6ff68edbec8c08a000a77f0
[preview:update] Confirmed by Blockfrost: oracle update transaction e7cc33e6ef8e86989c3bdbfb5c5401fd9dc2f5fde6ff68edbec8c08a000a77f0.
[cli] Wrote JSON output to /home/manuelpadilla/sources/reposUbuntu/PROTOFIRE/DIA/dia-cardano-oracle/offchain/cli/state/preview_rerun_20260511-135140/clients/client-a/pairs/matic-usd.json
{
  "wallet": {
    "source": "seed",
    "address": "addr_test1qpgpsm75w7l9u6au7shqzsaulrtxz2gp6xw9zhun70es6tt4t3wsjavx26kmh586erf8xxhqc2y7urq5az32sjv56nyqquxj3j"
  },
  "pair": {
    "tokenName": "d2a1402553abe60aecdea3464be08e7ced64530fea0989b8fdfd49351157e571",
    "pairId": "4d415449432f555344",
    "pairUnit": "389979173965c6ef1e325eefb88ba55b36af19c5c7a0e732e686d49cd2a1402553abe60aecdea3464be08e7ced64530fea0989b8fdfd49351157e571",
    "pairValidatorAddress": "addr_test1wqufj7gh89judmc7xf0wlwyt54dndtcechr6peeju6rdf8q90lu6e"
  },
  "pairState": {
    "pairId": "4d415449432f555344",
    "price": "980000000",
    "timestamp": "1778510222",
    "nonce": "1778510222000",
    "intentHash": "5a26e5fe4c286cccd71c46bee61ac6ed99c0fb25da9565f18434a18ba64c5e7c",
    "signer": "2b1c7eff297766569966b630a6862947a8e5285a",
    "minUtxoLovelace": "5000000",
    "intent": {
      "intentType": "OracleUpdate",
      "version": "1.0",
      "chainId": "100640",
      "nonce": "1778510222000",
      "expiry": "1778513822",
      "symbol": "MATIC/USD",
      "price": "980000000",
      "timestamp": "1778510222",
      "source": "DIA Oracle",
      "signature": "c9bac39f868691dd81b12454e800c6e6eff463d1f67fa257eff153a752789599591a1fed9ad25621b417dd93d98aa5571b9d540c1277bf7933a638ea26cc33ff1b",
      "signer": "0x2b1c7eff297766569966b630a6862947a8e5285a"
    }
  },
  "datum": {
    "pairCbor": "d8799f494d415449432f5553441a3a699d001a6a01e98e1b0000019e177852b058205a26e5fe4c286cccd71c46bee61ac6ed99c0fb25da9565f18434a18ba64c5e7c542b1c7eff297766569966b630a6862947a8e5285a1a004c4b40ff"
  },
  "transactions": [
    {
      "step": "preview:update",
      "submittedTxHash": "e7cc33e6ef8e86989c3bdbfb5c5401fd9dc2f5fde6ff68edbec8c08a000a77f0",
      "confirmed": true
    }
  ]
}
[1G[0K⠙[1G[0K