[rerun] preview:intent:create-and-sign --state ./state/preview_rerun_20260511-135140/config-bootstrap.json --intent-type OracleUpdate --symbol MATIC/USD --price 980000000 --source "DIA Oracle" --out ./state/preview_rerun_20260511-135140/intents/matic-usd.signed.json

> @protofire/dia-cardano-oracle-cli@0.1.0 cli
> tsx src/index.ts preview:intent:create-and-sign --state ./state/preview_rerun_20260511-135140/config-bootstrap.json --intent-type OracleUpdate --symbol MATIC/USD --price 980000000 --source DIA Oracle --out ./state/preview_rerun_20260511-135140/intents/matic-usd.signed.json

[1G[0K[cli] Wrote JSON output to /home/manuelpadilla/sources/reposUbuntu/PROTOFIRE/DIA/dia-cardano-oracle/offchain/cli/state/preview_rerun_20260511-135140/intents/matic-usd.signed.json
{
  "intent": {
    "intentType": "OracleUpdate",
    "version": "1.0",
    "chainId": "100640",
    "nonce": "1778510222000",
    "expiry": "1778513822",
    "symbol": "MATIC/USD",
    "price": "980000000",
    "timestamp": "1778510222",
    "source": "DIA Oracle",
    "signature": "0xc9bac39f868691dd81b12454e800c6e6eff463d1f67fa257eff153a752789599591a1fed9ad25621b417dd93d98aa5571b9d540c1277bf7933a638ea26cc33ff1b",
    "signer": "0x2b1c7eff297766569966b630a6862947a8e5285a"
  },
  "witness": {
    "signerPublicKey": "02d78ade9f8a9c064c8c588dba903df0cc0118596b9ec65f665dea1b448519f531",
    "signerAddress": "0x2b1c7eff297766569966b630a6862947a8e5285a",
    "intentHash": "5a26e5fe4c286cccd71c46bee61ac6ed99c0fb25da9565f18434a18ba64c5e7c",
    "compactSignature": "c9bac39f868691dd81b12454e800c6e6eff463d1f67fa257eff153a752789599591a1fed9ad25621b417dd93d98aa5571b9d540c1277bf7933a638ea26cc33ff"
  }
}
[1G[0K⠙[1G[0K