
> @protofire/dia-cardano-oracle-cli@0.1.0 cli
> tsx src/index.ts preview:update --intent ./state/preview_rerun_20260511-135140/intents/dot-usd.signed.json --protocol-state ./state/preview_rerun_20260511-135140/config-bootstrap.json --client-state ./state/preview_rerun_20260511-135140/clients/client-a.json --state ./state/preview_rerun_20260511-135140/clients/client-a/pairs/dot-usd.json

[1G[0K[preview:update] Loading signed intent from /home/manuelpadilla/sources/reposUbuntu/PROTOFIRE/DIA/dia-cardano-oracle/offchain/cli/state/preview_rerun_20260511-135140/intents/dot-usd.signed.json
[preview:update] Loading client and protocol state
[preview:update] Connecting to Preview and selecting the configured wallet
[preview:update] Building Preview oracle update transaction
[preview:update] Tx resources: fee=0.778121 ADA (778121 lovelace), cpu=695881765, mem=1912924
[preview:update] Output[0] | addr=addr_test1wquf...90lu6e | lovelace=5.000000 ADA (5000000) | assets=389979173965...52daee=1 | datum=inline(91B)
[preview:update] Output[1] | addr=addr_test1wqfk...92mxpz | lovelace=35.000000 ADA (35000000) | assets=13605a0cbf39...545f41=1 | datum=inline(19B)
[preview:update] Output[2] | addr=addr_test1qpgp...quxj3j | lovelace=4475.602789 ADA (4475602789)
[preview:update] Unsigned transaction ready: 36ed5cf372b13e9d3f0b2693dc280d954f3283967384941782b6b549f47df3ff
[preview:update] Submitted transaction hash: 36ed5cf372b13e9d3f0b2693dc280d954f3283967384941782b6b549f47df3ff
[preview:update] Confirmed by Blockfrost: oracle update transaction 36ed5cf372b13e9d3f0b2693dc280d954f3283967384941782b6b549f47df3ff.
[cli] Wrote JSON output to /home/manuelpadilla/sources/reposUbuntu/PROTOFIRE/DIA/dia-cardano-oracle/offchain/cli/state/preview_rerun_20260511-135140/clients/client-a/pairs/dot-usd.json
{
  "wallet": {
    "source": "seed",
    "address": "addr_test1qpgpsm75w7l9u6au7shqzsaulrtxz2gp6xw9zhun70es6tt4t3wsjavx26kmh586erf8xxhqc2y7urq5az32sjv56nyqquxj3j"
  },
  "pair": {
    "tokenName": "ff3f796230b336b4e5c8d3af0440cbe0346a64cdab5e9cba4a8e2f476152daee",
    "pairId": "444f542f555344",
    "pairUnit": "389979173965c6ef1e325eefb88ba55b36af19c5c7a0e732e686d49cff3f796230b336b4e5c8d3af0440cbe0346a64cdab5e9cba4a8e2f476152daee",
    "pairValidatorAddress": "addr_test1wqufj7gh89judmc7xf0wlwyt54dndtcechr6peeju6rdf8q90lu6e"
  },
  "pairState": {
    "pairId": "444f542f555344",
    "price": "420000000",
    "timestamp": "1778510370",
    "nonce": "1778510370000",
    "intentHash": "b80e70765ecf20b497c2ecd977f2272f02ef848083615af55e03cf3baa46095f",
    "signer": "2b1c7eff297766569966b630a6862947a8e5285a",
    "minUtxoLovelace": "5000000",
    "intent": {
      "intentType": "OracleUpdate",
      "version": "1.0",
      "chainId": "100640",
      "nonce": "1778510370000",
      "expiry": "1778513970",
      "symbol": "DOT/USD",
      "price": "420000000",
      "timestamp": "1778510370",
      "source": "DIA Oracle",
      "signature": "7f0cbeb34f456bcab56af37555dfbdc4e5531f9a0b2fe1d682cc990e2bd018f74ae5a917b1f511883dd7bdc5029f13df5055cfe8a4ec67bf24956828eab95e931c",
      "signer": "0x2b1c7eff297766569966b630a6862947a8e5285a"
    }
  },
  "datum": {
    "pairCbor": "d8799f47444f542f5553441a1908b1001a6a01ea221b0000019e177a94d05820b80e70765ecf20b497c2ecd977f2272f02ef848083615af55e03cf3baa46095f542b1c7eff297766569966b630a6862947a8e5285a1a004c4b40ff"
  },
  "transactions": [
    {
      "step": "preview:update",
      "submittedTxHash": "36ed5cf372b13e9d3f0b2693dc280d954f3283967384941782b6b549f47df3ff",
      "confirmed": true
    }
  ]
}
[1G[0K⠙[1G[0K