[rerun] preview:intent:create-and-sign --state ./state/preview_rerun_20260511-135140/config-bootstrap.json --intent-type OracleUpdate --symbol DOT/USD --price 420000000 --source "DIA Oracle" --out ./state/preview_rerun_20260511-135140/intents/dot-usd.signed.json

> @protofire/dia-cardano-oracle-cli@0.1.0 cli
> tsx src/index.ts preview:intent:create-and-sign --state ./state/preview_rerun_20260511-135140/config-bootstrap.json --intent-type OracleUpdate --symbol DOT/USD --price 420000000 --source DIA Oracle --out ./state/preview_rerun_20260511-135140/intents/dot-usd.signed.json

[1G[0K[cli] Wrote JSON output to /home/manuelpadilla/sources/reposUbuntu/PROTOFIRE/DIA/dia-cardano-oracle/offchain/cli/state/preview_rerun_20260511-135140/intents/dot-usd.signed.json
{
  "intent": {
    "intentType": "OracleUpdate",
    "version": "1.0",
    "chainId": "100640",
    "nonce": "1778510370000",
    "expiry": "1778513970",
    "symbol": "DOT/USD",
    "price": "420000000",
    "timestamp": "1778510370",
    "source": "DIA Oracle",
    "signature": "0x7f0cbeb34f456bcab56af37555dfbdc4e5531f9a0b2fe1d682cc990e2bd018f74ae5a917b1f511883dd7bdc5029f13df5055cfe8a4ec67bf24956828eab95e931c",
    "signer": "0x2b1c7eff297766569966b630a6862947a8e5285a"
  },
  "witness": {
    "signerPublicKey": "02d78ade9f8a9c064c8c588dba903df0cc0118596b9ec65f665dea1b448519f531",
    "signerAddress": "0x2b1c7eff297766569966b630a6862947a8e5285a",
    "intentHash": "b80e70765ecf20b497c2ecd977f2272f02ef848083615af55e03cf3baa46095f",
    "compactSignature": "7f0cbeb34f456bcab56af37555dfbdc4e5531f9a0b2fe1d682cc990e2bd018f74ae5a917b1f511883dd7bdc5029f13df5055cfe8a4ec67bf24956828eab95e93"
  }
}
[1G[0K⠙[1G[0K