[rerun] preview:intent:create-and-sign --state ./state/preview_rerun_20260511-135140/config-bootstrap.json --intent-type OracleUpdate --symbol BTC/USD --price 6001000000000 --source "DIA Oracle" --out ./state/preview_rerun_20260511-135140/intents/btc-usd-batch.signed.json

> @protofire/dia-cardano-oracle-cli@0.1.0 cli
> tsx src/index.ts preview:intent:create-and-sign --state ./state/preview_rerun_20260511-135140/config-bootstrap.json --intent-type OracleUpdate --symbol BTC/USD --price 6001000000000 --source DIA Oracle --out ./state/preview_rerun_20260511-135140/intents/btc-usd-batch.signed.json

[1G[0K[cli] Wrote JSON output to /home/manuelpadilla/sources/reposUbuntu/PROTOFIRE/DIA/dia-cardano-oracle/offchain/cli/state/preview_rerun_20260511-135140/intents/btc-usd-batch.signed.json
{
  "intent": {
    "intentType": "OracleUpdate",
    "version": "1.0",
    "chainId": "100640",
    "nonce": "1778510731000",
    "expiry": "1778514331",
    "symbol": "BTC/USD",
    "price": "6001000000000",
    "timestamp": "1778510731",
    "source": "DIA Oracle",
    "signature": "0xbe180e6665e76ff4113a2079d3a8de89d58286cf8ae1fa5ab994abc968d939e55677e540d5fde3cf6653aee79ed61b2949a8b2466b56a953bb0bf0f59e3724b21b",
    "signer": "0x2b1c7eff297766569966b630a6862947a8e5285a"
  },
  "witness": {
    "signerPublicKey": "02d78ade9f8a9c064c8c588dba903df0cc0118596b9ec65f665dea1b448519f531",
    "signerAddress": "0x2b1c7eff297766569966b630a6862947a8e5285a",
    "intentHash": "4abb373363961f06d3f5c389c4219df619401c15c4c1f471626edf3189da440f",
    "compactSignature": "be180e6665e76ff4113a2079d3a8de89d58286cf8ae1fa5ab994abc968d939e55677e540d5fde3cf6653aee79ed61b2949a8b2466b56a953bb0bf0f59e3724b2"
  }
}
[1G[0K⠙[1G[0K[rerun] preview:intent:create-and-sign --state ./state/preview_rerun_20260511-135140/config-bootstrap.json --intent-type OracleUpdate --symbol ETH/USD --price 250100000000 --source "DIA Oracle" --out ./state/preview_rerun_20260511-135140/intents/eth-usd-batch.signed.json

> @protofire/dia-cardano-oracle-cli@0.1.0 cli
> tsx src/index.ts preview:intent:create-and-sign --state ./state/preview_rerun_20260511-135140/config-bootstrap.json --intent-type OracleUpdate --symbol ETH/USD --price 250100000000 --source DIA Oracle --out ./state/preview_rerun_20260511-135140/intents/eth-usd-batch.signed.json

[1G[0K[cli] Wrote JSON output to /home/manuelpadilla/sources/reposUbuntu/PROTOFIRE/DIA/dia-cardano-oracle/offchain/cli/state/preview_rerun_20260511-135140/intents/eth-usd-batch.signed.json
{
  "intent": {
    "intentType": "OracleUpdate",
    "version": "1.0",
    "chainId": "100640",
    "nonce": "1778510731000",
    "expiry": "1778514331",
    "symbol": "ETH/USD",
    "price": "250100000000",
    "timestamp": "1778510731",
    "source": "DIA Oracle",
    "signature": "0x9a7d5158abb37acb92ca97550b4c03bfbd2434a875096698e497a04f3418c7f75b04820df2721c1fad13faa40fc0c1bfa0bce53de0d680d36a6b596c14fb72831b",
    "signer": "0x2b1c7eff297766569966b630a6862947a8e5285a"
  },
  "witness": {
    "signerPublicKey": "02d78ade9f8a9c064c8c588dba903df0cc0118596b9ec65f665dea1b448519f531",
    "signerAddress": "0x2b1c7eff297766569966b630a6862947a8e5285a",
    "intentHash": "4288f586e3633ea45028a720b53df64596c9bd7ae035f674c11147ec34646519",
    "compactSignature": "9a7d5158abb37acb92ca97550b4c03bfbd2434a875096698e497a04f3418c7f75b04820df2721c1fad13faa40fc0c1bfa0bce53de0d680d36a6b596c14fb7283"
  }
}
[1G[0K⠙[1G[0K[rerun] preview:intent:create-and-sign --state ./state/preview_rerun_20260511-135140/config-bootstrap.json --intent-type OracleUpdate --symbol ADA/USD --price 751000000 --source "DIA Oracle" --out ./state/preview_rerun_20260511-135140/intents/ada-usd-batch.signed.json

> @protofire/dia-cardano-oracle-cli@0.1.0 cli
> tsx src/index.ts preview:intent:create-and-sign --state ./state/preview_rerun_20260511-135140/config-bootstrap.json --intent-type OracleUpdate --symbol ADA/USD --price 751000000 --source DIA Oracle --out ./state/preview_rerun_20260511-135140/intents/ada-usd-batch.signed.json

[1G[0K[cli] Wrote JSON output to /home/manuelpadilla/sources/reposUbuntu/PROTOFIRE/DIA/dia-cardano-oracle/offchain/cli/state/preview_rerun_20260511-135140/intents/ada-usd-batch.signed.json
{
  "intent": {
    "intentType": "OracleUpdate",
    "version": "1.0",
    "chainId": "100640",
    "nonce": "1778510731000",
    "expiry": "1778514331",
    "symbol": "ADA/USD",
    "price": "751000000",
    "timestamp": "1778510731",
    "source": "DIA Oracle",
    "signature": "0x85f452f825a9fd6bcaa146b0d62370c1c276d3c8b67d8ac192b57b591d1d6eee3776342a090fccc65df94113dbad571e6cbbb1de0ab9ecb58e5e6fca986979b31c",
    "signer": "0x2b1c7eff297766569966b630a6862947a8e5285a"
  },
  "witness": {
    "signerPublicKey": "02d78ade9f8a9c064c8c588dba903df0cc0118596b9ec65f665dea1b448519f531",
    "signerAddress": "0x2b1c7eff297766569966b630a6862947a8e5285a",
    "intentHash": "64f0fce0cb0a05399263b7aaa15dff5551ca88d7d0ec11eba81f1bb1dd3c1478",
    "compactSignature": "85f452f825a9fd6bcaa146b0d62370c1c276d3c8b67d8ac192b57b591d1d6eee3776342a090fccc65df94113dbad571e6cbbb1de0ab9ecb58e5e6fca986979b3"
  }
}
[1G[0K⠙[1G[0K[rerun] preview:intent:create-and-sign --state ./state/preview_rerun_20260511-135140/config-bootstrap.json --intent-type OracleUpdate --symbol USDT/USD --price 100101234 --source "DIA Oracle" --out ./state/preview_rerun_20260511-135140/intents/usdt-usd-batch.signed.json

> @protofire/dia-cardano-oracle-cli@0.1.0 cli
> tsx src/index.ts preview:intent:create-and-sign --state ./state/preview_rerun_20260511-135140/config-bootstrap.json --intent-type OracleUpdate --symbol USDT/USD --price 100101234 --source DIA Oracle --out ./state/preview_rerun_20260511-135140/intents/usdt-usd-batch.signed.json

[1G[0K[cli] Wrote JSON output to /home/manuelpadilla/sources/reposUbuntu/PROTOFIRE/DIA/dia-cardano-oracle/offchain/cli/state/preview_rerun_20260511-135140/intents/usdt-usd-batch.signed.json
{
  "intent": {
    "intentType": "OracleUpdate",
    "version": "1.0",
    "chainId": "100640",
    "nonce": "1778510731000",
    "expiry": "1778514331",
    "symbol": "USDT/USD",
    "price": "100101234",
    "timestamp": "1778510731",
    "source": "DIA Oracle",
    "signature": "0xf3e6195aa4b4c930ea6c6d32ad2018e1541a8762ddf4ffdd2207a5184e65c6b93dd5990bd455eae39cf6662ca7ecc73e32f424831c5b46bd71a52078d39cc91f1b",
    "signer": "0x2b1c7eff297766569966b630a6862947a8e5285a"
  },
  "witness": {
    "signerPublicKey": "02d78ade9f8a9c064c8c588dba903df0cc0118596b9ec65f665dea1b448519f531",
    "signerAddress": "0x2b1c7eff297766569966b630a6862947a8e5285a",
    "intentHash": "2b3d31c78b929cd05ed6549674ab4a8a2984d4f88efbfca765aa9ebb51486e20",
    "compactSignature": "f3e6195aa4b4c930ea6c6d32ad2018e1541a8762ddf4ffdd2207a5184e65c6b93dd5990bd455eae39cf6662ca7ecc73e32f424831c5b46bd71a52078d39cc91f"
  }
}
[1G[0K⠙[1G[0K[rerun] preview:intent:create-and-sign --state ./state/preview_rerun_20260511-135140/config-bootstrap.json --intent-type OracleUpdate --symbol DAI/USD --price 100100345 --source "DIA Oracle" --out ./state/preview_rerun_20260511-135140/intents/dai-usd-batch.signed.json

> @protofire/dia-cardano-oracle-cli@0.1.0 cli
> tsx src/index.ts preview:intent:create-and-sign --state ./state/preview_rerun_20260511-135140/config-bootstrap.json --intent-type OracleUpdate --symbol DAI/USD --price 100100345 --source DIA Oracle --out ./state/preview_rerun_20260511-135140/intents/dai-usd-batch.signed.json

[1G[0K[cli] Wrote JSON output to /home/manuelpadilla/sources/reposUbuntu/PROTOFIRE/DIA/dia-cardano-oracle/offchain/cli/state/preview_rerun_20260511-135140/intents/dai-usd-batch.signed.json
{
  "intent": {
    "intentType": "OracleUpdate",
    "version": "1.0",
    "chainId": "100640",
    "nonce": "1778510731000",
    "expiry": "1778514331",
    "symbol": "DAI/USD",
    "price": "100100345",
    "timestamp": "1778510731",
    "source": "DIA Oracle",
    "signature": "0xc7c2adb34ff597deb40baef6b4dd6d76d5c823fe71f4f8b4971279418e8e88f37baa1ee2164cb79e68a015b4b0c7235d77c72642b1a7a9359fe97831060e17ec1c",
    "signer": "0x2b1c7eff297766569966b630a6862947a8e5285a"
  },
  "witness": {
    "signerPublicKey": "02d78ade9f8a9c064c8c588dba903df0cc0118596b9ec65f665dea1b448519f531",
    "signerAddress": "0x2b1c7eff297766569966b630a6862947a8e5285a",
    "intentHash": "e561ed4b1236f5b9baeec8b90ff821fb67685620ca532d617676f8e328adf3c5",
    "compactSignature": "c7c2adb34ff597deb40baef6b4dd6d76d5c823fe71f4f8b4971279418e8e88f37baa1ee2164cb79e68a015b4b0c7235d77c72642b1a7a9359fe97831060e17ec"
  }
}
[1G[0K⠙[1G[0K[rerun] preview:intent:create-and-sign --state ./state/preview_rerun_20260511-135140/config-bootstrap.json --intent-type OracleUpdate --symbol SOL/USD --price 18510000000 --source "DIA Oracle" --out ./state/preview_rerun_20260511-135140/intents/sol-usd-batch.signed.json

> @protofire/dia-cardano-oracle-cli@0.1.0 cli
> tsx src/index.ts preview:intent:create-and-sign --state ./state/preview_rerun_20260511-135140/config-bootstrap.json --intent-type OracleUpdate --symbol SOL/USD --price 18510000000 --source DIA Oracle --out ./state/preview_rerun_20260511-135140/intents/sol-usd-batch.signed.json

[1G[0K[cli] Wrote JSON output to /home/manuelpadilla/sources/reposUbuntu/PROTOFIRE/DIA/dia-cardano-oracle/offchain/cli/state/preview_rerun_20260511-135140/intents/sol-usd-batch.signed.json
{
  "intent": {
    "intentType": "OracleUpdate",
    "version": "1.0",
    "chainId": "100640",
    "nonce": "1778510731000",
    "expiry": "1778514331",
    "symbol": "SOL/USD",
    "price": "18510000000",
    "timestamp": "1778510731",
    "source": "DIA Oracle",
    "signature": "0xf8250292ad36e079c56e6c75e6a787f78b736d298527376d4a096c1c24ee250462c55e474d3f380dff06f03407588ddac97ae3d7704e57feda641598c467b4fd1c",
    "signer": "0x2b1c7eff297766569966b630a6862947a8e5285a"
  },
  "witness": {
    "signerPublicKey": "02d78ade9f8a9c064c8c588dba903df0cc0118596b9ec65f665dea1b448519f531",
    "signerAddress": "0x2b1c7eff297766569966b630a6862947a8e5285a",
    "intentHash": "1ecbe053db6ed2c7149f750080a9765db76abc6aebc8787a546863717a85de2d",
    "compactSignature": "f8250292ad36e079c56e6c75e6a787f78b736d298527376d4a096c1c24ee250462c55e474d3f380dff06f03407588ddac97ae3d7704e57feda641598c467b4fd"
  }
}
[1G[0K⠙[1G[0K[rerun] preview:intent:create-and-sign --state ./state/preview_rerun_20260511-135140/config-bootstrap.json --intent-type OracleUpdate --symbol BNB/USD --price 61510000000 --source "DIA Oracle" --out ./state/preview_rerun_20260511-135140/intents/bnb-usd-batch.signed.json

> @protofire/dia-cardano-oracle-cli@0.1.0 cli
> tsx src/index.ts preview:intent:create-and-sign --state ./state/preview_rerun_20260511-135140/config-bootstrap.json --intent-type OracleUpdate --symbol BNB/USD --price 61510000000 --source DIA Oracle --out ./state/preview_rerun_20260511-135140/intents/bnb-usd-batch.signed.json

[1G[0K[cli] Wrote JSON output to /home/manuelpadilla/sources/reposUbuntu/PROTOFIRE/DIA/dia-cardano-oracle/offchain/cli/state/preview_rerun_20260511-135140/intents/bnb-usd-batch.signed.json
{
  "intent": {
    "intentType": "OracleUpdate",
    "version": "1.0",
    "chainId": "100640",
    "nonce": "1778510731000",
    "expiry": "1778514331",
    "symbol": "BNB/USD",
    "price": "61510000000",
    "timestamp": "1778510731",
    "source": "DIA Oracle",
    "signature": "0xd78aebde16b6211c7b04e56669533c55a579ba1ffc1669de649912b9b14ffa3b5ef3a56a2c9863805d333b406c38b82c8efe7f8621a48744251a548c3976cacb1c",
    "signer": "0x2b1c7eff297766569966b630a6862947a8e5285a"
  },
  "witness": {
    "signerPublicKey": "02d78ade9f8a9c064c8c588dba903df0cc0118596b9ec65f665dea1b448519f531",
    "signerAddress": "0x2b1c7eff297766569966b630a6862947a8e5285a",
    "intentHash": "9e8e816d54e50af38ba9c9c1f5ba706094f92060ac97a43cb40f69a48beb6c2c",
    "compactSignature": "d78aebde16b6211c7b04e56669533c55a579ba1ffc1669de649912b9b14ffa3b5ef3a56a2c9863805d333b406c38b82c8efe7f8621a48744251a548c3976cacb"
  }
}
[1G[0K⠙[1G[0K[rerun] preview:intent:create-and-sign --state ./state/preview_rerun_20260511-135140/config-bootstrap.json --intent-type OracleUpdate --symbol XRP/USD --price 521000000 --source "DIA Oracle" --out ./state/preview_rerun_20260511-135140/intents/xrp-usd-batch.signed.json

> @protofire/dia-cardano-oracle-cli@0.1.0 cli
> tsx src/index.ts preview:intent:create-and-sign --state ./state/preview_rerun_20260511-135140/config-bootstrap.json --intent-type OracleUpdate --symbol XRP/USD --price 521000000 --source DIA Oracle --out ./state/preview_rerun_20260511-135140/intents/xrp-usd-batch.signed.json

[1G[0K[cli] Wrote JSON output to /home/manuelpadilla/sources/reposUbuntu/PROTOFIRE/DIA/dia-cardano-oracle/offchain/cli/state/preview_rerun_20260511-135140/intents/xrp-usd-batch.signed.json
{
  "intent": {
    "intentType": "OracleUpdate",
    "version": "1.0",
    "chainId": "100640",
    "nonce": "1778510731000",
    "expiry": "1778514331",
    "symbol": "XRP/USD",
    "price": "521000000",
    "timestamp": "1778510731",
    "source": "DIA Oracle",
    "signature": "0x04a99ca951da5aa8405a18994b61f9777ce35b602325a5e4c99c78184181c676459bc5550944c87771650a1375a98bdf2199a6e6bdc3f8201810394069c5c14a1b",
    "signer": "0x2b1c7eff297766569966b630a6862947a8e5285a"
  },
  "witness": {
    "signerPublicKey": "02d78ade9f8a9c064c8c588dba903df0cc0118596b9ec65f665dea1b448519f531",
    "signerAddress": "0x2b1c7eff297766569966b630a6862947a8e5285a",
    "intentHash": "08c26067fde3b5103e3f31b0d469330ff86335de4e63bd84bcb1ab3021e6f9b1",
    "compactSignature": "04a99ca951da5aa8405a18994b61f9777ce35b602325a5e4c99c78184181c676459bc5550944c87771650a1375a98bdf2199a6e6bdc3f8201810394069c5c14a"
  }
}
[1G[0K⠙[1G[0K[rerun] preview:intent:create-and-sign --state ./state/preview_rerun_20260511-135140/config-bootstrap.json --intent-type OracleUpdate --symbol MATIC/USD --price 981000000 --source "DIA Oracle" --out ./state/preview_rerun_20260511-135140/intents/matic-usd-batch.signed.json

> @protofire/dia-cardano-oracle-cli@0.1.0 cli
> tsx src/index.ts preview:intent:create-and-sign --state ./state/preview_rerun_20260511-135140/config-bootstrap.json --intent-type OracleUpdate --symbol MATIC/USD --price 981000000 --source DIA Oracle --out ./state/preview_rerun_20260511-135140/intents/matic-usd-batch.signed.json

[1G[0K[cli] Wrote JSON output to /home/manuelpadilla/sources/reposUbuntu/PROTOFIRE/DIA/dia-cardano-oracle/offchain/cli/state/preview_rerun_20260511-135140/intents/matic-usd-batch.signed.json
{
  "intent": {
    "intentType": "OracleUpdate",
    "version": "1.0",
    "chainId": "100640",
    "nonce": "1778510731000",
    "expiry": "1778514331",
    "symbol": "MATIC/USD",
    "price": "981000000",
    "timestamp": "1778510731",
    "source": "DIA Oracle",
    "signature": "0xb2806b1e5c52ecfdca37fe692da63b095fa48464fe74bf56c585b75abbcfe25c5a0441583db5d5c60b377f0fa28e1970c41284e0b1d13cfbb697b4eee11eb96d1b",
    "signer": "0x2b1c7eff297766569966b630a6862947a8e5285a"
  },
  "witness": {
    "signerPublicKey": "02d78ade9f8a9c064c8c588dba903df0cc0118596b9ec65f665dea1b448519f531",
    "signerAddress": "0x2b1c7eff297766569966b630a6862947a8e5285a",
    "intentHash": "9aca54909b6109199393c75a4b86586ae5c22280291c7b403a3828237edb7ae9",
    "compactSignature": "b2806b1e5c52ecfdca37fe692da63b095fa48464fe74bf56c585b75abbcfe25c5a0441583db5d5c60b377f0fa28e1970c41284e0b1d13cfbb697b4eee11eb96d"
  }
}
[1G[0K⠙[1G[0K[rerun] preview:intent:create-and-sign --state ./state/preview_rerun_20260511-135140/config-bootstrap.json --intent-type OracleUpdate --symbol DOT/USD --price 421000000 --source "DIA Oracle" --out ./state/preview_rerun_20260511-135140/intents/dot-usd-batch.signed.json

> @protofire/dia-cardano-oracle-cli@0.1.0 cli
> tsx src/index.ts preview:intent:create-and-sign --state ./state/preview_rerun_20260511-135140/config-bootstrap.json --intent-type OracleUpdate --symbol DOT/USD --price 421000000 --source DIA Oracle --out ./state/preview_rerun_20260511-135140/intents/dot-usd-batch.signed.json

[1G[0K[cli] Wrote JSON output to /home/manuelpadilla/sources/reposUbuntu/PROTOFIRE/DIA/dia-cardano-oracle/offchain/cli/state/preview_rerun_20260511-135140/intents/dot-usd-batch.signed.json
{
  "intent": {
    "intentType": "OracleUpdate",
    "version": "1.0",
    "chainId": "100640",
    "nonce": "1778510731000",
    "expiry": "1778514331",
    "symbol": "DOT/USD",
    "price": "421000000",
    "timestamp": "1778510731",
    "source": "DIA Oracle",
    "signature": "0xb7f9c994ee427caff5e8240e5bff8f31d0e88df8ad0589ac245e0ca58425e63f28cbdfe9bc842ec04188b412615a67cd2f542e60a0f14db2c5354f9867554da21b",
    "signer": "0x2b1c7eff297766569966b630a6862947a8e5285a"
  },
  "witness": {
    "signerPublicKey": "02d78ade9f8a9c064c8c588dba903df0cc0118596b9ec65f665dea1b448519f531",
    "signerAddress": "0x2b1c7eff297766569966b630a6862947a8e5285a",
    "intentHash": "0ebbf1f86df2b749f5a144dd8ddfe624b2f0b0d6d336c2327822d8adf0b683e7",
    "compactSignature": "b7f9c994ee427caff5e8240e5bff8f31d0e88df8ad0589ac245e0ca58425e63f28cbdfe9bc842ec04188b412615a67cd2f542e60a0f14db2c5354f9867554da2"
  }
}
[1G[0K⠙[1G[0K