
> @protofire/dia-cardano-oracle-cli@0.1.0 cli
> tsx src/index.ts preview:settle --protocol-state ./state/preview_rerun_20260511-135140/config-bootstrap.json --client-state ./state/preview_rerun_20260511-135140/clients/client-a.json

[1G[0K[preview:settle] Loading protocol state from /home/manuelpadilla/sources/reposUbuntu/PROTOFIRE/DIA/dia-cardano-oracle/offchain/cli/state/preview_rerun_20260511-135140/config-bootstrap.json
[preview:settle] Loading client state from /home/manuelpadilla/sources/reposUbuntu/PROTOFIRE/DIA/dia-cardano-oracle/offchain/cli/state/preview_rerun_20260511-135140/clients/client-a.json
[preview:settle] Connecting to Preview and selecting the configured wallet
[preview:settle] Settling 14400000 lovelace from receiver to payment hook
[preview:settle] Building Preview settle transaction
[preview:settle] Tx resources: fee=0.776002 ADA (776002 lovelace), cpu=591048084, mem=1845783
[preview:settle] Output[0] | addr=addr_test1wqfk...92mxpz | lovelace=50.600000 ADA (50600000) | assets=13605a0cbf39...545f41=1 | datum=inline(15B)
[preview:settle] Output[1] | addr=addr_test1wpah...vva7t2 | lovelace=19.400000 ADA (19400000) | assets=7b7c7ac1b2c7...4f4f4b=1 | datum=inline(100B)
[preview:settle] Output[2] | addr=addr_test1qpgp...quxj3j | lovelace=4441.980753 ADA (4441980753)
[preview:settle] Unsigned transaction ready: 3b634df3fbc01e47411e6ca7d3f7f5cfe2bd60adb4686e013858dea21b32abf8
[preview:settle] Submitted transaction hash: 3b634df3fbc01e47411e6ca7d3f7f5cfe2bd60adb4686e013858dea21b32abf8
[preview:settle] Confirmed by Blockfrost: settle transaction 3b634df3fbc01e47411e6ca7d3f7f5cfe2bd60adb4686e013858dea21b32abf8.
{
  "wallet": {
    "source": "seed",
    "address": "addr_test1qpgpsm75w7l9u6au7shqzsaulrtxz2gp6xw9zhun70es6tt4t3wsjavx26kmh586erf8xxhqc2y7urq5az32sjv56nyqquxj3j"
  },
  "settledReceivers": [
    {
      "clientId": "client-a",
      "receiverUnit": "13605a0cbf39ab67adcc40e7332d99a15c27d54ecdd0c89a05eca34f4449415f52454345495645525f434c49454e545f41",
      "drainedLovelace": "14400000"
    }
  ],
  "totalSettledLovelace": "14400000",
  "transactions": [
    {
      "step": "preview:settle",
      "submittedTxHash": "3b634df3fbc01e47411e6ca7d3f7f5cfe2bd60adb4686e013858dea21b32abf8",
      "confirmed": true
    }
  ]
}
[1G[0K⠙[1G[0K